[0.406s] Invoking command in '/home/triton-ai/moses_work/cam_path_planner/src/tritonai_roi_depth_info': CONDA_PROMPT_MODIFIER=(base) PYTHONPATH=/home/triton-ai/moses_work/cam_path_planner/build/tritonai_roi_depth_info/prefix_override:/home/triton-ai/moses_work/cam_path_planner/install/tritonai_roi_depth_info/lib/python3.10/site-packages:${PYTHONPATH} /usr/bin/python3 setup.py egg_info --egg-base ../../build/tritonai_roi_depth_info build --build-base /home/triton-ai/moses_work/cam_path_planner/build/tritonai_roi_depth_info/build install --record /home/triton-ai/moses_work/cam_path_planner/build/tritonai_roi_depth_info/install.log --single-version-externally-managed
[0.566s] running egg_info
[0.566s] writing ../../build/tritonai_roi_depth_info/tritonai_roi_depth_info.egg-info/PKG-INFO
[0.567s] writing dependency_links to ../../build/tritonai_roi_depth_info/tritonai_roi_depth_info.egg-info/dependency_links.txt
[0.567s] writing entry points to ../../build/tritonai_roi_depth_info/tritonai_roi_depth_info.egg-info/entry_points.txt
[0.567s] writing requirements to ../../build/tritonai_roi_depth_info/tritonai_roi_depth_info.egg-info/requires.txt
[0.567s] writing top-level names to ../../build/tritonai_roi_depth_info/tritonai_roi_depth_info.egg-info/top_level.txt
[0.568s] reading manifest file '../../build/tritonai_roi_depth_info/tritonai_roi_depth_info.egg-info/SOURCES.txt'
[0.569s] writing manifest file '../../build/tritonai_roi_depth_info/tritonai_roi_depth_info.egg-info/SOURCES.txt'
[0.569s] running build
[0.569s] running build_py
[0.569s] running install
[0.569s] /usr/lib/python3/dist-packages/setuptools/command/install.py:34: SetuptoolsDeprecationWarning: setup.py install is deprecated. Use build and pip and other standards-based tools.
[0.569s]   warnings.warn(
[0.569s] running install_lib
[0.570s] running install_data
[0.570s] running install_egg_info
[0.571s] removing '/home/triton-ai/moses_work/cam_path_planner/install/tritonai_roi_depth_info/lib/python3.10/site-packages/tritonai_roi_depth_info-0.0.0-py3.10.egg-info' (and everything under it)
[0.571s] Copying ../../build/tritonai_roi_depth_info/tritonai_roi_depth_info.egg-info to /home/triton-ai/moses_work/cam_path_planner/install/tritonai_roi_depth_info/lib/python3.10/site-packages/tritonai_roi_depth_info-0.0.0-py3.10.egg-info
[0.572s] running install_scripts
[0.584s] Installing listener script to /home/triton-ai/moses_work/cam_path_planner/install/tritonai_roi_depth_info/lib/tritonai_roi_depth_info
[0.584s] Installing path_listener script to /home/triton-ai/moses_work/cam_path_planner/install/tritonai_roi_depth_info/lib/tritonai_roi_depth_info
[0.584s] Installing talker script to /home/triton-ai/moses_work/cam_path_planner/install/tritonai_roi_depth_info/lib/tritonai_roi_depth_info
[0.584s] writing list of installed files to '/home/triton-ai/moses_work/cam_path_planner/build/tritonai_roi_depth_info/install.log'
[0.598s] Invoked command in '/home/triton-ai/moses_work/cam_path_planner/src/tritonai_roi_depth_info' returned '0': CONDA_PROMPT_MODIFIER=(base) PYTHONPATH=/home/triton-ai/moses_work/cam_path_planner/build/tritonai_roi_depth_info/prefix_override:/home/triton-ai/moses_work/cam_path_planner/install/tritonai_roi_depth_info/lib/python3.10/site-packages:${PYTHONPATH} /usr/bin/python3 setup.py egg_info --egg-base ../../build/tritonai_roi_depth_info build --build-base /home/triton-ai/moses_work/cam_path_planner/build/tritonai_roi_depth_info/build install --record /home/triton-ai/moses_work/cam_path_planner/build/tritonai_roi_depth_info/install.log --single-version-externally-managed
