[0.253s] DEBUG:colcon:Command line arguments: ['/usr/bin/colcon', 'build']
[0.253s] DEBUG:colcon:Parsed command line arguments: Namespace(log_base=None, log_level=None, verb_name='build', build_base='build', install_base='install', merge_install=False, symlink_install=False, test_result_base=None, continue_on_error=False, executor='parallel', parallel_workers=12, event_handlers=None, ignore_user_meta=False, metas=['./colcon.meta'], base_paths=['.'], packages_ignore=None, packages_ignore_regex=None, paths=None, packages_up_to=None, packages_up_to_regex=None, packages_above=None, packages_above_and_dependencies=None, packages_above_depth=None, packages_select_by_dep=None, packages_skip_by_dep=None, packages_skip_up_to=None, packages_select_build_failed=False, packages_skip_build_finished=False, packages_select_test_failures=False, packages_skip_test_passed=False, packages_select=None, packages_skip=None, packages_select_regex=None, packages_skip_regex=None, packages_start=None, packages_end=None, allow_overriding=[], cmake_args=None, cmake_target=None, cmake_target_skip_unavailable=False, cmake_clean_cache=False, cmake_clean_first=False, cmake_force_configure=False, ament_cmake_args=None, catkin_cmake_args=None, catkin_skip_building_tests=False, mixin_files=None, mixin=None, verb_parser=<colcon_mixin.mixin.mixin_argument.MixinArgumentDecorator object at 0x7f0211342d70>, verb_extension=<colcon_core.verb.build.BuildVerb object at 0x7f021202ada0>, main=<bound method BuildVerb.main of <colcon_core.verb.build.BuildVerb object at 0x7f021202ada0>>, mixin_verb=('build',))
[0.269s] Level 1:colcon.colcon_core.package_discovery:discover_packages(colcon_meta) check parameters
[0.269s] Level 1:colcon.colcon_core.package_discovery:discover_packages(recursive) check parameters
[0.269s] Level 1:colcon.colcon_core.package_discovery:discover_packages(ignore) check parameters
[0.269s] Level 1:colcon.colcon_core.package_discovery:discover_packages(path) check parameters
[0.269s] Level 1:colcon.colcon_core.package_discovery:discover_packages(colcon_meta) discover
[0.269s] Level 1:colcon.colcon_core.package_discovery:discover_packages(recursive) discover
[0.269s] INFO:colcon.colcon_core.package_discovery:Crawling recursively for packages in '/home/triton-ai/moses_work/ros2_stuff'
[0.269s] Level 1:colcon.colcon_core.package_identification:_identify(.) by extensions ['ignore', 'ignore_ament_install']
[0.269s] Level 1:colcon.colcon_core.package_identification:_identify(.) by extension 'ignore'
[0.269s] Level 1:colcon.colcon_core.package_identification:_identify(.) by extension 'ignore_ament_install'
[0.269s] Level 1:colcon.colcon_core.package_identification:_identify(.) by extensions ['colcon_pkg']
[0.269s] Level 1:colcon.colcon_core.package_identification:_identify(.) by extension 'colcon_pkg'
[0.269s] Level 1:colcon.colcon_core.package_identification:_identify(.) by extensions ['colcon_meta']
[0.269s] Level 1:colcon.colcon_core.package_identification:_identify(.) by extension 'colcon_meta'
[0.269s] Level 1:colcon.colcon_core.package_identification:_identify(.) by extensions ['ros']
[0.269s] Level 1:colcon.colcon_core.package_identification:_identify(.) by extension 'ros'
[0.276s] Level 1:colcon.colcon_core.package_identification:_identify(.) by extensions ['cmake', 'python']
[0.276s] Level 1:colcon.colcon_core.package_identification:_identify(.) by extension 'cmake'
[0.276s] Level 1:colcon.colcon_core.package_identification:_identify(.) by extension 'python'
[0.276s] Level 1:colcon.colcon_core.package_identification:_identify(.) by extensions ['python_setup_py']
[0.276s] Level 1:colcon.colcon_core.package_identification:_identify(.) by extension 'python_setup_py'
[0.277s] Level 1:colcon.colcon_core.package_identification:_identify(build) by extensions ['ignore', 'ignore_ament_install']
[0.277s] Level 1:colcon.colcon_core.package_identification:_identify(build) by extension 'ignore'
[0.277s] Level 1:colcon.colcon_core.package_identification:_identify(build) ignored
[0.277s] Level 1:colcon.colcon_core.package_identification:_identify(install) by extensions ['ignore', 'ignore_ament_install']
[0.277s] Level 1:colcon.colcon_core.package_identification:_identify(install) by extension 'ignore'
[0.277s] Level 1:colcon.colcon_core.package_identification:_identify(install) ignored
[0.277s] Level 1:colcon.colcon_core.package_identification:_identify(log) by extensions ['ignore', 'ignore_ament_install']
[0.277s] Level 1:colcon.colcon_core.package_identification:_identify(log) by extension 'ignore'
[0.277s] Level 1:colcon.colcon_core.package_identification:_identify(log) ignored
[0.277s] Level 1:colcon.colcon_core.package_identification:_identify(src) by extensions ['ignore', 'ignore_ament_install']
[0.277s] Level 1:colcon.colcon_core.package_identification:_identify(src) by extension 'ignore'
[0.277s] Level 1:colcon.colcon_core.package_identification:_identify(src) by extension 'ignore_ament_install'
[0.277s] Level 1:colcon.colcon_core.package_identification:_identify(src) by extensions ['colcon_pkg']
[0.277s] Level 1:colcon.colcon_core.package_identification:_identify(src) by extension 'colcon_pkg'
[0.277s] Level 1:colcon.colcon_core.package_identification:_identify(src) by extensions ['colcon_meta']
[0.277s] Level 1:colcon.colcon_core.package_identification:_identify(src) by extension 'colcon_meta'
[0.277s] Level 1:colcon.colcon_core.package_identification:_identify(src) by extensions ['ros']
[0.277s] Level 1:colcon.colcon_core.package_identification:_identify(src) by extension 'ros'
[0.277s] Level 1:colcon.colcon_core.package_identification:_identify(src) by extensions ['cmake', 'python']
[0.277s] Level 1:colcon.colcon_core.package_identification:_identify(src) by extension 'cmake'
[0.277s] Level 1:colcon.colcon_core.package_identification:_identify(src) by extension 'python'
[0.277s] Level 1:colcon.colcon_core.package_identification:_identify(src) by extensions ['python_setup_py']
[0.277s] Level 1:colcon.colcon_core.package_identification:_identify(src) by extension 'python_setup_py'
[0.277s] Level 1:colcon.colcon_core.package_identification:_identify(src/tritonai_roi_depth_info) by extensions ['ignore', 'ignore_ament_install']
[0.277s] Level 1:colcon.colcon_core.package_identification:_identify(src/tritonai_roi_depth_info) by extension 'ignore'
[0.277s] Level 1:colcon.colcon_core.package_identification:_identify(src/tritonai_roi_depth_info) by extension 'ignore_ament_install'
[0.278s] Level 1:colcon.colcon_core.package_identification:_identify(src/tritonai_roi_depth_info) by extensions ['colcon_pkg']
[0.278s] Level 1:colcon.colcon_core.package_identification:_identify(src/tritonai_roi_depth_info) by extension 'colcon_pkg'
[0.278s] Level 1:colcon.colcon_core.package_identification:_identify(src/tritonai_roi_depth_info) by extensions ['colcon_meta']
[0.278s] Level 1:colcon.colcon_core.package_identification:_identify(src/tritonai_roi_depth_info) by extension 'colcon_meta'
[0.278s] Level 1:colcon.colcon_core.package_identification:_identify(src/tritonai_roi_depth_info) by extensions ['ros']
[0.278s] Level 1:colcon.colcon_core.package_identification:_identify(src/tritonai_roi_depth_info) by extension 'ros'
[0.280s] DEBUG:colcon.colcon_core.package_identification:Package 'src/tritonai_roi_depth_info' with type 'ros.ament_python' and name 'tritonai_roi_depth_info'
[0.280s] Level 1:colcon.colcon_core.package_identification:_identify(tritonai_roi_interface) by extensions ['ignore', 'ignore_ament_install']
[0.280s] Level 1:colcon.colcon_core.package_identification:_identify(tritonai_roi_interface) by extension 'ignore'
[0.280s] Level 1:colcon.colcon_core.package_identification:_identify(tritonai_roi_interface) by extension 'ignore_ament_install'
[0.280s] Level 1:colcon.colcon_core.package_identification:_identify(tritonai_roi_interface) by extensions ['colcon_pkg']
[0.280s] Level 1:colcon.colcon_core.package_identification:_identify(tritonai_roi_interface) by extension 'colcon_pkg'
[0.280s] Level 1:colcon.colcon_core.package_identification:_identify(tritonai_roi_interface) by extensions ['colcon_meta']
[0.280s] Level 1:colcon.colcon_core.package_identification:_identify(tritonai_roi_interface) by extension 'colcon_meta'
[0.280s] Level 1:colcon.colcon_core.package_identification:_identify(tritonai_roi_interface) by extensions ['ros']
[0.280s] Level 1:colcon.colcon_core.package_identification:_identify(tritonai_roi_interface) by extension 'ros'
[0.280s] DEBUG:colcon.colcon_core.package_identification:Package 'tritonai_roi_interface' with type 'ros.ament_cmake' and name 'tritonai_roi_interface'
[0.280s] Level 1:colcon.colcon_core.package_discovery:discover_packages(recursive) using defaults
[0.280s] Level 1:colcon.colcon_core.package_discovery:discover_packages(ignore) discover
[0.281s] Level 1:colcon.colcon_core.package_discovery:discover_packages(ignore) using defaults
[0.281s] Level 1:colcon.colcon_core.package_discovery:discover_packages(path) discover
[0.281s] Level 1:colcon.colcon_core.package_discovery:discover_packages(path) using defaults
[0.295s] Level 1:colcon.colcon_core.package_discovery:discover_packages(prefix_path) check parameters
[0.295s] Level 1:colcon.colcon_core.package_discovery:discover_packages(prefix_path) discover
[0.297s] DEBUG:colcon.colcon_installed_package_information.package_discovery:Found 2 installed packages in /home/triton-ai/moses_work/ros2_stuff/install
[0.298s] DEBUG:colcon.colcon_installed_package_information.package_discovery:Found 407 installed packages in /opt/ros/humble
[0.300s] Level 1:colcon.colcon_core.package_discovery:discover_packages(prefix_path) using defaults
[0.346s] Level 5:colcon.colcon_core.verb:set package 'tritonai_roi_interface' build argument 'cmake_args' from command line to 'None'
[0.346s] Level 5:colcon.colcon_core.verb:set package 'tritonai_roi_interface' build argument 'cmake_target' from command line to 'None'
[0.346s] Level 5:colcon.colcon_core.verb:set package 'tritonai_roi_interface' build argument 'cmake_target_skip_unavailable' from command line to 'False'
[0.346s] Level 5:colcon.colcon_core.verb:set package 'tritonai_roi_interface' build argument 'cmake_clean_cache' from command line to 'False'
[0.346s] Level 5:colcon.colcon_core.verb:set package 'tritonai_roi_interface' build argument 'cmake_clean_first' from command line to 'False'
[0.346s] Level 5:colcon.colcon_core.verb:set package 'tritonai_roi_interface' build argument 'cmake_force_configure' from command line to 'False'
[0.346s] Level 5:colcon.colcon_core.verb:set package 'tritonai_roi_interface' build argument 'ament_cmake_args' from command line to 'None'
[0.346s] Level 5:colcon.colcon_core.verb:set package 'tritonai_roi_interface' build argument 'catkin_cmake_args' from command line to 'None'
[0.346s] Level 5:colcon.colcon_core.verb:set package 'tritonai_roi_interface' build argument 'catkin_skip_building_tests' from command line to 'False'
[0.346s] DEBUG:colcon.colcon_core.verb:Building package 'tritonai_roi_interface' with the following arguments: {'ament_cmake_args': None, 'build_base': '/home/triton-ai/moses_work/ros2_stuff/build/tritonai_roi_interface', 'catkin_cmake_args': None, 'catkin_skip_building_tests': False, 'cmake_args': None, 'cmake_clean_cache': False, 'cmake_clean_first': False, 'cmake_force_configure': False, 'cmake_target': None, 'cmake_target_skip_unavailable': False, 'install_base': '/home/triton-ai/moses_work/ros2_stuff/install/tritonai_roi_interface', 'merge_install': False, 'path': '/home/triton-ai/moses_work/ros2_stuff/tritonai_roi_interface', 'symlink_install': False, 'test_result_base': None}
[0.346s] Level 5:colcon.colcon_core.verb:set package 'tritonai_roi_depth_info' build argument 'cmake_args' from command line to 'None'
[0.346s] Level 5:colcon.colcon_core.verb:set package 'tritonai_roi_depth_info' build argument 'cmake_target' from command line to 'None'
[0.346s] Level 5:colcon.colcon_core.verb:set package 'tritonai_roi_depth_info' build argument 'cmake_target_skip_unavailable' from command line to 'False'
[0.346s] Level 5:colcon.colcon_core.verb:set package 'tritonai_roi_depth_info' build argument 'cmake_clean_cache' from command line to 'False'
[0.346s] Level 5:colcon.colcon_core.verb:set package 'tritonai_roi_depth_info' build argument 'cmake_clean_first' from command line to 'False'
[0.346s] Level 5:colcon.colcon_core.verb:set package 'tritonai_roi_depth_info' build argument 'cmake_force_configure' from command line to 'False'
[0.346s] Level 5:colcon.colcon_core.verb:set package 'tritonai_roi_depth_info' build argument 'ament_cmake_args' from command line to 'None'
[0.346s] Level 5:colcon.colcon_core.verb:set package 'tritonai_roi_depth_info' build argument 'catkin_cmake_args' from command line to 'None'
[0.347s] Level 5:colcon.colcon_core.verb:set package 'tritonai_roi_depth_info' build argument 'catkin_skip_building_tests' from command line to 'False'
[0.347s] DEBUG:colcon.colcon_core.verb:Building package 'tritonai_roi_depth_info' with the following arguments: {'ament_cmake_args': None, 'build_base': '/home/triton-ai/moses_work/ros2_stuff/build/tritonai_roi_depth_info', 'catkin_cmake_args': None, 'catkin_skip_building_tests': False, 'cmake_args': None, 'cmake_clean_cache': False, 'cmake_clean_first': False, 'cmake_force_configure': False, 'cmake_target': None, 'cmake_target_skip_unavailable': False, 'install_base': '/home/triton-ai/moses_work/ros2_stuff/install/tritonai_roi_depth_info', 'merge_install': False, 'path': '/home/triton-ai/moses_work/ros2_stuff/src/tritonai_roi_depth_info', 'symlink_install': False, 'test_result_base': None}
[0.347s] INFO:colcon.colcon_core.executor:Executing jobs using 'parallel' executor
[0.349s] DEBUG:colcon.colcon_parallel_executor.executor.parallel:run_until_complete
[0.349s] INFO:colcon.colcon_ros.task.ament_cmake.build:Building ROS package in '/home/triton-ai/moses_work/ros2_stuff/tritonai_roi_interface' with build type 'ament_cmake'
[0.349s] INFO:colcon.colcon_cmake.task.cmake.build:Building CMake package in '/home/triton-ai/moses_work/ros2_stuff/tritonai_roi_interface'
[0.352s] INFO:colcon.colcon_core.plugin_system:Skipping extension 'colcon_core.shell.bat': Not used on non-Windows systems
[0.352s] INFO:colcon.colcon_core.shell:Skip shell extension 'powershell' for command environment: Not usable outside of PowerShell
[0.352s] DEBUG:colcon.colcon_core.shell:Skip shell extension 'dsv' for command environment
[0.359s] DEBUG:colcon.colcon_core.event_handler.log_command:Invoking command in '/home/triton-ai/moses_work/ros2_stuff/build/tritonai_roi_interface': CMAKE_PREFIX_PATH=${CMAKE_PREFIX_PATH}:/home/triton-ai/moses_work/ros2_stuff/install/tritonai_roi_depth_info:/opt/ros/humble CONDA_PROMPT_MODIFIER=(base) /home/triton-ai/miniconda3/bin/cmake --build /home/triton-ai/moses_work/ros2_stuff/build/tritonai_roi_interface -- -j12 -l12
[0.666s] DEBUG:colcon.colcon_core.event_handler.log_command:Invoked command in '/home/triton-ai/moses_work/ros2_stuff/build/tritonai_roi_interface' returned '0': CMAKE_PREFIX_PATH=${CMAKE_PREFIX_PATH}:/home/triton-ai/moses_work/ros2_stuff/install/tritonai_roi_depth_info:/opt/ros/humble CONDA_PROMPT_MODIFIER=(base) /home/triton-ai/miniconda3/bin/cmake --build /home/triton-ai/moses_work/ros2_stuff/build/tritonai_roi_interface -- -j12 -l12
[0.733s] DEBUG:colcon.colcon_core.event_handler.log_command:Invoking command in '/home/triton-ai/moses_work/ros2_stuff/build/tritonai_roi_interface': CMAKE_PREFIX_PATH=${CMAKE_PREFIX_PATH}:/home/triton-ai/moses_work/ros2_stuff/install/tritonai_roi_depth_info:/opt/ros/humble CONDA_PROMPT_MODIFIER=(base) /home/triton-ai/miniconda3/bin/cmake --install /home/triton-ai/moses_work/ros2_stuff/build/tritonai_roi_interface
[0.779s] Level 1:colcon.colcon_core.environment:create_environment_scripts_only(tritonai_roi_interface)
[0.779s] DEBUG:colcon.colcon_core.event_handler.log_command:Invoked command in '/home/triton-ai/moses_work/ros2_stuff/build/tritonai_roi_interface' returned '0': CMAKE_PREFIX_PATH=${CMAKE_PREFIX_PATH}:/home/triton-ai/moses_work/ros2_stuff/install/tritonai_roi_depth_info:/opt/ros/humble CONDA_PROMPT_MODIFIER=(base) /home/triton-ai/miniconda3/bin/cmake --install /home/triton-ai/moses_work/ros2_stuff/build/tritonai_roi_interface
[0.782s] Level 1:colcon.colcon_core.environment:checking '/home/triton-ai/moses_work/ros2_stuff/install/tritonai_roi_interface' for CMake module files
[0.783s] Level 1:colcon.colcon_core.environment:checking '/home/triton-ai/moses_work/ros2_stuff/install/tritonai_roi_interface' for CMake config files
[0.783s] Level 1:colcon.colcon_core.shell:create_environment_hook('tritonai_roi_interface', 'cmake_prefix_path')
[0.784s] INFO:colcon.colcon_core.shell:Creating environment hook '/home/triton-ai/moses_work/ros2_stuff/install/tritonai_roi_interface/share/tritonai_roi_interface/hook/cmake_prefix_path.ps1'
[0.784s] INFO:colcon.colcon_core.shell:Creating environment descriptor '/home/triton-ai/moses_work/ros2_stuff/install/tritonai_roi_interface/share/tritonai_roi_interface/hook/cmake_prefix_path.dsv'
[0.784s] INFO:colcon.colcon_core.shell:Creating environment hook '/home/triton-ai/moses_work/ros2_stuff/install/tritonai_roi_interface/share/tritonai_roi_interface/hook/cmake_prefix_path.sh'
[0.785s] Level 1:colcon.colcon_core.environment:checking '/home/triton-ai/moses_work/ros2_stuff/install/tritonai_roi_interface/lib'
[0.785s] Level 1:colcon.colcon_core.shell:create_environment_hook('tritonai_roi_interface', 'ld_library_path_lib')
[0.786s] INFO:colcon.colcon_core.shell:Creating environment hook '/home/triton-ai/moses_work/ros2_stuff/install/tritonai_roi_interface/share/tritonai_roi_interface/hook/ld_library_path_lib.ps1'
[0.786s] INFO:colcon.colcon_core.shell:Creating environment descriptor '/home/triton-ai/moses_work/ros2_stuff/install/tritonai_roi_interface/share/tritonai_roi_interface/hook/ld_library_path_lib.dsv'
[0.786s] INFO:colcon.colcon_core.shell:Creating environment hook '/home/triton-ai/moses_work/ros2_stuff/install/tritonai_roi_interface/share/tritonai_roi_interface/hook/ld_library_path_lib.sh'
[0.786s] Level 1:colcon.colcon_core.environment:checking '/home/triton-ai/moses_work/ros2_stuff/install/tritonai_roi_interface/bin'
[0.786s] Level 1:colcon.colcon_core.environment:checking '/home/triton-ai/moses_work/ros2_stuff/install/tritonai_roi_interface/lib/pkgconfig/tritonai_roi_interface.pc'
[0.786s] Level 1:colcon.colcon_core.environment:checking '/home/triton-ai/moses_work/ros2_stuff/install/tritonai_roi_interface/lib/python3.10/site-packages'
[0.786s] Level 1:colcon.colcon_core.shell:create_environment_hook('tritonai_roi_interface', 'pythonpath')
[0.787s] INFO:colcon.colcon_core.shell:Creating environment hook '/home/triton-ai/moses_work/ros2_stuff/install/tritonai_roi_interface/share/tritonai_roi_interface/hook/pythonpath.ps1'
[0.787s] INFO:colcon.colcon_core.shell:Creating environment descriptor '/home/triton-ai/moses_work/ros2_stuff/install/tritonai_roi_interface/share/tritonai_roi_interface/hook/pythonpath.dsv'
[0.787s] INFO:colcon.colcon_core.shell:Creating environment hook '/home/triton-ai/moses_work/ros2_stuff/install/tritonai_roi_interface/share/tritonai_roi_interface/hook/pythonpath.sh'
[0.788s] Level 1:colcon.colcon_core.environment:checking '/home/triton-ai/moses_work/ros2_stuff/install/tritonai_roi_interface/bin'
[0.789s] INFO:colcon.colcon_core.shell:Creating package script '/home/triton-ai/moses_work/ros2_stuff/install/tritonai_roi_interface/share/tritonai_roi_interface/package.ps1'
[0.789s] INFO:colcon.colcon_core.shell:Creating package descriptor '/home/triton-ai/moses_work/ros2_stuff/install/tritonai_roi_interface/share/tritonai_roi_interface/package.dsv'
[0.789s] INFO:colcon.colcon_core.shell:Creating package script '/home/triton-ai/moses_work/ros2_stuff/install/tritonai_roi_interface/share/tritonai_roi_interface/package.sh'
[0.790s] INFO:colcon.colcon_core.shell:Creating package script '/home/triton-ai/moses_work/ros2_stuff/install/tritonai_roi_interface/share/tritonai_roi_interface/package.bash'
[0.790s] INFO:colcon.colcon_core.shell:Creating package script '/home/triton-ai/moses_work/ros2_stuff/install/tritonai_roi_interface/share/tritonai_roi_interface/package.zsh'
[0.790s] Level 1:colcon.colcon_core.environment:create_file_with_runtime_dependencies(/home/triton-ai/moses_work/ros2_stuff/install/tritonai_roi_interface/share/colcon-core/packages/tritonai_roi_interface)
[0.838s] Level 1:colcon.colcon_core.environment:create_environment_scripts_only(tritonai_roi_interface)
[0.840s] Level 1:colcon.colcon_core.environment:checking '/home/triton-ai/moses_work/ros2_stuff/install/tritonai_roi_interface' for CMake module files
[0.840s] Level 1:colcon.colcon_core.environment:checking '/home/triton-ai/moses_work/ros2_stuff/install/tritonai_roi_interface' for CMake config files
[0.840s] Level 1:colcon.colcon_core.shell:create_environment_hook('tritonai_roi_interface', 'cmake_prefix_path')
[0.841s] INFO:colcon.colcon_core.shell:Creating environment hook '/home/triton-ai/moses_work/ros2_stuff/install/tritonai_roi_interface/share/tritonai_roi_interface/hook/cmake_prefix_path.ps1'
[0.841s] INFO:colcon.colcon_core.shell:Creating environment descriptor '/home/triton-ai/moses_work/ros2_stuff/install/tritonai_roi_interface/share/tritonai_roi_interface/hook/cmake_prefix_path.dsv'
[0.841s] INFO:colcon.colcon_core.shell:Creating environment hook '/home/triton-ai/moses_work/ros2_stuff/install/tritonai_roi_interface/share/tritonai_roi_interface/hook/cmake_prefix_path.sh'
[0.842s] Level 1:colcon.colcon_core.environment:checking '/home/triton-ai/moses_work/ros2_stuff/install/tritonai_roi_interface/lib'
[0.842s] Level 1:colcon.colcon_core.shell:create_environment_hook('tritonai_roi_interface', 'ld_library_path_lib')
[0.842s] INFO:colcon.colcon_core.shell:Creating environment hook '/home/triton-ai/moses_work/ros2_stuff/install/tritonai_roi_interface/share/tritonai_roi_interface/hook/ld_library_path_lib.ps1'
[0.843s] INFO:colcon.colcon_core.shell:Creating environment descriptor '/home/triton-ai/moses_work/ros2_stuff/install/tritonai_roi_interface/share/tritonai_roi_interface/hook/ld_library_path_lib.dsv'
[0.843s] INFO:colcon.colcon_core.shell:Creating environment hook '/home/triton-ai/moses_work/ros2_stuff/install/tritonai_roi_interface/share/tritonai_roi_interface/hook/ld_library_path_lib.sh'
[0.843s] Level 1:colcon.colcon_core.environment:checking '/home/triton-ai/moses_work/ros2_stuff/install/tritonai_roi_interface/bin'
[0.843s] Level 1:colcon.colcon_core.environment:checking '/home/triton-ai/moses_work/ros2_stuff/install/tritonai_roi_interface/lib/pkgconfig/tritonai_roi_interface.pc'
[0.843s] Level 1:colcon.colcon_core.environment:checking '/home/triton-ai/moses_work/ros2_stuff/install/tritonai_roi_interface/lib/python3.10/site-packages'
[0.843s] Level 1:colcon.colcon_core.shell:create_environment_hook('tritonai_roi_interface', 'pythonpath')
[0.844s] INFO:colcon.colcon_core.shell:Creating environment hook '/home/triton-ai/moses_work/ros2_stuff/install/tritonai_roi_interface/share/tritonai_roi_interface/hook/pythonpath.ps1'
[0.844s] INFO:colcon.colcon_core.shell:Creating environment descriptor '/home/triton-ai/moses_work/ros2_stuff/install/tritonai_roi_interface/share/tritonai_roi_interface/hook/pythonpath.dsv'
[0.844s] INFO:colcon.colcon_core.shell:Creating environment hook '/home/triton-ai/moses_work/ros2_stuff/install/tritonai_roi_interface/share/tritonai_roi_interface/hook/pythonpath.sh'
[0.844s] Level 1:colcon.colcon_core.environment:checking '/home/triton-ai/moses_work/ros2_stuff/install/tritonai_roi_interface/bin'
[0.845s] INFO:colcon.colcon_core.shell:Creating package script '/home/triton-ai/moses_work/ros2_stuff/install/tritonai_roi_interface/share/tritonai_roi_interface/package.ps1'
[0.846s] INFO:colcon.colcon_core.shell:Creating package descriptor '/home/triton-ai/moses_work/ros2_stuff/install/tritonai_roi_interface/share/tritonai_roi_interface/package.dsv'
[0.846s] INFO:colcon.colcon_core.shell:Creating package script '/home/triton-ai/moses_work/ros2_stuff/install/tritonai_roi_interface/share/tritonai_roi_interface/package.sh'
[0.846s] INFO:colcon.colcon_core.shell:Creating package script '/home/triton-ai/moses_work/ros2_stuff/install/tritonai_roi_interface/share/tritonai_roi_interface/package.bash'
[0.846s] INFO:colcon.colcon_core.shell:Creating package script '/home/triton-ai/moses_work/ros2_stuff/install/tritonai_roi_interface/share/tritonai_roi_interface/package.zsh'
[0.847s] Level 1:colcon.colcon_core.environment:create_file_with_runtime_dependencies(/home/triton-ai/moses_work/ros2_stuff/install/tritonai_roi_interface/share/colcon-core/packages/tritonai_roi_interface)
[0.847s] INFO:colcon.colcon_ros.task.ament_python.build:Building ROS package in '/home/triton-ai/moses_work/ros2_stuff/src/tritonai_roi_depth_info' with build type 'ament_python'
[0.847s] Level 1:colcon.colcon_core.shell:create_environment_hook('tritonai_roi_depth_info', 'ament_prefix_path')
[0.848s] INFO:colcon.colcon_core.shell:Creating environment hook '/home/triton-ai/moses_work/ros2_stuff/install/tritonai_roi_depth_info/share/tritonai_roi_depth_info/hook/ament_prefix_path.ps1'
[0.848s] INFO:colcon.colcon_core.shell:Creating environment descriptor '/home/triton-ai/moses_work/ros2_stuff/install/tritonai_roi_depth_info/share/tritonai_roi_depth_info/hook/ament_prefix_path.dsv'
[0.848s] INFO:colcon.colcon_core.shell:Creating environment hook '/home/triton-ai/moses_work/ros2_stuff/install/tritonai_roi_depth_info/share/tritonai_roi_depth_info/hook/ament_prefix_path.sh'
[0.849s] INFO:colcon.colcon_core.shell:Skip shell extension 'powershell' for command environment: Not usable outside of PowerShell
[0.849s] DEBUG:colcon.colcon_core.shell:Skip shell extension 'dsv' for command environment
[1.034s] INFO:colcon.colcon_core.task.python.build:Building Python package in '/home/triton-ai/moses_work/ros2_stuff/src/tritonai_roi_depth_info'
[1.035s] INFO:colcon.colcon_core.shell:Skip shell extension 'powershell' for command environment: Not usable outside of PowerShell
[1.035s] DEBUG:colcon.colcon_core.shell:Skip shell extension 'dsv' for command environment
[1.280s] DEBUG:colcon.colcon_core.event_handler.log_command:Invoking command in '/home/triton-ai/moses_work/ros2_stuff/src/tritonai_roi_depth_info': CONDA_PROMPT_MODIFIER=(base) PYTHONPATH=/home/triton-ai/moses_work/ros2_stuff/build/tritonai_roi_depth_info/prefix_override:/home/triton-ai/moses_work/ros2_stuff/install/tritonai_roi_depth_info/lib/python3.10/site-packages:/home/triton-ai/moses_work/ros2_stuff/install/tritonai_roi_interface/lib/python3.10/site-packages:/home/triton-ai/moses_work/ros2_stuff/install/tritonai_roi_depth_info/lib/python3.10/site-packages:/opt/ros/humble/lib/python3.10/site-packages:/opt/ros/humble/local/lib/python3.10/dist-packages /usr/bin/python3 setup.py egg_info --egg-base ../../build/tritonai_roi_depth_info build --build-base /home/triton-ai/moses_work/ros2_stuff/build/tritonai_roi_depth_info/build install --record /home/triton-ai/moses_work/ros2_stuff/build/tritonai_roi_depth_info/install.log --single-version-externally-managed
[1.479s] Level 1:colcon.colcon_core.environment:checking '/home/triton-ai/moses_work/ros2_stuff/install/tritonai_roi_depth_info' for CMake module files
[1.480s] DEBUG:colcon.colcon_core.event_handler.log_command:Invoked command in '/home/triton-ai/moses_work/ros2_stuff/src/tritonai_roi_depth_info' returned '0': CONDA_PROMPT_MODIFIER=(base) PYTHONPATH=/home/triton-ai/moses_work/ros2_stuff/build/tritonai_roi_depth_info/prefix_override:/home/triton-ai/moses_work/ros2_stuff/install/tritonai_roi_depth_info/lib/python3.10/site-packages:/home/triton-ai/moses_work/ros2_stuff/install/tritonai_roi_interface/lib/python3.10/site-packages:/home/triton-ai/moses_work/ros2_stuff/install/tritonai_roi_depth_info/lib/python3.10/site-packages:/opt/ros/humble/lib/python3.10/site-packages:/opt/ros/humble/local/lib/python3.10/dist-packages /usr/bin/python3 setup.py egg_info --egg-base ../../build/tritonai_roi_depth_info build --build-base /home/triton-ai/moses_work/ros2_stuff/build/tritonai_roi_depth_info/build install --record /home/triton-ai/moses_work/ros2_stuff/build/tritonai_roi_depth_info/install.log --single-version-externally-managed
[1.480s] Level 1:colcon.colcon_core.environment:checking '/home/triton-ai/moses_work/ros2_stuff/install/tritonai_roi_depth_info' for CMake config files
[1.480s] Level 1:colcon.colcon_core.environment:checking '/home/triton-ai/moses_work/ros2_stuff/install/tritonai_roi_depth_info/lib'
[1.480s] Level 1:colcon.colcon_core.environment:checking '/home/triton-ai/moses_work/ros2_stuff/install/tritonai_roi_depth_info/bin'
[1.480s] Level 1:colcon.colcon_core.environment:checking '/home/triton-ai/moses_work/ros2_stuff/install/tritonai_roi_depth_info/lib/pkgconfig/tritonai_roi_depth_info.pc'
[1.481s] Level 1:colcon.colcon_core.environment:checking '/home/triton-ai/moses_work/ros2_stuff/install/tritonai_roi_depth_info/lib/python3.10/site-packages'
[1.481s] Level 1:colcon.colcon_core.shell:create_environment_hook('tritonai_roi_depth_info', 'pythonpath')
[1.481s] INFO:colcon.colcon_core.shell:Creating environment hook '/home/triton-ai/moses_work/ros2_stuff/install/tritonai_roi_depth_info/share/tritonai_roi_depth_info/hook/pythonpath.ps1'
[1.482s] INFO:colcon.colcon_core.shell:Creating environment descriptor '/home/triton-ai/moses_work/ros2_stuff/install/tritonai_roi_depth_info/share/tritonai_roi_depth_info/hook/pythonpath.dsv'
[1.482s] INFO:colcon.colcon_core.shell:Creating environment hook '/home/triton-ai/moses_work/ros2_stuff/install/tritonai_roi_depth_info/share/tritonai_roi_depth_info/hook/pythonpath.sh'
[1.482s] Level 1:colcon.colcon_core.environment:checking '/home/triton-ai/moses_work/ros2_stuff/install/tritonai_roi_depth_info/bin'
[1.482s] Level 1:colcon.colcon_core.environment:create_environment_scripts_only(tritonai_roi_depth_info)
[1.483s] INFO:colcon.colcon_core.shell:Creating package script '/home/triton-ai/moses_work/ros2_stuff/install/tritonai_roi_depth_info/share/tritonai_roi_depth_info/package.ps1'
[1.483s] INFO:colcon.colcon_core.shell:Creating package descriptor '/home/triton-ai/moses_work/ros2_stuff/install/tritonai_roi_depth_info/share/tritonai_roi_depth_info/package.dsv'
[1.483s] INFO:colcon.colcon_core.shell:Creating package script '/home/triton-ai/moses_work/ros2_stuff/install/tritonai_roi_depth_info/share/tritonai_roi_depth_info/package.sh'
[1.484s] INFO:colcon.colcon_core.shell:Creating package script '/home/triton-ai/moses_work/ros2_stuff/install/tritonai_roi_depth_info/share/tritonai_roi_depth_info/package.bash'
[1.484s] INFO:colcon.colcon_core.shell:Creating package script '/home/triton-ai/moses_work/ros2_stuff/install/tritonai_roi_depth_info/share/tritonai_roi_depth_info/package.zsh'
[1.484s] Level 1:colcon.colcon_core.environment:create_file_with_runtime_dependencies(/home/triton-ai/moses_work/ros2_stuff/install/tritonai_roi_depth_info/share/colcon-core/packages/tritonai_roi_depth_info)
[1.484s] DEBUG:colcon.colcon_parallel_executor.executor.parallel:closing loop
[1.484s] DEBUG:colcon.colcon_parallel_executor.executor.parallel:loop closed
[1.484s] DEBUG:colcon.colcon_parallel_executor.executor.parallel:run_until_complete finished with '0'
[1.484s] DEBUG:colcon.colcon_core.event_reactor:joining thread
[1.488s] INFO:colcon.colcon_core.plugin_system:Skipping extension 'colcon_notification.desktop_notification.terminal_notifier': Not used on non-Darwin systems
[1.488s] INFO:colcon.colcon_core.plugin_system:Skipping extension 'colcon_notification.desktop_notification.win32': Not used on non-Windows systems
[1.488s] INFO:colcon.colcon_notification.desktop_notification:Sending desktop notification using 'notify2'
[1.494s] DEBUG:colcon.colcon_core.event_reactor:joined thread
[1.495s] INFO:colcon.colcon_core.shell:Creating prefix script '/home/triton-ai/moses_work/ros2_stuff/install/local_setup.ps1'
[1.496s] INFO:colcon.colcon_core.shell:Creating prefix util module '/home/triton-ai/moses_work/ros2_stuff/install/_local_setup_util_ps1.py'
[1.497s] INFO:colcon.colcon_core.shell:Creating prefix chain script '/home/triton-ai/moses_work/ros2_stuff/install/setup.ps1'
[1.498s] INFO:colcon.colcon_core.shell:Creating prefix script '/home/triton-ai/moses_work/ros2_stuff/install/local_setup.sh'
[1.498s] INFO:colcon.colcon_core.shell:Creating prefix util module '/home/triton-ai/moses_work/ros2_stuff/install/_local_setup_util_sh.py'
[1.498s] INFO:colcon.colcon_core.shell:Creating prefix chain script '/home/triton-ai/moses_work/ros2_stuff/install/setup.sh'
[1.499s] INFO:colcon.colcon_core.shell:Creating prefix script '/home/triton-ai/moses_work/ros2_stuff/install/local_setup.bash'
[1.499s] INFO:colcon.colcon_core.shell:Creating prefix chain script '/home/triton-ai/moses_work/ros2_stuff/install/setup.bash'
[1.500s] INFO:colcon.colcon_core.shell:Creating prefix script '/home/triton-ai/moses_work/ros2_stuff/install/local_setup.zsh'
[1.500s] INFO:colcon.colcon_core.shell:Creating prefix chain script '/home/triton-ai/moses_work/ros2_stuff/install/setup.zsh'
