[0.008s] Invoking command in '/home/triton-ai/moses_work/ros2_stuff/build/tritonai_roi_interface': CMAKE_PREFIX_PATH=/opt/ros/humble CONDA_PROMPT_MODIFIER=(base) /home/triton-ai/miniconda3/bin/cmake --build /home/triton-ai/moses_work/ros2_stuff/build/tritonai_roi_interface -- -j12 -l12
[0.034s] [  3%] Built target tritonai_roi_interface__cpp
[0.035s] [ 12%] Built target tritonai_roi_interface__rosidl_generator_c
[0.037s] [ 12%] Built target ament_cmake_python_copy_tritonai_roi_interface
[0.041s] [ 22%] Built target tritonai_roi_interface__rosidl_typesupport_introspection_c
[0.041s] [ 32%] Built target tritonai_roi_interface__rosidl_typesupport_cpp
[0.041s] [ 41%] Built target tritonai_roi_interface__rosidl_typesupport_fastrtps_cpp
[0.041s] [ 51%] Built target tritonai_roi_interface__rosidl_typesupport_c
[0.042s] [ 61%] Built target tritonai_roi_interface__rosidl_typesupport_fastrtps_c
[0.042s] [ 70%] Built target tritonai_roi_interface__rosidl_typesupport_introspection_cpp
[0.046s] [ 70%] Built target tritonai_roi_interface
[0.051s] [ 74%] Built target tritonai_roi_interface__py
[0.057s] [ 80%] Built target tritonai_roi_interface__rosidl_generator_py
[0.062s] [ 93%] Built target tritonai_roi_interface__rosidl_typesupport_fastrtps_c__pyext
[0.063s] [ 93%] Built target tritonai_roi_interface__rosidl_typesupport_introspection_c__pyext
[0.063s] [100%] Built target tritonai_roi_interface__rosidl_typesupport_c__pyext
[0.237s] running egg_info
[0.246s] writing tritonai_roi_interface.egg-info/PKG-INFO
[0.246s] writing dependency_links to tritonai_roi_interface.egg-info/dependency_links.txt
[0.246s] writing top-level names to tritonai_roi_interface.egg-info/top_level.txt
[0.272s] reading manifest file 'tritonai_roi_interface.egg-info/SOURCES.txt'
[0.272s] writing manifest file 'tritonai_roi_interface.egg-info/SOURCES.txt'
[0.293s] [100%] Built target ament_cmake_python_build_tritonai_roi_interface_egg
[0.299s] Invoked command in '/home/triton-ai/moses_work/ros2_stuff/build/tritonai_roi_interface' returned '0': CMAKE_PREFIX_PATH=/opt/ros/humble CONDA_PROMPT_MODIFIER=(base) /home/triton-ai/miniconda3/bin/cmake --build /home/triton-ai/moses_work/ros2_stuff/build/tritonai_roi_interface -- -j12 -l12
[0.417s] Invoking command in '/home/triton-ai/moses_work/ros2_stuff/build/tritonai_roi_interface': CMAKE_PREFIX_PATH=/opt/ros/humble CONDA_PROMPT_MODIFIER=(base) /home/triton-ai/miniconda3/bin/cmake --install /home/triton-ai/moses_work/ros2_stuff/build/tritonai_roi_interface
[0.433s] -- Install configuration: ""
[0.434s] -- Up-to-date: /home/triton-ai/moses_work/ros2_stuff/install/tritonai_roi_interface/share/ament_index/resource_index/rosidl_interfaces/tritonai_roi_interface
[0.434s] -- Up-to-date: /home/triton-ai/moses_work/ros2_stuff/install/tritonai_roi_interface/include/tritonai_roi_interface/tritonai_roi_interface
[0.434s] -- Up-to-date: /home/triton-ai/moses_work/ros2_stuff/install/tritonai_roi_interface/include/tritonai_roi_interface/tritonai_roi_interface/msg
[0.434s] -- Up-to-date: /home/triton-ai/moses_work/ros2_stuff/install/tritonai_roi_interface/include/tritonai_roi_interface/tritonai_roi_interface/msg/rosidl_generator_c__visibility_control.h
[0.434s] -- Up-to-date: /home/triton-ai/moses_work/ros2_stuff/install/tritonai_roi_interface/include/tritonai_roi_interface/tritonai_roi_interface/msg/address_book.h
[0.434s] -- Up-to-date: /home/triton-ai/moses_work/ros2_stuff/install/tritonai_roi_interface/include/tritonai_roi_interface/tritonai_roi_interface/msg/detail
[0.434s] -- Up-to-date: /home/triton-ai/moses_work/ros2_stuff/install/tritonai_roi_interface/include/tritonai_roi_interface/tritonai_roi_interface/msg/detail/address_book__functions.h
[0.434s] -- Up-to-date: /home/triton-ai/moses_work/ros2_stuff/install/tritonai_roi_interface/include/tritonai_roi_interface/tritonai_roi_interface/msg/detail/address_book__struct.h
[0.434s] -- Up-to-date: /home/triton-ai/moses_work/ros2_stuff/install/tritonai_roi_interface/include/tritonai_roi_interface/tritonai_roi_interface/msg/detail/address_book__functions.c
[0.434s] -- Up-to-date: /home/triton-ai/moses_work/ros2_stuff/install/tritonai_roi_interface/include/tritonai_roi_interface/tritonai_roi_interface/msg/detail/address_book__type_support.h
[0.434s] -- Up-to-date: /home/triton-ai/moses_work/ros2_stuff/install/tritonai_roi_interface/share/tritonai_roi_interface/environment/library_path.sh
[0.434s] -- Up-to-date: /home/triton-ai/moses_work/ros2_stuff/install/tritonai_roi_interface/share/tritonai_roi_interface/environment/library_path.dsv
[0.434s] -- Up-to-date: /home/triton-ai/moses_work/ros2_stuff/install/tritonai_roi_interface/lib/libtritonai_roi_interface__rosidl_generator_c.so
[0.434s] -- Up-to-date: /home/triton-ai/moses_work/ros2_stuff/install/tritonai_roi_interface/include/tritonai_roi_interface/tritonai_roi_interface
[0.434s] -- Up-to-date: /home/triton-ai/moses_work/ros2_stuff/install/tritonai_roi_interface/include/tritonai_roi_interface/tritonai_roi_interface/msg
[0.434s] -- Up-to-date: /home/triton-ai/moses_work/ros2_stuff/install/tritonai_roi_interface/include/tritonai_roi_interface/tritonai_roi_interface/msg/rosidl_typesupport_fastrtps_c__visibility_control.h
[0.434s] -- Up-to-date: /home/triton-ai/moses_work/ros2_stuff/install/tritonai_roi_interface/include/tritonai_roi_interface/tritonai_roi_interface/msg/detail
[0.434s] -- Up-to-date: /home/triton-ai/moses_work/ros2_stuff/install/tritonai_roi_interface/include/tritonai_roi_interface/tritonai_roi_interface/msg/detail/address_book__rosidl_typesupport_fastrtps_c.h
[0.434s] -- Up-to-date: /home/triton-ai/moses_work/ros2_stuff/install/tritonai_roi_interface/lib/libtritonai_roi_interface__rosidl_typesupport_fastrtps_c.so
[0.434s] -- Up-to-date: /home/triton-ai/moses_work/ros2_stuff/install/tritonai_roi_interface/include/tritonai_roi_interface/tritonai_roi_interface
[0.434s] -- Up-to-date: /home/triton-ai/moses_work/ros2_stuff/install/tritonai_roi_interface/include/tritonai_roi_interface/tritonai_roi_interface/msg
[0.434s] -- Up-to-date: /home/triton-ai/moses_work/ros2_stuff/install/tritonai_roi_interface/include/tritonai_roi_interface/tritonai_roi_interface/msg/rosidl_typesupport_introspection_c__visibility_control.h
[0.434s] -- Up-to-date: /home/triton-ai/moses_work/ros2_stuff/install/tritonai_roi_interface/include/tritonai_roi_interface/tritonai_roi_interface/msg/detail
[0.435s] -- Up-to-date: /home/triton-ai/moses_work/ros2_stuff/install/tritonai_roi_interface/include/tritonai_roi_interface/tritonai_roi_interface/msg/detail/address_book__type_support.c
[0.435s] -- Up-to-date: /home/triton-ai/moses_work/ros2_stuff/install/tritonai_roi_interface/include/tritonai_roi_interface/tritonai_roi_interface/msg/detail/address_book__rosidl_typesupport_introspection_c.h
[0.435s] -- Up-to-date: /home/triton-ai/moses_work/ros2_stuff/install/tritonai_roi_interface/lib/libtritonai_roi_interface__rosidl_typesupport_introspection_c.so
[0.435s] -- Up-to-date: /home/triton-ai/moses_work/ros2_stuff/install/tritonai_roi_interface/lib/libtritonai_roi_interface__rosidl_typesupport_c.so
[0.435s] -- Up-to-date: /home/triton-ai/moses_work/ros2_stuff/install/tritonai_roi_interface/include/tritonai_roi_interface/tritonai_roi_interface
[0.435s] -- Up-to-date: /home/triton-ai/moses_work/ros2_stuff/install/tritonai_roi_interface/include/tritonai_roi_interface/tritonai_roi_interface/msg
[0.435s] -- Up-to-date: /home/triton-ai/moses_work/ros2_stuff/install/tritonai_roi_interface/include/tritonai_roi_interface/tritonai_roi_interface/msg/address_book.hpp
[0.435s] -- Up-to-date: /home/triton-ai/moses_work/ros2_stuff/install/tritonai_roi_interface/include/tritonai_roi_interface/tritonai_roi_interface/msg/detail
[0.435s] -- Up-to-date: /home/triton-ai/moses_work/ros2_stuff/install/tritonai_roi_interface/include/tritonai_roi_interface/tritonai_roi_interface/msg/detail/address_book__struct.hpp
[0.435s] -- Up-to-date: /home/triton-ai/moses_work/ros2_stuff/install/tritonai_roi_interface/include/tritonai_roi_interface/tritonai_roi_interface/msg/detail/address_book__traits.hpp
[0.435s] -- Up-to-date: /home/triton-ai/moses_work/ros2_stuff/install/tritonai_roi_interface/include/tritonai_roi_interface/tritonai_roi_interface/msg/detail/address_book__builder.hpp
[0.435s] -- Up-to-date: /home/triton-ai/moses_work/ros2_stuff/install/tritonai_roi_interface/include/tritonai_roi_interface/tritonai_roi_interface
[0.435s] -- Up-to-date: /home/triton-ai/moses_work/ros2_stuff/install/tritonai_roi_interface/include/tritonai_roi_interface/tritonai_roi_interface/msg
[0.435s] -- Up-to-date: /home/triton-ai/moses_work/ros2_stuff/install/tritonai_roi_interface/include/tritonai_roi_interface/tritonai_roi_interface/msg/rosidl_typesupport_fastrtps_cpp__visibility_control.h
[0.435s] -- Up-to-date: /home/triton-ai/moses_work/ros2_stuff/install/tritonai_roi_interface/include/tritonai_roi_interface/tritonai_roi_interface/msg/detail
[0.435s] -- Up-to-date: /home/triton-ai/moses_work/ros2_stuff/install/tritonai_roi_interface/include/tritonai_roi_interface/tritonai_roi_interface/msg/detail/address_book__rosidl_typesupport_fastrtps_cpp.hpp
[0.435s] -- Up-to-date: /home/triton-ai/moses_work/ros2_stuff/install/tritonai_roi_interface/include/tritonai_roi_interface/tritonai_roi_interface/msg/detail/dds_fastrtps
[0.435s] -- Up-to-date: /home/triton-ai/moses_work/ros2_stuff/install/tritonai_roi_interface/lib/libtritonai_roi_interface__rosidl_typesupport_fastrtps_cpp.so
[0.435s] -- Up-to-date: /home/triton-ai/moses_work/ros2_stuff/install/tritonai_roi_interface/include/tritonai_roi_interface/tritonai_roi_interface
[0.435s] -- Up-to-date: /home/triton-ai/moses_work/ros2_stuff/install/tritonai_roi_interface/include/tritonai_roi_interface/tritonai_roi_interface/msg
[0.435s] -- Up-to-date: /home/triton-ai/moses_work/ros2_stuff/install/tritonai_roi_interface/include/tritonai_roi_interface/tritonai_roi_interface/msg/detail
[0.435s] -- Up-to-date: /home/triton-ai/moses_work/ros2_stuff/install/tritonai_roi_interface/include/tritonai_roi_interface/tritonai_roi_interface/msg/detail/address_book__type_support.cpp
[0.435s] -- Up-to-date: /home/triton-ai/moses_work/ros2_stuff/install/tritonai_roi_interface/include/tritonai_roi_interface/tritonai_roi_interface/msg/detail/address_book__rosidl_typesupport_introspection_cpp.hpp
[0.435s] -- Up-to-date: /home/triton-ai/moses_work/ros2_stuff/install/tritonai_roi_interface/lib/libtritonai_roi_interface__rosidl_typesupport_introspection_cpp.so
[0.435s] -- Up-to-date: /home/triton-ai/moses_work/ros2_stuff/install/tritonai_roi_interface/lib/libtritonai_roi_interface__rosidl_typesupport_cpp.so
[0.435s] -- Up-to-date: /home/triton-ai/moses_work/ros2_stuff/install/tritonai_roi_interface/share/tritonai_roi_interface/environment/pythonpath.sh
[0.435s] -- Up-to-date: /home/triton-ai/moses_work/ros2_stuff/install/tritonai_roi_interface/share/tritonai_roi_interface/environment/pythonpath.dsv
[0.435s] -- Up-to-date: /home/triton-ai/moses_work/ros2_stuff/install/tritonai_roi_interface/lib/python3.10/site-packages/tritonai_roi_interface-0.0.0-py3.10.egg-info
[0.436s] -- Installing: /home/triton-ai/moses_work/ros2_stuff/install/tritonai_roi_interface/lib/python3.10/site-packages/tritonai_roi_interface-0.0.0-py3.10.egg-info/PKG-INFO
[0.436s] -- Installing: /home/triton-ai/moses_work/ros2_stuff/install/tritonai_roi_interface/lib/python3.10/site-packages/tritonai_roi_interface-0.0.0-py3.10.egg-info/top_level.txt
[0.436s] -- Installing: /home/triton-ai/moses_work/ros2_stuff/install/tritonai_roi_interface/lib/python3.10/site-packages/tritonai_roi_interface-0.0.0-py3.10.egg-info/dependency_links.txt
[0.436s] -- Installing: /home/triton-ai/moses_work/ros2_stuff/install/tritonai_roi_interface/lib/python3.10/site-packages/tritonai_roi_interface-0.0.0-py3.10.egg-info/SOURCES.txt
[0.436s] -- Up-to-date: /home/triton-ai/moses_work/ros2_stuff/install/tritonai_roi_interface/lib/python3.10/site-packages/tritonai_roi_interface
[0.436s] -- Up-to-date: /home/triton-ai/moses_work/ros2_stuff/install/tritonai_roi_interface/lib/python3.10/site-packages/tritonai_roi_interface/_tritonai_roi_interface_s.ep.rosidl_typesupport_introspection_c.c
[0.436s] -- Up-to-date: /home/triton-ai/moses_work/ros2_stuff/install/tritonai_roi_interface/lib/python3.10/site-packages/tritonai_roi_interface/tritonai_roi_interface_s__rosidl_typesupport_introspection_c.cpython-310-x86_64-linux-gnu.so
[0.436s] -- Up-to-date: /home/triton-ai/moses_work/ros2_stuff/install/tritonai_roi_interface/lib/python3.10/site-packages/tritonai_roi_interface/tritonai_roi_interface_s__rosidl_typesupport_fastrtps_c.cpython-310-x86_64-linux-gnu.so
[0.436s] -- Up-to-date: /home/triton-ai/moses_work/ros2_stuff/install/tritonai_roi_interface/lib/python3.10/site-packages/tritonai_roi_interface/tritonai_roi_interface_s__rosidl_typesupport_c.cpython-310-x86_64-linux-gnu.so
[0.436s] -- Up-to-date: /home/triton-ai/moses_work/ros2_stuff/install/tritonai_roi_interface/lib/python3.10/site-packages/tritonai_roi_interface/_tritonai_roi_interface_s.ep.rosidl_typesupport_c.c
[0.436s] -- Up-to-date: /home/triton-ai/moses_work/ros2_stuff/install/tritonai_roi_interface/lib/python3.10/site-packages/tritonai_roi_interface/__init__.py
[0.436s] -- Up-to-date: /home/triton-ai/moses_work/ros2_stuff/install/tritonai_roi_interface/lib/python3.10/site-packages/tritonai_roi_interface/libtritonai_roi_interface__rosidl_generator_py.so
[0.436s] -- Up-to-date: /home/triton-ai/moses_work/ros2_stuff/install/tritonai_roi_interface/lib/python3.10/site-packages/tritonai_roi_interface/_tritonai_roi_interface_s.ep.rosidl_typesupport_fastrtps_c.c
[0.436s] -- Up-to-date: /home/triton-ai/moses_work/ros2_stuff/install/tritonai_roi_interface/lib/python3.10/site-packages/tritonai_roi_interface/msg
[0.436s] -- Up-to-date: /home/triton-ai/moses_work/ros2_stuff/install/tritonai_roi_interface/lib/python3.10/site-packages/tritonai_roi_interface/msg/_address_book_s.c
[0.436s] -- Up-to-date: /home/triton-ai/moses_work/ros2_stuff/install/tritonai_roi_interface/lib/python3.10/site-packages/tritonai_roi_interface/msg/_address_book.py
[0.436s] -- Up-to-date: /home/triton-ai/moses_work/ros2_stuff/install/tritonai_roi_interface/lib/python3.10/site-packages/tritonai_roi_interface/msg/__init__.py
[0.453s] Listing '/home/triton-ai/moses_work/ros2_stuff/install/tritonai_roi_interface/lib/python3.10/site-packages/tritonai_roi_interface'...
[0.453s] Listing '/home/triton-ai/moses_work/ros2_stuff/install/tritonai_roi_interface/lib/python3.10/site-packages/tritonai_roi_interface/msg'...
[0.455s] -- Up-to-date: /home/triton-ai/moses_work/ros2_stuff/install/tritonai_roi_interface/lib/python3.10/site-packages/tritonai_roi_interface/tritonai_roi_interface_s__rosidl_typesupport_fastrtps_c.cpython-310-x86_64-linux-gnu.so
[0.455s] -- Up-to-date: /home/triton-ai/moses_work/ros2_stuff/install/tritonai_roi_interface/lib/python3.10/site-packages/tritonai_roi_interface/tritonai_roi_interface_s__rosidl_typesupport_introspection_c.cpython-310-x86_64-linux-gnu.so
[0.455s] -- Up-to-date: /home/triton-ai/moses_work/ros2_stuff/install/tritonai_roi_interface/lib/python3.10/site-packages/tritonai_roi_interface/tritonai_roi_interface_s__rosidl_typesupport_c.cpython-310-x86_64-linux-gnu.so
[0.455s] -- Up-to-date: /home/triton-ai/moses_work/ros2_stuff/install/tritonai_roi_interface/lib/libtritonai_roi_interface__rosidl_generator_py.so
[0.455s] -- Up-to-date: /home/triton-ai/moses_work/ros2_stuff/install/tritonai_roi_interface/share/tritonai_roi_interface/msg/AddressBook.idl
[0.455s] -- Up-to-date: /home/triton-ai/moses_work/ros2_stuff/install/tritonai_roi_interface/share/tritonai_roi_interface/msg/AddressBook.msg
[0.456s] -- Up-to-date: /home/triton-ai/moses_work/ros2_stuff/install/tritonai_roi_interface/share/ament_index/resource_index/package_run_dependencies/tritonai_roi_interface
[0.456s] -- Up-to-date: /home/triton-ai/moses_work/ros2_stuff/install/tritonai_roi_interface/share/ament_index/resource_index/parent_prefix_path/tritonai_roi_interface
[0.456s] -- Up-to-date: /home/triton-ai/moses_work/ros2_stuff/install/tritonai_roi_interface/share/tritonai_roi_interface/environment/ament_prefix_path.sh
[0.456s] -- Up-to-date: /home/triton-ai/moses_work/ros2_stuff/install/tritonai_roi_interface/share/tritonai_roi_interface/environment/ament_prefix_path.dsv
[0.456s] -- Up-to-date: /home/triton-ai/moses_work/ros2_stuff/install/tritonai_roi_interface/share/tritonai_roi_interface/environment/path.sh
[0.456s] -- Up-to-date: /home/triton-ai/moses_work/ros2_stuff/install/tritonai_roi_interface/share/tritonai_roi_interface/environment/path.dsv
[0.456s] -- Up-to-date: /home/triton-ai/moses_work/ros2_stuff/install/tritonai_roi_interface/share/tritonai_roi_interface/local_setup.bash
[0.456s] -- Up-to-date: /home/triton-ai/moses_work/ros2_stuff/install/tritonai_roi_interface/share/tritonai_roi_interface/local_setup.sh
[0.456s] -- Up-to-date: /home/triton-ai/moses_work/ros2_stuff/install/tritonai_roi_interface/share/tritonai_roi_interface/local_setup.zsh
[0.456s] -- Up-to-date: /home/triton-ai/moses_work/ros2_stuff/install/tritonai_roi_interface/share/tritonai_roi_interface/local_setup.dsv
[0.456s] -- Installing: /home/triton-ai/moses_work/ros2_stuff/install/tritonai_roi_interface/share/tritonai_roi_interface/package.dsv
[0.456s] -- Up-to-date: /home/triton-ai/moses_work/ros2_stuff/install/tritonai_roi_interface/share/ament_index/resource_index/packages/tritonai_roi_interface
[0.456s] -- Up-to-date: /home/triton-ai/moses_work/ros2_stuff/install/tritonai_roi_interface/share/tritonai_roi_interface/cmake/export_tritonai_roi_interface__rosidl_generator_cExport.cmake
[0.456s] -- Up-to-date: /home/triton-ai/moses_work/ros2_stuff/install/tritonai_roi_interface/share/tritonai_roi_interface/cmake/export_tritonai_roi_interface__rosidl_generator_cExport-noconfig.cmake
[0.456s] -- Up-to-date: /home/triton-ai/moses_work/ros2_stuff/install/tritonai_roi_interface/share/tritonai_roi_interface/cmake/export_tritonai_roi_interface__rosidl_typesupport_fastrtps_cExport.cmake
[0.456s] -- Up-to-date: /home/triton-ai/moses_work/ros2_stuff/install/tritonai_roi_interface/share/tritonai_roi_interface/cmake/export_tritonai_roi_interface__rosidl_typesupport_fastrtps_cExport-noconfig.cmake
[0.456s] -- Up-to-date: /home/triton-ai/moses_work/ros2_stuff/install/tritonai_roi_interface/share/tritonai_roi_interface/cmake/tritonai_roi_interface__rosidl_typesupport_introspection_cExport.cmake
[0.456s] -- Up-to-date: /home/triton-ai/moses_work/ros2_stuff/install/tritonai_roi_interface/share/tritonai_roi_interface/cmake/tritonai_roi_interface__rosidl_typesupport_introspection_cExport-noconfig.cmake
[0.456s] -- Up-to-date: /home/triton-ai/moses_work/ros2_stuff/install/tritonai_roi_interface/share/tritonai_roi_interface/cmake/tritonai_roi_interface__rosidl_typesupport_cExport.cmake
[0.456s] -- Up-to-date: /home/triton-ai/moses_work/ros2_stuff/install/tritonai_roi_interface/share/tritonai_roi_interface/cmake/tritonai_roi_interface__rosidl_typesupport_cExport-noconfig.cmake
[0.456s] -- Up-to-date: /home/triton-ai/moses_work/ros2_stuff/install/tritonai_roi_interface/share/tritonai_roi_interface/cmake/export_tritonai_roi_interface__rosidl_generator_cppExport.cmake
[0.456s] -- Up-to-date: /home/triton-ai/moses_work/ros2_stuff/install/tritonai_roi_interface/share/tritonai_roi_interface/cmake/export_tritonai_roi_interface__rosidl_typesupport_fastrtps_cppExport.cmake
[0.456s] -- Up-to-date: /home/triton-ai/moses_work/ros2_stuff/install/tritonai_roi_interface/share/tritonai_roi_interface/cmake/export_tritonai_roi_interface__rosidl_typesupport_fastrtps_cppExport-noconfig.cmake
[0.456s] -- Up-to-date: /home/triton-ai/moses_work/ros2_stuff/install/tritonai_roi_interface/share/tritonai_roi_interface/cmake/tritonai_roi_interface__rosidl_typesupport_introspection_cppExport.cmake
[0.456s] -- Up-to-date: /home/triton-ai/moses_work/ros2_stuff/install/tritonai_roi_interface/share/tritonai_roi_interface/cmake/tritonai_roi_interface__rosidl_typesupport_introspection_cppExport-noconfig.cmake
[0.457s] -- Up-to-date: /home/triton-ai/moses_work/ros2_stuff/install/tritonai_roi_interface/share/tritonai_roi_interface/cmake/tritonai_roi_interface__rosidl_typesupport_cppExport.cmake
[0.457s] -- Up-to-date: /home/triton-ai/moses_work/ros2_stuff/install/tritonai_roi_interface/share/tritonai_roi_interface/cmake/tritonai_roi_interface__rosidl_typesupport_cppExport-noconfig.cmake
[0.457s] -- Up-to-date: /home/triton-ai/moses_work/ros2_stuff/install/tritonai_roi_interface/share/tritonai_roi_interface/cmake/export_tritonai_roi_interface__rosidl_generator_pyExport.cmake
[0.457s] -- Up-to-date: /home/triton-ai/moses_work/ros2_stuff/install/tritonai_roi_interface/share/tritonai_roi_interface/cmake/export_tritonai_roi_interface__rosidl_generator_pyExport-noconfig.cmake
[0.457s] -- Up-to-date: /home/triton-ai/moses_work/ros2_stuff/install/tritonai_roi_interface/share/tritonai_roi_interface/cmake/rosidl_cmake-extras.cmake
[0.457s] -- Up-to-date: /home/triton-ai/moses_work/ros2_stuff/install/tritonai_roi_interface/share/tritonai_roi_interface/cmake/ament_cmake_export_include_directories-extras.cmake
[0.457s] -- Up-to-date: /home/triton-ai/moses_work/ros2_stuff/install/tritonai_roi_interface/share/tritonai_roi_interface/cmake/ament_cmake_export_libraries-extras.cmake
[0.457s] -- Up-to-date: /home/triton-ai/moses_work/ros2_stuff/install/tritonai_roi_interface/share/tritonai_roi_interface/cmake/ament_cmake_export_targets-extras.cmake
[0.457s] -- Up-to-date: /home/triton-ai/moses_work/ros2_stuff/install/tritonai_roi_interface/share/tritonai_roi_interface/cmake/rosidl_cmake_export_typesupport_targets-extras.cmake
[0.457s] -- Up-to-date: /home/triton-ai/moses_work/ros2_stuff/install/tritonai_roi_interface/share/tritonai_roi_interface/cmake/ament_cmake_export_dependencies-extras.cmake
[0.457s] -- Up-to-date: /home/triton-ai/moses_work/ros2_stuff/install/tritonai_roi_interface/share/tritonai_roi_interface/cmake/rosidl_cmake_export_typesupport_libraries-extras.cmake
[0.457s] -- Up-to-date: /home/triton-ai/moses_work/ros2_stuff/install/tritonai_roi_interface/share/tritonai_roi_interface/cmake/tritonai_roi_interfaceConfig.cmake
[0.457s] -- Up-to-date: /home/triton-ai/moses_work/ros2_stuff/install/tritonai_roi_interface/share/tritonai_roi_interface/cmake/tritonai_roi_interfaceConfig-version.cmake
[0.457s] -- Up-to-date: /home/triton-ai/moses_work/ros2_stuff/install/tritonai_roi_interface/share/tritonai_roi_interface/package.xml
[0.461s] Invoked command in '/home/triton-ai/moses_work/ros2_stuff/build/tritonai_roi_interface' returned '0': CMAKE_PREFIX_PATH=/opt/ros/humble CONDA_PROMPT_MODIFIER=(base) /home/triton-ai/miniconda3/bin/cmake --install /home/triton-ai/moses_work/ros2_stuff/build/tritonai_roi_interface
