[0.212s] DEBUG:colcon:Command line arguments: ['/usr/bin/colcon', 'build']
[0.212s] DEBUG:colcon:Parsed command line arguments: Namespace(log_base=None, log_level=None, verb_name='build', build_base='build', install_base='install', merge_install=False, symlink_install=False, test_result_base=None, continue_on_error=False, executor='parallel', parallel_workers=12, event_handlers=None, ignore_user_meta=False, metas=['./colcon.meta'], base_paths=['.'], packages_ignore=None, packages_ignore_regex=None, paths=None, packages_up_to=None, packages_up_to_regex=None, packages_above=None, packages_above_and_dependencies=None, packages_above_depth=None, packages_select_by_dep=None, packages_skip_by_dep=None, packages_skip_up_to=None, packages_select_build_failed=False, packages_skip_build_finished=False, packages_select_test_failures=False, packages_skip_test_passed=False, packages_select=None, packages_skip=None, packages_select_regex=None, packages_skip_regex=None, packages_start=None, packages_end=None, allow_overriding=[], cmake_args=None, cmake_target=None, cmake_target_skip_unavailable=False, cmake_clean_cache=False, cmake_clean_first=False, cmake_force_configure=False, ament_cmake_args=None, catkin_cmake_args=None, catkin_skip_building_tests=False, mixin_files=None, mixin=None, verb_parser=<colcon_mixin.mixin.mixin_argument.MixinArgumentDecorator object at 0x7f0e93127100>, verb_extension=<colcon_core.verb.build.BuildVerb object at 0x7f0e93aae6e0>, main=<bound method BuildVerb.main of <colcon_core.verb.build.BuildVerb object at 0x7f0e93aae6e0>>, mixin_verb=('build',))
[0.226s] Level 1:colcon.colcon_core.package_discovery:discover_packages(colcon_meta) check parameters
[0.226s] Level 1:colcon.colcon_core.package_discovery:discover_packages(recursive) check parameters
[0.226s] Level 1:colcon.colcon_core.package_discovery:discover_packages(ignore) check parameters
[0.226s] Level 1:colcon.colcon_core.package_discovery:discover_packages(path) check parameters
[0.226s] Level 1:colcon.colcon_core.package_discovery:discover_packages(colcon_meta) discover
[0.226s] Level 1:colcon.colcon_core.package_discovery:discover_packages(recursive) discover
[0.226s] INFO:colcon.colcon_core.package_discovery:Crawling recursively for packages in '/home/triton-ai/moses_work/ros2_stuff'
[0.226s] Level 1:colcon.colcon_core.package_identification:_identify(.) by extensions ['ignore', 'ignore_ament_install']
[0.226s] Level 1:colcon.colcon_core.package_identification:_identify(.) by extension 'ignore'
[0.226s] Level 1:colcon.colcon_core.package_identification:_identify(.) by extension 'ignore_ament_install'
[0.226s] Level 1:colcon.colcon_core.package_identification:_identify(.) by extensions ['colcon_pkg']
[0.226s] Level 1:colcon.colcon_core.package_identification:_identify(.) by extension 'colcon_pkg'
[0.226s] Level 1:colcon.colcon_core.package_identification:_identify(.) by extensions ['colcon_meta']
[0.226s] Level 1:colcon.colcon_core.package_identification:_identify(.) by extension 'colcon_meta'
[0.226s] Level 1:colcon.colcon_core.package_identification:_identify(.) by extensions ['ros']
[0.226s] Level 1:colcon.colcon_core.package_identification:_identify(.) by extension 'ros'
[0.233s] Level 1:colcon.colcon_core.package_identification:_identify(.) by extensions ['cmake', 'python']
[0.233s] Level 1:colcon.colcon_core.package_identification:_identify(.) by extension 'cmake'
[0.233s] Level 1:colcon.colcon_core.package_identification:_identify(.) by extension 'python'
[0.233s] Level 1:colcon.colcon_core.package_identification:_identify(.) by extensions ['python_setup_py']
[0.233s] Level 1:colcon.colcon_core.package_identification:_identify(.) by extension 'python_setup_py'
[0.233s] Level 1:colcon.colcon_core.package_identification:_identify(build) by extensions ['ignore', 'ignore_ament_install']
[0.233s] Level 1:colcon.colcon_core.package_identification:_identify(build) by extension 'ignore'
[0.233s] Level 1:colcon.colcon_core.package_identification:_identify(build) ignored
[0.233s] Level 1:colcon.colcon_core.package_identification:_identify(install) by extensions ['ignore', 'ignore_ament_install']
[0.233s] Level 1:colcon.colcon_core.package_identification:_identify(install) by extension 'ignore'
[0.233s] Level 1:colcon.colcon_core.package_identification:_identify(install) ignored
[0.233s] Level 1:colcon.colcon_core.package_identification:_identify(log) by extensions ['ignore', 'ignore_ament_install']
[0.233s] Level 1:colcon.colcon_core.package_identification:_identify(log) by extension 'ignore'
[0.233s] Level 1:colcon.colcon_core.package_identification:_identify(log) ignored
[0.234s] Level 1:colcon.colcon_core.package_identification:_identify(src) by extensions ['ignore', 'ignore_ament_install']
[0.234s] Level 1:colcon.colcon_core.package_identification:_identify(src) by extension 'ignore'
[0.234s] Level 1:colcon.colcon_core.package_identification:_identify(src) by extension 'ignore_ament_install'
[0.234s] Level 1:colcon.colcon_core.package_identification:_identify(src) by extensions ['colcon_pkg']
[0.234s] Level 1:colcon.colcon_core.package_identification:_identify(src) by extension 'colcon_pkg'
[0.234s] Level 1:colcon.colcon_core.package_identification:_identify(src) by extensions ['colcon_meta']
[0.234s] Level 1:colcon.colcon_core.package_identification:_identify(src) by extension 'colcon_meta'
[0.234s] Level 1:colcon.colcon_core.package_identification:_identify(src) by extensions ['ros']
[0.234s] Level 1:colcon.colcon_core.package_identification:_identify(src) by extension 'ros'
[0.234s] Level 1:colcon.colcon_core.package_identification:_identify(src) by extensions ['cmake', 'python']
[0.234s] Level 1:colcon.colcon_core.package_identification:_identify(src) by extension 'cmake'
[0.234s] Level 1:colcon.colcon_core.package_identification:_identify(src) by extension 'python'
[0.234s] Level 1:colcon.colcon_core.package_identification:_identify(src) by extensions ['python_setup_py']
[0.234s] Level 1:colcon.colcon_core.package_identification:_identify(src) by extension 'python_setup_py'
[0.234s] Level 1:colcon.colcon_core.package_identification:_identify(src/tritonai_roi_depth_info) by extensions ['ignore', 'ignore_ament_install']
[0.234s] Level 1:colcon.colcon_core.package_identification:_identify(src/tritonai_roi_depth_info) by extension 'ignore'
[0.234s] Level 1:colcon.colcon_core.package_identification:_identify(src/tritonai_roi_depth_info) by extension 'ignore_ament_install'
[0.234s] Level 1:colcon.colcon_core.package_identification:_identify(src/tritonai_roi_depth_info) by extensions ['colcon_pkg']
[0.234s] Level 1:colcon.colcon_core.package_identification:_identify(src/tritonai_roi_depth_info) by extension 'colcon_pkg'
[0.234s] Level 1:colcon.colcon_core.package_identification:_identify(src/tritonai_roi_depth_info) by extensions ['colcon_meta']
[0.234s] Level 1:colcon.colcon_core.package_identification:_identify(src/tritonai_roi_depth_info) by extension 'colcon_meta'
[0.234s] Level 1:colcon.colcon_core.package_identification:_identify(src/tritonai_roi_depth_info) by extensions ['ros']
[0.234s] Level 1:colcon.colcon_core.package_identification:_identify(src/tritonai_roi_depth_info) by extension 'ros'
[0.235s] DEBUG:colcon.colcon_core.package_identification:Package 'src/tritonai_roi_depth_info' with type 'ros.ament_python' and name 'tritonai_roi_depth_info'
[0.235s] Level 1:colcon.colcon_core.package_identification:_identify(tritonai_roi_interface) by extensions ['ignore', 'ignore_ament_install']
[0.236s] Level 1:colcon.colcon_core.package_identification:_identify(tritonai_roi_interface) by extension 'ignore'
[0.236s] Level 1:colcon.colcon_core.package_identification:_identify(tritonai_roi_interface) by extension 'ignore_ament_install'
[0.236s] Level 1:colcon.colcon_core.package_identification:_identify(tritonai_roi_interface) by extensions ['colcon_pkg']
[0.236s] Level 1:colcon.colcon_core.package_identification:_identify(tritonai_roi_interface) by extension 'colcon_pkg'
[0.236s] Level 1:colcon.colcon_core.package_identification:_identify(tritonai_roi_interface) by extensions ['colcon_meta']
[0.236s] Level 1:colcon.colcon_core.package_identification:_identify(tritonai_roi_interface) by extension 'colcon_meta'
[0.236s] Level 1:colcon.colcon_core.package_identification:_identify(tritonai_roi_interface) by extensions ['ros']
[0.236s] Level 1:colcon.colcon_core.package_identification:_identify(tritonai_roi_interface) by extension 'ros'
[0.236s] DEBUG:colcon.colcon_core.package_identification:Package 'tritonai_roi_interface' with type 'ros.ament_cmake' and name 'tritonai_roi_interface'
[0.236s] Level 1:colcon.colcon_core.package_discovery:discover_packages(recursive) using defaults
[0.236s] Level 1:colcon.colcon_core.package_discovery:discover_packages(ignore) discover
[0.236s] Level 1:colcon.colcon_core.package_discovery:discover_packages(ignore) using defaults
[0.236s] Level 1:colcon.colcon_core.package_discovery:discover_packages(path) discover
[0.236s] Level 1:colcon.colcon_core.package_discovery:discover_packages(path) using defaults
[0.249s] Level 1:colcon.colcon_core.package_discovery:discover_packages(prefix_path) check parameters
[0.249s] Level 1:colcon.colcon_core.package_discovery:discover_packages(prefix_path) discover
[0.251s] DEBUG:colcon.colcon_installed_package_information.package_discovery:Found 407 installed packages in /opt/ros/humble
[0.253s] Level 1:colcon.colcon_core.package_discovery:discover_packages(prefix_path) using defaults
[0.293s] Level 5:colcon.colcon_core.verb:set package 'tritonai_roi_depth_info' build argument 'cmake_args' from command line to 'None'
[0.293s] Level 5:colcon.colcon_core.verb:set package 'tritonai_roi_depth_info' build argument 'cmake_target' from command line to 'None'
[0.293s] Level 5:colcon.colcon_core.verb:set package 'tritonai_roi_depth_info' build argument 'cmake_target_skip_unavailable' from command line to 'False'
[0.293s] Level 5:colcon.colcon_core.verb:set package 'tritonai_roi_depth_info' build argument 'cmake_clean_cache' from command line to 'False'
[0.293s] Level 5:colcon.colcon_core.verb:set package 'tritonai_roi_depth_info' build argument 'cmake_clean_first' from command line to 'False'
[0.293s] Level 5:colcon.colcon_core.verb:set package 'tritonai_roi_depth_info' build argument 'cmake_force_configure' from command line to 'False'
[0.293s] Level 5:colcon.colcon_core.verb:set package 'tritonai_roi_depth_info' build argument 'ament_cmake_args' from command line to 'None'
[0.293s] Level 5:colcon.colcon_core.verb:set package 'tritonai_roi_depth_info' build argument 'catkin_cmake_args' from command line to 'None'
[0.293s] Level 5:colcon.colcon_core.verb:set package 'tritonai_roi_depth_info' build argument 'catkin_skip_building_tests' from command line to 'False'
[0.293s] DEBUG:colcon.colcon_core.verb:Building package 'tritonai_roi_depth_info' with the following arguments: {'ament_cmake_args': None, 'build_base': '/home/triton-ai/moses_work/ros2_stuff/build/tritonai_roi_depth_info', 'catkin_cmake_args': None, 'catkin_skip_building_tests': False, 'cmake_args': None, 'cmake_clean_cache': False, 'cmake_clean_first': False, 'cmake_force_configure': False, 'cmake_target': None, 'cmake_target_skip_unavailable': False, 'install_base': '/home/triton-ai/moses_work/ros2_stuff/install/tritonai_roi_depth_info', 'merge_install': False, 'path': '/home/triton-ai/moses_work/ros2_stuff/src/tritonai_roi_depth_info', 'symlink_install': False, 'test_result_base': None}
[0.294s] Level 5:colcon.colcon_core.verb:set package 'tritonai_roi_interface' build argument 'cmake_args' from command line to 'None'
[0.294s] Level 5:colcon.colcon_core.verb:set package 'tritonai_roi_interface' build argument 'cmake_target' from command line to 'None'
[0.294s] Level 5:colcon.colcon_core.verb:set package 'tritonai_roi_interface' build argument 'cmake_target_skip_unavailable' from command line to 'False'
[0.294s] Level 5:colcon.colcon_core.verb:set package 'tritonai_roi_interface' build argument 'cmake_clean_cache' from command line to 'False'
[0.294s] Level 5:colcon.colcon_core.verb:set package 'tritonai_roi_interface' build argument 'cmake_clean_first' from command line to 'False'
[0.294s] Level 5:colcon.colcon_core.verb:set package 'tritonai_roi_interface' build argument 'cmake_force_configure' from command line to 'False'
[0.294s] Level 5:colcon.colcon_core.verb:set package 'tritonai_roi_interface' build argument 'ament_cmake_args' from command line to 'None'
[0.294s] Level 5:colcon.colcon_core.verb:set package 'tritonai_roi_interface' build argument 'catkin_cmake_args' from command line to 'None'
[0.294s] Level 5:colcon.colcon_core.verb:set package 'tritonai_roi_interface' build argument 'catkin_skip_building_tests' from command line to 'False'
[0.294s] DEBUG:colcon.colcon_core.verb:Building package 'tritonai_roi_interface' with the following arguments: {'ament_cmake_args': None, 'build_base': '/home/triton-ai/moses_work/ros2_stuff/build/tritonai_roi_interface', 'catkin_cmake_args': None, 'catkin_skip_building_tests': False, 'cmake_args': None, 'cmake_clean_cache': False, 'cmake_clean_first': False, 'cmake_force_configure': False, 'cmake_target': None, 'cmake_target_skip_unavailable': False, 'install_base': '/home/triton-ai/moses_work/ros2_stuff/install/tritonai_roi_interface', 'merge_install': False, 'path': '/home/triton-ai/moses_work/ros2_stuff/tritonai_roi_interface', 'symlink_install': False, 'test_result_base': None}
[0.294s] INFO:colcon.colcon_core.executor:Executing jobs using 'parallel' executor
[0.296s] DEBUG:colcon.colcon_parallel_executor.executor.parallel:run_until_complete
[0.296s] INFO:colcon.colcon_ros.task.ament_python.build:Building ROS package in '/home/triton-ai/moses_work/ros2_stuff/src/tritonai_roi_depth_info' with build type 'ament_python'
[0.296s] Level 1:colcon.colcon_core.shell:create_environment_hook('tritonai_roi_depth_info', 'ament_prefix_path')
[0.299s] INFO:colcon.colcon_core.plugin_system:Skipping extension 'colcon_core.shell.bat': Not used on non-Windows systems
[0.299s] INFO:colcon.colcon_core.shell:Creating environment hook '/home/triton-ai/moses_work/ros2_stuff/install/tritonai_roi_depth_info/share/tritonai_roi_depth_info/hook/ament_prefix_path.ps1'
[0.299s] INFO:colcon.colcon_core.shell:Creating environment descriptor '/home/triton-ai/moses_work/ros2_stuff/install/tritonai_roi_depth_info/share/tritonai_roi_depth_info/hook/ament_prefix_path.dsv'
[0.299s] INFO:colcon.colcon_core.shell:Creating environment hook '/home/triton-ai/moses_work/ros2_stuff/install/tritonai_roi_depth_info/share/tritonai_roi_depth_info/hook/ament_prefix_path.sh'
[0.300s] INFO:colcon.colcon_core.shell:Skip shell extension 'powershell' for command environment: Not usable outside of PowerShell
[0.300s] DEBUG:colcon.colcon_core.shell:Skip shell extension 'dsv' for command environment
[0.303s] INFO:colcon.colcon_ros.task.ament_cmake.build:Building ROS package in '/home/triton-ai/moses_work/ros2_stuff/tritonai_roi_interface' with build type 'ament_cmake'
[0.303s] INFO:colcon.colcon_cmake.task.cmake.build:Building CMake package in '/home/triton-ai/moses_work/ros2_stuff/tritonai_roi_interface'
[0.304s] INFO:colcon.colcon_core.shell:Skip shell extension 'powershell' for command environment: Not usable outside of PowerShell
[0.304s] DEBUG:colcon.colcon_core.shell:Skip shell extension 'dsv' for command environment
[0.466s] INFO:colcon.colcon_core.task.python.build:Building Python package in '/home/triton-ai/moses_work/ros2_stuff/src/tritonai_roi_depth_info'
[0.467s] INFO:colcon.colcon_core.shell:Skip shell extension 'powershell' for command environment: Not usable outside of PowerShell
[0.467s] DEBUG:colcon.colcon_core.shell:Skip shell extension 'dsv' for command environment
[0.473s] DEBUG:colcon.colcon_core.event_handler.log_command:Invoking command in '/home/triton-ai/moses_work/ros2_stuff/build/tritonai_roi_interface': CMAKE_PREFIX_PATH=/opt/ros/humble CONDA_PROMPT_MODIFIER=(base) /home/triton-ai/miniconda3/bin/cmake --build /home/triton-ai/moses_work/ros2_stuff/build/tritonai_roi_interface -- -j12 -l12
[0.697s] DEBUG:colcon.colcon_core.event_handler.log_command:Invoking command in '/home/triton-ai/moses_work/ros2_stuff/src/tritonai_roi_depth_info': CONDA_PROMPT_MODIFIER=(base) PYTHONPATH=/home/triton-ai/moses_work/ros2_stuff/build/tritonai_roi_depth_info/prefix_override:/home/triton-ai/moses_work/ros2_stuff/install/tritonai_roi_depth_info/lib/python3.10/site-packages:${PYTHONPATH} /usr/bin/python3 setup.py egg_info --egg-base ../../build/tritonai_roi_depth_info build --build-base /home/triton-ai/moses_work/ros2_stuff/build/tritonai_roi_depth_info/build install --record /home/triton-ai/moses_work/ros2_stuff/build/tritonai_roi_depth_info/install.log --single-version-externally-managed
[0.887s] DEBUG:colcon.colcon_core.event_handler.log_command:Invoked command in '/home/triton-ai/moses_work/ros2_stuff/src/tritonai_roi_depth_info' returned '0': CONDA_PROMPT_MODIFIER=(base) PYTHONPATH=/home/triton-ai/moses_work/ros2_stuff/build/tritonai_roi_depth_info/prefix_override:/home/triton-ai/moses_work/ros2_stuff/install/tritonai_roi_depth_info/lib/python3.10/site-packages:${PYTHONPATH} /usr/bin/python3 setup.py egg_info --egg-base ../../build/tritonai_roi_depth_info build --build-base /home/triton-ai/moses_work/ros2_stuff/build/tritonai_roi_depth_info/build install --record /home/triton-ai/moses_work/ros2_stuff/build/tritonai_roi_depth_info/install.log --single-version-externally-managed
[0.890s] Level 1:colcon.colcon_core.environment:checking '/home/triton-ai/moses_work/ros2_stuff/install/tritonai_roi_depth_info' for CMake module files
[0.891s] Level 1:colcon.colcon_core.environment:checking '/home/triton-ai/moses_work/ros2_stuff/install/tritonai_roi_depth_info' for CMake config files
[0.891s] Level 1:colcon.colcon_core.environment:checking '/home/triton-ai/moses_work/ros2_stuff/install/tritonai_roi_depth_info/lib'
[0.891s] Level 1:colcon.colcon_core.environment:checking '/home/triton-ai/moses_work/ros2_stuff/install/tritonai_roi_depth_info/bin'
[0.891s] Level 1:colcon.colcon_core.environment:checking '/home/triton-ai/moses_work/ros2_stuff/install/tritonai_roi_depth_info/lib/pkgconfig/tritonai_roi_depth_info.pc'
[0.892s] Level 1:colcon.colcon_core.environment:checking '/home/triton-ai/moses_work/ros2_stuff/install/tritonai_roi_depth_info/lib/python3.10/site-packages'
[0.892s] Level 1:colcon.colcon_core.shell:create_environment_hook('tritonai_roi_depth_info', 'pythonpath')
[0.893s] INFO:colcon.colcon_core.shell:Creating environment hook '/home/triton-ai/moses_work/ros2_stuff/install/tritonai_roi_depth_info/share/tritonai_roi_depth_info/hook/pythonpath.ps1'
[0.893s] INFO:colcon.colcon_core.shell:Creating environment descriptor '/home/triton-ai/moses_work/ros2_stuff/install/tritonai_roi_depth_info/share/tritonai_roi_depth_info/hook/pythonpath.dsv'
[0.893s] INFO:colcon.colcon_core.shell:Creating environment hook '/home/triton-ai/moses_work/ros2_stuff/install/tritonai_roi_depth_info/share/tritonai_roi_depth_info/hook/pythonpath.sh'
[0.894s] Level 1:colcon.colcon_core.environment:checking '/home/triton-ai/moses_work/ros2_stuff/install/tritonai_roi_depth_info/bin'
[0.894s] Level 1:colcon.colcon_core.environment:create_environment_scripts_only(tritonai_roi_depth_info)
[0.895s] INFO:colcon.colcon_core.shell:Creating package script '/home/triton-ai/moses_work/ros2_stuff/install/tritonai_roi_depth_info/share/tritonai_roi_depth_info/package.ps1'
[0.896s] INFO:colcon.colcon_core.shell:Creating package descriptor '/home/triton-ai/moses_work/ros2_stuff/install/tritonai_roi_depth_info/share/tritonai_roi_depth_info/package.dsv'
[0.896s] INFO:colcon.colcon_core.shell:Creating package script '/home/triton-ai/moses_work/ros2_stuff/install/tritonai_roi_depth_info/share/tritonai_roi_depth_info/package.sh'
[0.897s] INFO:colcon.colcon_core.shell:Creating package script '/home/triton-ai/moses_work/ros2_stuff/install/tritonai_roi_depth_info/share/tritonai_roi_depth_info/package.bash'
[0.898s] INFO:colcon.colcon_core.shell:Creating package script '/home/triton-ai/moses_work/ros2_stuff/install/tritonai_roi_depth_info/share/tritonai_roi_depth_info/package.zsh'
[0.898s] Level 1:colcon.colcon_core.environment:create_file_with_runtime_dependencies(/home/triton-ai/moses_work/ros2_stuff/install/tritonai_roi_depth_info/share/colcon-core/packages/tritonai_roi_depth_info)
[1.209s] DEBUG:colcon.colcon_core.event_handler.log_command:Invoked command in '/home/triton-ai/moses_work/ros2_stuff/build/tritonai_roi_interface' returned '0': CMAKE_PREFIX_PATH=/opt/ros/humble CONDA_PROMPT_MODIFIER=(base) /home/triton-ai/miniconda3/bin/cmake --build /home/triton-ai/moses_work/ros2_stuff/build/tritonai_roi_interface -- -j12 -l12
[1.356s] DEBUG:colcon.colcon_core.event_handler.log_command:Invoking command in '/home/triton-ai/moses_work/ros2_stuff/build/tritonai_roi_interface': CMAKE_PREFIX_PATH=/opt/ros/humble CONDA_PROMPT_MODIFIER=(base) /home/triton-ai/miniconda3/bin/cmake --install /home/triton-ai/moses_work/ros2_stuff/build/tritonai_roi_interface
[1.400s] Level 1:colcon.colcon_core.environment:create_environment_scripts_only(tritonai_roi_interface)
[1.400s] DEBUG:colcon.colcon_core.event_handler.log_command:Invoked command in '/home/triton-ai/moses_work/ros2_stuff/build/tritonai_roi_interface' returned '0': CMAKE_PREFIX_PATH=/opt/ros/humble CONDA_PROMPT_MODIFIER=(base) /home/triton-ai/miniconda3/bin/cmake --install /home/triton-ai/moses_work/ros2_stuff/build/tritonai_roi_interface
[1.401s] Level 1:colcon.colcon_core.environment:checking '/home/triton-ai/moses_work/ros2_stuff/install/tritonai_roi_interface' for CMake module files
[1.402s] Level 1:colcon.colcon_core.environment:checking '/home/triton-ai/moses_work/ros2_stuff/install/tritonai_roi_interface' for CMake config files
[1.402s] Level 1:colcon.colcon_core.shell:create_environment_hook('tritonai_roi_interface', 'cmake_prefix_path')
[1.403s] INFO:colcon.colcon_core.shell:Creating environment hook '/home/triton-ai/moses_work/ros2_stuff/install/tritonai_roi_interface/share/tritonai_roi_interface/hook/cmake_prefix_path.ps1'
[1.403s] INFO:colcon.colcon_core.shell:Creating environment descriptor '/home/triton-ai/moses_work/ros2_stuff/install/tritonai_roi_interface/share/tritonai_roi_interface/hook/cmake_prefix_path.dsv'
[1.403s] INFO:colcon.colcon_core.shell:Creating environment hook '/home/triton-ai/moses_work/ros2_stuff/install/tritonai_roi_interface/share/tritonai_roi_interface/hook/cmake_prefix_path.sh'
[1.403s] Level 1:colcon.colcon_core.environment:checking '/home/triton-ai/moses_work/ros2_stuff/install/tritonai_roi_interface/lib'
[1.404s] Level 1:colcon.colcon_core.shell:create_environment_hook('tritonai_roi_interface', 'ld_library_path_lib')
[1.404s] INFO:colcon.colcon_core.shell:Creating environment hook '/home/triton-ai/moses_work/ros2_stuff/install/tritonai_roi_interface/share/tritonai_roi_interface/hook/ld_library_path_lib.ps1'
[1.405s] INFO:colcon.colcon_core.shell:Creating environment descriptor '/home/triton-ai/moses_work/ros2_stuff/install/tritonai_roi_interface/share/tritonai_roi_interface/hook/ld_library_path_lib.dsv'
[1.405s] INFO:colcon.colcon_core.shell:Creating environment hook '/home/triton-ai/moses_work/ros2_stuff/install/tritonai_roi_interface/share/tritonai_roi_interface/hook/ld_library_path_lib.sh'
[1.405s] Level 1:colcon.colcon_core.environment:checking '/home/triton-ai/moses_work/ros2_stuff/install/tritonai_roi_interface/bin'
[1.405s] Level 1:colcon.colcon_core.environment:checking '/home/triton-ai/moses_work/ros2_stuff/install/tritonai_roi_interface/lib/pkgconfig/tritonai_roi_interface.pc'
[1.405s] Level 1:colcon.colcon_core.environment:checking '/home/triton-ai/moses_work/ros2_stuff/install/tritonai_roi_interface/lib/python3.10/site-packages'
[1.405s] Level 1:colcon.colcon_core.shell:create_environment_hook('tritonai_roi_interface', 'pythonpath')
[1.406s] INFO:colcon.colcon_core.shell:Creating environment hook '/home/triton-ai/moses_work/ros2_stuff/install/tritonai_roi_interface/share/tritonai_roi_interface/hook/pythonpath.ps1'
[1.406s] INFO:colcon.colcon_core.shell:Creating environment descriptor '/home/triton-ai/moses_work/ros2_stuff/install/tritonai_roi_interface/share/tritonai_roi_interface/hook/pythonpath.dsv'
[1.406s] INFO:colcon.colcon_core.shell:Creating environment hook '/home/triton-ai/moses_work/ros2_stuff/install/tritonai_roi_interface/share/tritonai_roi_interface/hook/pythonpath.sh'
[1.406s] Level 1:colcon.colcon_core.environment:checking '/home/triton-ai/moses_work/ros2_stuff/install/tritonai_roi_interface/bin'
[1.407s] INFO:colcon.colcon_core.shell:Creating package script '/home/triton-ai/moses_work/ros2_stuff/install/tritonai_roi_interface/share/tritonai_roi_interface/package.ps1'
[1.407s] INFO:colcon.colcon_core.shell:Creating package descriptor '/home/triton-ai/moses_work/ros2_stuff/install/tritonai_roi_interface/share/tritonai_roi_interface/package.dsv'
[1.408s] INFO:colcon.colcon_core.shell:Creating package script '/home/triton-ai/moses_work/ros2_stuff/install/tritonai_roi_interface/share/tritonai_roi_interface/package.sh'
[1.408s] INFO:colcon.colcon_core.shell:Creating package script '/home/triton-ai/moses_work/ros2_stuff/install/tritonai_roi_interface/share/tritonai_roi_interface/package.bash'
[1.408s] INFO:colcon.colcon_core.shell:Creating package script '/home/triton-ai/moses_work/ros2_stuff/install/tritonai_roi_interface/share/tritonai_roi_interface/package.zsh'
[1.408s] Level 1:colcon.colcon_core.environment:create_file_with_runtime_dependencies(/home/triton-ai/moses_work/ros2_stuff/install/tritonai_roi_interface/share/colcon-core/packages/tritonai_roi_interface)
[1.456s] Level 1:colcon.colcon_core.environment:create_environment_scripts_only(tritonai_roi_interface)
[1.457s] Level 1:colcon.colcon_core.environment:checking '/home/triton-ai/moses_work/ros2_stuff/install/tritonai_roi_interface' for CMake module files
[1.458s] Level 1:colcon.colcon_core.environment:checking '/home/triton-ai/moses_work/ros2_stuff/install/tritonai_roi_interface' for CMake config files
[1.458s] Level 1:colcon.colcon_core.shell:create_environment_hook('tritonai_roi_interface', 'cmake_prefix_path')
[1.459s] INFO:colcon.colcon_core.shell:Creating environment hook '/home/triton-ai/moses_work/ros2_stuff/install/tritonai_roi_interface/share/tritonai_roi_interface/hook/cmake_prefix_path.ps1'
[1.459s] INFO:colcon.colcon_core.shell:Creating environment descriptor '/home/triton-ai/moses_work/ros2_stuff/install/tritonai_roi_interface/share/tritonai_roi_interface/hook/cmake_prefix_path.dsv'
[1.459s] INFO:colcon.colcon_core.shell:Creating environment hook '/home/triton-ai/moses_work/ros2_stuff/install/tritonai_roi_interface/share/tritonai_roi_interface/hook/cmake_prefix_path.sh'
[1.459s] Level 1:colcon.colcon_core.environment:checking '/home/triton-ai/moses_work/ros2_stuff/install/tritonai_roi_interface/lib'
[1.459s] Level 1:colcon.colcon_core.shell:create_environment_hook('tritonai_roi_interface', 'ld_library_path_lib')
[1.460s] INFO:colcon.colcon_core.shell:Creating environment hook '/home/triton-ai/moses_work/ros2_stuff/install/tritonai_roi_interface/share/tritonai_roi_interface/hook/ld_library_path_lib.ps1'
[1.460s] INFO:colcon.colcon_core.shell:Creating environment descriptor '/home/triton-ai/moses_work/ros2_stuff/install/tritonai_roi_interface/share/tritonai_roi_interface/hook/ld_library_path_lib.dsv'
[1.460s] INFO:colcon.colcon_core.shell:Creating environment hook '/home/triton-ai/moses_work/ros2_stuff/install/tritonai_roi_interface/share/tritonai_roi_interface/hook/ld_library_path_lib.sh'
[1.461s] Level 1:colcon.colcon_core.environment:checking '/home/triton-ai/moses_work/ros2_stuff/install/tritonai_roi_interface/bin'
[1.461s] Level 1:colcon.colcon_core.environment:checking '/home/triton-ai/moses_work/ros2_stuff/install/tritonai_roi_interface/lib/pkgconfig/tritonai_roi_interface.pc'
[1.461s] Level 1:colcon.colcon_core.environment:checking '/home/triton-ai/moses_work/ros2_stuff/install/tritonai_roi_interface/lib/python3.10/site-packages'
[1.461s] Level 1:colcon.colcon_core.shell:create_environment_hook('tritonai_roi_interface', 'pythonpath')
[1.461s] INFO:colcon.colcon_core.shell:Creating environment hook '/home/triton-ai/moses_work/ros2_stuff/install/tritonai_roi_interface/share/tritonai_roi_interface/hook/pythonpath.ps1'
[1.462s] INFO:colcon.colcon_core.shell:Creating environment descriptor '/home/triton-ai/moses_work/ros2_stuff/install/tritonai_roi_interface/share/tritonai_roi_interface/hook/pythonpath.dsv'
[1.462s] INFO:colcon.colcon_core.shell:Creating environment hook '/home/triton-ai/moses_work/ros2_stuff/install/tritonai_roi_interface/share/tritonai_roi_interface/hook/pythonpath.sh'
[1.462s] Level 1:colcon.colcon_core.environment:checking '/home/triton-ai/moses_work/ros2_stuff/install/tritonai_roi_interface/bin'
[1.463s] INFO:colcon.colcon_core.shell:Creating package script '/home/triton-ai/moses_work/ros2_stuff/install/tritonai_roi_interface/share/tritonai_roi_interface/package.ps1'
[1.463s] INFO:colcon.colcon_core.shell:Creating package descriptor '/home/triton-ai/moses_work/ros2_stuff/install/tritonai_roi_interface/share/tritonai_roi_interface/package.dsv'
[1.463s] INFO:colcon.colcon_core.shell:Creating package script '/home/triton-ai/moses_work/ros2_stuff/install/tritonai_roi_interface/share/tritonai_roi_interface/package.sh'
[1.464s] INFO:colcon.colcon_core.shell:Creating package script '/home/triton-ai/moses_work/ros2_stuff/install/tritonai_roi_interface/share/tritonai_roi_interface/package.bash'
[1.464s] INFO:colcon.colcon_core.shell:Creating package script '/home/triton-ai/moses_work/ros2_stuff/install/tritonai_roi_interface/share/tritonai_roi_interface/package.zsh'
[1.464s] Level 1:colcon.colcon_core.environment:create_file_with_runtime_dependencies(/home/triton-ai/moses_work/ros2_stuff/install/tritonai_roi_interface/share/colcon-core/packages/tritonai_roi_interface)
[1.464s] DEBUG:colcon.colcon_parallel_executor.executor.parallel:closing loop
[1.464s] DEBUG:colcon.colcon_parallel_executor.executor.parallel:loop closed
[1.464s] DEBUG:colcon.colcon_parallel_executor.executor.parallel:run_until_complete finished with '0'
[1.464s] DEBUG:colcon.colcon_core.event_reactor:joining thread
[1.467s] INFO:colcon.colcon_core.plugin_system:Skipping extension 'colcon_notification.desktop_notification.terminal_notifier': Not used on non-Darwin systems
[1.468s] INFO:colcon.colcon_core.plugin_system:Skipping extension 'colcon_notification.desktop_notification.win32': Not used on non-Windows systems
[1.468s] INFO:colcon.colcon_notification.desktop_notification:Sending desktop notification using 'notify2'
[1.475s] DEBUG:colcon.colcon_core.event_reactor:joined thread
[1.477s] INFO:colcon.colcon_core.shell:Creating prefix script '/home/triton-ai/moses_work/ros2_stuff/install/local_setup.ps1'
[1.478s] INFO:colcon.colcon_core.shell:Creating prefix util module '/home/triton-ai/moses_work/ros2_stuff/install/_local_setup_util_ps1.py'
[1.479s] INFO:colcon.colcon_core.shell:Creating prefix chain script '/home/triton-ai/moses_work/ros2_stuff/install/setup.ps1'
[1.480s] INFO:colcon.colcon_core.shell:Creating prefix script '/home/triton-ai/moses_work/ros2_stuff/install/local_setup.sh'
[1.481s] INFO:colcon.colcon_core.shell:Creating prefix util module '/home/triton-ai/moses_work/ros2_stuff/install/_local_setup_util_sh.py'
[1.481s] INFO:colcon.colcon_core.shell:Creating prefix chain script '/home/triton-ai/moses_work/ros2_stuff/install/setup.sh'
[1.482s] INFO:colcon.colcon_core.shell:Creating prefix script '/home/triton-ai/moses_work/ros2_stuff/install/local_setup.bash'
[1.482s] INFO:colcon.colcon_core.shell:Creating prefix chain script '/home/triton-ai/moses_work/ros2_stuff/install/setup.bash'
[1.483s] INFO:colcon.colcon_core.shell:Creating prefix script '/home/triton-ai/moses_work/ros2_stuff/install/local_setup.zsh'
[1.484s] INFO:colcon.colcon_core.shell:Creating prefix chain script '/home/triton-ai/moses_work/ros2_stuff/install/setup.zsh'
