[0.400s] Invoking command in '/home/triton-ai/moses_work/ros2_stuff/src/tritonai_roi_depth_info': CONDA_PROMPT_MODIFIER=(base) PYTHONPATH=/home/triton-ai/moses_work/ros2_stuff/build/tritonai_roi_depth_info/prefix_override:/home/triton-ai/moses_work/ros2_stuff/install/tritonai_roi_depth_info/lib/python3.10/site-packages:${PYTHONPATH} /usr/bin/python3 setup.py egg_info --egg-base ../../build/tritonai_roi_depth_info build --build-base /home/triton-ai/moses_work/ros2_stuff/build/tritonai_roi_depth_info/build install --record /home/triton-ai/moses_work/ros2_stuff/build/tritonai_roi_depth_info/install.log --single-version-externally-managed
[0.554s] running egg_info
[0.555s] creating ../../build/tritonai_roi_depth_info/tritonai_roi_depth_info.egg-info
[0.555s] writing ../../build/tritonai_roi_depth_info/tritonai_roi_depth_info.egg-info/PKG-INFO
[0.555s] writing dependency_links to ../../build/tritonai_roi_depth_info/tritonai_roi_depth_info.egg-info/dependency_links.txt
[0.555s] writing entry points to ../../build/tritonai_roi_depth_info/tritonai_roi_depth_info.egg-info/entry_points.txt
[0.555s] writing requirements to ../../build/tritonai_roi_depth_info/tritonai_roi_depth_info.egg-info/requires.txt
[0.555s] writing top-level names to ../../build/tritonai_roi_depth_info/tritonai_roi_depth_info.egg-info/top_level.txt
[0.555s] writing manifest file '../../build/tritonai_roi_depth_info/tritonai_roi_depth_info.egg-info/SOURCES.txt'
[0.556s] reading manifest file '../../build/tritonai_roi_depth_info/tritonai_roi_depth_info.egg-info/SOURCES.txt'
[0.557s] writing manifest file '../../build/tritonai_roi_depth_info/tritonai_roi_depth_info.egg-info/SOURCES.txt'
[0.557s] running build
[0.557s] running build_py
[0.557s] creating /home/triton-ai/moses_work/ros2_stuff/build/tritonai_roi_depth_info/build
[0.557s] creating /home/triton-ai/moses_work/ros2_stuff/build/tritonai_roi_depth_info/build/lib
[0.557s] creating /home/triton-ai/moses_work/ros2_stuff/build/tritonai_roi_depth_info/build/lib/tritonai_roi_depth_info
[0.557s] copying tritonai_roi_depth_info/publisher_member_function.py -> /home/triton-ai/moses_work/ros2_stuff/build/tritonai_roi_depth_info/build/lib/tritonai_roi_depth_info
[0.557s] copying tritonai_roi_depth_info/__init__.py -> /home/triton-ai/moses_work/ros2_stuff/build/tritonai_roi_depth_info/build/lib/tritonai_roi_depth_info
[0.557s] running install
[0.557s] /usr/lib/python3/dist-packages/setuptools/command/install.py:34: SetuptoolsDeprecationWarning: setup.py install is deprecated. Use build and pip and other standards-based tools.
[0.558s]   warnings.warn(
[0.558s] running install_lib
[0.558s] creating /home/triton-ai/moses_work/ros2_stuff/install/tritonai_roi_depth_info/lib/python3.10/site-packages/tritonai_roi_depth_info
[0.558s] copying /home/triton-ai/moses_work/ros2_stuff/build/tritonai_roi_depth_info/build/lib/tritonai_roi_depth_info/publisher_member_function.py -> /home/triton-ai/moses_work/ros2_stuff/install/tritonai_roi_depth_info/lib/python3.10/site-packages/tritonai_roi_depth_info
[0.558s] copying /home/triton-ai/moses_work/ros2_stuff/build/tritonai_roi_depth_info/build/lib/tritonai_roi_depth_info/__init__.py -> /home/triton-ai/moses_work/ros2_stuff/install/tritonai_roi_depth_info/lib/python3.10/site-packages/tritonai_roi_depth_info
[0.558s] byte-compiling /home/triton-ai/moses_work/ros2_stuff/install/tritonai_roi_depth_info/lib/python3.10/site-packages/tritonai_roi_depth_info/publisher_member_function.py to publisher_member_function.cpython-310.pyc
[0.559s] byte-compiling /home/triton-ai/moses_work/ros2_stuff/install/tritonai_roi_depth_info/lib/python3.10/site-packages/tritonai_roi_depth_info/__init__.py to __init__.cpython-310.pyc
[0.560s] running install_data
[0.560s] creating /home/triton-ai/moses_work/ros2_stuff/install/tritonai_roi_depth_info/share/ament_index
[0.560s] creating /home/triton-ai/moses_work/ros2_stuff/install/tritonai_roi_depth_info/share/ament_index/resource_index
[0.560s] creating /home/triton-ai/moses_work/ros2_stuff/install/tritonai_roi_depth_info/share/ament_index/resource_index/packages
[0.560s] copying resource/tritonai_roi_depth_info -> /home/triton-ai/moses_work/ros2_stuff/install/tritonai_roi_depth_info/share/ament_index/resource_index/packages
[0.560s] copying package.xml -> /home/triton-ai/moses_work/ros2_stuff/install/tritonai_roi_depth_info/share/tritonai_roi_depth_info
[0.560s] running install_egg_info
[0.561s] Copying ../../build/tritonai_roi_depth_info/tritonai_roi_depth_info.egg-info to /home/triton-ai/moses_work/ros2_stuff/install/tritonai_roi_depth_info/lib/python3.10/site-packages/tritonai_roi_depth_info-0.0.0-py3.10.egg-info
[0.561s] running install_scripts
[0.574s] writing list of installed files to '/home/triton-ai/moses_work/ros2_stuff/build/tritonai_roi_depth_info/install.log'
[0.590s] Invoked command in '/home/triton-ai/moses_work/ros2_stuff/src/tritonai_roi_depth_info' returned '0': CONDA_PROMPT_MODIFIER=(base) PYTHONPATH=/home/triton-ai/moses_work/ros2_stuff/build/tritonai_roi_depth_info/prefix_override:/home/triton-ai/moses_work/ros2_stuff/install/tritonai_roi_depth_info/lib/python3.10/site-packages:${PYTHONPATH} /usr/bin/python3 setup.py egg_info --egg-base ../../build/tritonai_roi_depth_info build --build-base /home/triton-ai/moses_work/ros2_stuff/build/tritonai_roi_depth_info/build install --record /home/triton-ai/moses_work/ros2_stuff/build/tritonai_roi_depth_info/install.log --single-version-externally-managed
