running egg_info
writing ../../build/tritonai_roi_depth_info/tritonai_roi_depth_info.egg-info/PKG-INFO
writing dependency_links to ../../build/tritonai_roi_depth_info/tritonai_roi_depth_info.egg-info/dependency_links.txt
writing entry points to ../../build/tritonai_roi_depth_info/tritonai_roi_depth_info.egg-info/entry_points.txt
writing requirements to ../../build/tritonai_roi_depth_info/tritonai_roi_depth_info.egg-info/requires.txt
writing top-level names to ../../build/tritonai_roi_depth_info/tritonai_roi_depth_info.egg-info/top_level.txt
reading manifest file '../../build/tritonai_roi_depth_info/tritonai_roi_depth_info.egg-info/SOURCES.txt'
writing manifest file '../../build/tritonai_roi_depth_info/tritonai_roi_depth_info.egg-info/SOURCES.txt'
running build
running build_py
copying tritonai_roi_depth_info/subscriber_2d_projection.py -> /home/triton-ai/moses_work/ros2_stuff/build/tritonai_roi_depth_info/build/lib/tritonai_roi_depth_info
running install
/usr/lib/python3/dist-packages/setuptools/command/install.py:34: SetuptoolsDeprecationWarning: setup.py install is deprecated. Use build and pip and other standards-based tools.
  warnings.warn(
running install_lib
copying /home/triton-ai/moses_work/ros2_stuff/build/tritonai_roi_depth_info/build/lib/tritonai_roi_depth_info/subscriber_2d_projection.py -> /home/triton-ai/moses_work/ros2_stuff/install/tritonai_roi_depth_info/lib/python3.10/site-packages/tritonai_roi_depth_info
byte-compiling /home/triton-ai/moses_work/ros2_stuff/install/tritonai_roi_depth_info/lib/python3.10/site-packages/tritonai_roi_depth_info/subscriber_2d_projection.py to subscriber_2d_projection.cpython-310.pyc
running install_data
copying package.xml -> /home/triton-ai/moses_work/ros2_stuff/install/tritonai_roi_depth_info/share/tritonai_roi_depth_info
running install_egg_info
removing '/home/triton-ai/moses_work/ros2_stuff/install/tritonai_roi_depth_info/lib/python3.10/site-packages/tritonai_roi_depth_info-0.0.0-py3.10.egg-info' (and everything under it)
Copying ../../build/tritonai_roi_depth_info/tritonai_roi_depth_info.egg-info to /home/triton-ai/moses_work/ros2_stuff/install/tritonai_roi_depth_info/lib/python3.10/site-packages/tritonai_roi_depth_info-0.0.0-py3.10.egg-info
running install_scripts
Installing listener script to /home/triton-ai/moses_work/ros2_stuff/install/tritonai_roi_depth_info/lib/tritonai_roi_depth_info
Installing talker script to /home/triton-ai/moses_work/ros2_stuff/install/tritonai_roi_depth_info/lib/tritonai_roi_depth_info
writing list of installed files to '/home/triton-ai/moses_work/ros2_stuff/build/tritonai_roi_depth_info/install.log'
