[0.411s] Invoking command in '/home/triton-ai/moses_work/cam_path_planner/src/tritonai_roi_depth_info': CONDA_PROMPT_MODIFIER=(base) PYTHONPATH=/home/triton-ai/moses_work/cam_path_planner/build/tritonai_roi_depth_info/prefix_override:/home/triton-ai/moses_work/cam_path_planner/install/tritonai_roi_depth_info/lib/python3.10/site-packages:${PYTHONPATH} /usr/bin/python3 setup.py egg_info --egg-base ../../build/tritonai_roi_depth_info build --build-base /home/triton-ai/moses_work/cam_path_planner/build/tritonai_roi_depth_info/build install --record /home/triton-ai/moses_work/cam_path_planner/build/tritonai_roi_depth_info/install.log --single-version-externally-managed
[0.573s] running egg_info
[0.573s] writing ../../build/tritonai_roi_depth_info/tritonai_roi_depth_info.egg-info/PKG-INFO
[0.574s] writing dependency_links to ../../build/tritonai_roi_depth_info/tritonai_roi_depth_info.egg-info/dependency_links.txt
[0.574s] writing entry points to ../../build/tritonai_roi_depth_info/tritonai_roi_depth_info.egg-info/entry_points.txt
[0.574s] writing requirements to ../../build/tritonai_roi_depth_info/tritonai_roi_depth_info.egg-info/requires.txt
[0.574s] writing top-level names to ../../build/tritonai_roi_depth_info/tritonai_roi_depth_info.egg-info/top_level.txt
[0.575s] reading manifest file '../../build/tritonai_roi_depth_info/tritonai_roi_depth_info.egg-info/SOURCES.txt'
[0.576s] writing manifest file '../../build/tritonai_roi_depth_info/tritonai_roi_depth_info.egg-info/SOURCES.txt'
[0.576s] running build
[0.576s] running build_py
[0.576s] copying tritonai_roi_depth_info/utility.py -> /home/triton-ai/moses_work/cam_path_planner/build/tritonai_roi_depth_info/build/lib/tritonai_roi_depth_info
[0.576s] copying tritonai_roi_depth_info/publisher_member_function.py -> /home/triton-ai/moses_work/cam_path_planner/build/tritonai_roi_depth_info/build/lib/tritonai_roi_depth_info
[0.576s] copying tritonai_roi_depth_info/publisher_member_function_native.py -> /home/triton-ai/moses_work/cam_path_planner/build/tritonai_roi_depth_info/build/lib/tritonai_roi_depth_info
[0.576s] copying tritonai_roi_depth_info/object_detection_publisher.py -> /home/triton-ai/moses_work/cam_path_planner/build/tritonai_roi_depth_info/build/lib/tritonai_roi_depth_info
[0.576s] copying tritonai_roi_depth_info/calc.py -> /home/triton-ai/moses_work/cam_path_planner/build/tritonai_roi_depth_info/build/lib/tritonai_roi_depth_info
[0.576s] running install
[0.576s] /usr/lib/python3/dist-packages/setuptools/command/install.py:34: SetuptoolsDeprecationWarning: setup.py install is deprecated. Use build and pip and other standards-based tools.
[0.576s]   warnings.warn(
[0.576s] running install_lib
[0.577s] copying /home/triton-ai/moses_work/cam_path_planner/build/tritonai_roi_depth_info/build/lib/tritonai_roi_depth_info/utility.py -> /home/triton-ai/moses_work/cam_path_planner/install/tritonai_roi_depth_info/lib/python3.10/site-packages/tritonai_roi_depth_info
[0.577s] copying /home/triton-ai/moses_work/cam_path_planner/build/tritonai_roi_depth_info/build/lib/tritonai_roi_depth_info/publisher_member_function.py -> /home/triton-ai/moses_work/cam_path_planner/install/tritonai_roi_depth_info/lib/python3.10/site-packages/tritonai_roi_depth_info
[0.577s] copying /home/triton-ai/moses_work/cam_path_planner/build/tritonai_roi_depth_info/build/lib/tritonai_roi_depth_info/publisher_member_function_native.py -> /home/triton-ai/moses_work/cam_path_planner/install/tritonai_roi_depth_info/lib/python3.10/site-packages/tritonai_roi_depth_info
[0.577s] copying /home/triton-ai/moses_work/cam_path_planner/build/tritonai_roi_depth_info/build/lib/tritonai_roi_depth_info/object_detection_publisher.py -> /home/triton-ai/moses_work/cam_path_planner/install/tritonai_roi_depth_info/lib/python3.10/site-packages/tritonai_roi_depth_info
[0.577s] copying /home/triton-ai/moses_work/cam_path_planner/build/tritonai_roi_depth_info/build/lib/tritonai_roi_depth_info/calc.py -> /home/triton-ai/moses_work/cam_path_planner/install/tritonai_roi_depth_info/lib/python3.10/site-packages/tritonai_roi_depth_info
[0.578s] byte-compiling /home/triton-ai/moses_work/cam_path_planner/install/tritonai_roi_depth_info/lib/python3.10/site-packages/tritonai_roi_depth_info/utility.py to utility.cpython-310.pyc
[0.578s] byte-compiling /home/triton-ai/moses_work/cam_path_planner/install/tritonai_roi_depth_info/lib/python3.10/site-packages/tritonai_roi_depth_info/publisher_member_function.py to publisher_member_function.cpython-310.pyc
[0.579s] byte-compiling /home/triton-ai/moses_work/cam_path_planner/install/tritonai_roi_depth_info/lib/python3.10/site-packages/tritonai_roi_depth_info/publisher_member_function_native.py to publisher_member_function_native.cpython-310.pyc
[0.581s] byte-compiling /home/triton-ai/moses_work/cam_path_planner/install/tritonai_roi_depth_info/lib/python3.10/site-packages/tritonai_roi_depth_info/object_detection_publisher.py to object_detection_publisher.cpython-310.pyc
[0.582s] byte-compiling /home/triton-ai/moses_work/cam_path_planner/install/tritonai_roi_depth_info/lib/python3.10/site-packages/tritonai_roi_depth_info/calc.py to calc.cpython-310.pyc
[0.583s] running install_data
[0.583s] running install_egg_info
[0.584s] removing '/home/triton-ai/moses_work/cam_path_planner/install/tritonai_roi_depth_info/lib/python3.10/site-packages/tritonai_roi_depth_info-0.0.0-py3.10.egg-info' (and everything under it)
[0.584s] Copying ../../build/tritonai_roi_depth_info/tritonai_roi_depth_info.egg-info to /home/triton-ai/moses_work/cam_path_planner/install/tritonai_roi_depth_info/lib/python3.10/site-packages/tritonai_roi_depth_info-0.0.0-py3.10.egg-info
[0.585s] running install_scripts
[0.596s] Installing listener script to /home/triton-ai/moses_work/cam_path_planner/install/tritonai_roi_depth_info/lib/tritonai_roi_depth_info
[0.597s] Installing listener_gps script to /home/triton-ai/moses_work/cam_path_planner/install/tritonai_roi_depth_info/lib/tritonai_roi_depth_info
[0.597s] Installing path_listener script to /home/triton-ai/moses_work/cam_path_planner/install/tritonai_roi_depth_info/lib/tritonai_roi_depth_info
[0.597s] Installing talker script to /home/triton-ai/moses_work/cam_path_planner/install/tritonai_roi_depth_info/lib/tritonai_roi_depth_info
[0.597s] writing list of installed files to '/home/triton-ai/moses_work/cam_path_planner/build/tritonai_roi_depth_info/install.log'
[0.612s] Invoked command in '/home/triton-ai/moses_work/cam_path_planner/src/tritonai_roi_depth_info' returned '0': CONDA_PROMPT_MODIFIER=(base) PYTHONPATH=/home/triton-ai/moses_work/cam_path_planner/build/tritonai_roi_depth_info/prefix_override:/home/triton-ai/moses_work/cam_path_planner/install/tritonai_roi_depth_info/lib/python3.10/site-packages:${PYTHONPATH} /usr/bin/python3 setup.py egg_info --egg-base ../../build/tritonai_roi_depth_info build --build-base /home/triton-ai/moses_work/cam_path_planner/build/tritonai_roi_depth_info/build install --record /home/triton-ai/moses_work/cam_path_planner/build/tritonai_roi_depth_info/install.log --single-version-externally-managed
