[0.449s] Invoking command in '/home/triton-ai/moses_work/ros2_stuff/src/tritonai_roi_depth_info': CONDA_PROMPT_MODIFIER=(base) PYTHONPATH=/home/triton-ai/moses_work/ros2_stuff/build/tritonai_roi_depth_info/prefix_override:/home/triton-ai/moses_work/ros2_stuff/install/tritonai_roi_depth_info/lib/python3.10/site-packages:/home/triton-ai/moses_work/ros2_stuff/install/tritonai_roi_interface/lib/python3.10/site-packages:/home/triton-ai/moses_work/ros2_stuff/install/tritonai_roi_depth_info/lib/python3.10/site-packages:/opt/ros/humble/lib/python3.10/site-packages:/opt/ros/humble/local/lib/python3.10/dist-packages /usr/bin/python3 setup.py egg_info --egg-base ../../build/tritonai_roi_depth_info build --build-base /home/triton-ai/moses_work/ros2_stuff/build/tritonai_roi_depth_info/build install --record /home/triton-ai/moses_work/ros2_stuff/build/tritonai_roi_depth_info/install.log --single-version-externally-managed
[0.623s] running egg_info
[0.624s] writing ../../build/tritonai_roi_depth_info/tritonai_roi_depth_info.egg-info/PKG-INFO
[0.624s] writing dependency_links to ../../build/tritonai_roi_depth_info/tritonai_roi_depth_info.egg-info/dependency_links.txt
[0.624s] writing entry points to ../../build/tritonai_roi_depth_info/tritonai_roi_depth_info.egg-info/entry_points.txt
[0.624s] writing requirements to ../../build/tritonai_roi_depth_info/tritonai_roi_depth_info.egg-info/requires.txt
[0.624s] writing top-level names to ../../build/tritonai_roi_depth_info/tritonai_roi_depth_info.egg-info/top_level.txt
[0.626s] reading manifest file '../../build/tritonai_roi_depth_info/tritonai_roi_depth_info.egg-info/SOURCES.txt'
[0.626s] writing manifest file '../../build/tritonai_roi_depth_info/tritonai_roi_depth_info.egg-info/SOURCES.txt'
[0.626s] running build
[0.626s] running build_py
[0.626s] copying tritonai_roi_depth_info/subscriber_2d_projection.py -> /home/triton-ai/moses_work/ros2_stuff/build/tritonai_roi_depth_info/build/lib/tritonai_roi_depth_info
[0.626s] running install
[0.626s] /usr/lib/python3/dist-packages/setuptools/command/install.py:34: SetuptoolsDeprecationWarning: setup.py install is deprecated. Use build and pip and other standards-based tools.
[0.627s]   warnings.warn(
[0.627s] running install_lib
[0.627s] copying /home/triton-ai/moses_work/ros2_stuff/build/tritonai_roi_depth_info/build/lib/tritonai_roi_depth_info/subscriber_2d_projection.py -> /home/triton-ai/moses_work/ros2_stuff/install/tritonai_roi_depth_info/lib/python3.10/site-packages/tritonai_roi_depth_info
[0.627s] byte-compiling /home/triton-ai/moses_work/ros2_stuff/install/tritonai_roi_depth_info/lib/python3.10/site-packages/tritonai_roi_depth_info/subscriber_2d_projection.py to subscriber_2d_projection.cpython-310.pyc
[0.628s] running install_data
[0.628s] running install_egg_info
[0.629s] removing '/home/triton-ai/moses_work/ros2_stuff/install/tritonai_roi_depth_info/lib/python3.10/site-packages/tritonai_roi_depth_info-0.0.0-py3.10.egg-info' (and everything under it)
[0.629s] Copying ../../build/tritonai_roi_depth_info/tritonai_roi_depth_info.egg-info to /home/triton-ai/moses_work/ros2_stuff/install/tritonai_roi_depth_info/lib/python3.10/site-packages/tritonai_roi_depth_info-0.0.0-py3.10.egg-info
[0.630s] running install_scripts
[0.643s] Installing listener script to /home/triton-ai/moses_work/ros2_stuff/install/tritonai_roi_depth_info/lib/tritonai_roi_depth_info
[0.643s] Installing talker script to /home/triton-ai/moses_work/ros2_stuff/install/tritonai_roi_depth_info/lib/tritonai_roi_depth_info
[0.643s] writing list of installed files to '/home/triton-ai/moses_work/ros2_stuff/build/tritonai_roi_depth_info/install.log'
[0.660s] Invoked command in '/home/triton-ai/moses_work/ros2_stuff/src/tritonai_roi_depth_info' returned '0': CONDA_PROMPT_MODIFIER=(base) PYTHONPATH=/home/triton-ai/moses_work/ros2_stuff/build/tritonai_roi_depth_info/prefix_override:/home/triton-ai/moses_work/ros2_stuff/install/tritonai_roi_depth_info/lib/python3.10/site-packages:/home/triton-ai/moses_work/ros2_stuff/install/tritonai_roi_interface/lib/python3.10/site-packages:/home/triton-ai/moses_work/ros2_stuff/install/tritonai_roi_depth_info/lib/python3.10/site-packages:/opt/ros/humble/lib/python3.10/site-packages:/opt/ros/humble/local/lib/python3.10/dist-packages /usr/bin/python3 setup.py egg_info --egg-base ../../build/tritonai_roi_depth_info build --build-base /home/triton-ai/moses_work/ros2_stuff/build/tritonai_roi_depth_info/build install --record /home/triton-ai/moses_work/ros2_stuff/build/tritonai_roi_depth_info/install.log --single-version-externally-managed
