running egg_info
creating ../../build/tritonai_roi_depth_info/tritonai_roi_depth_info.egg-info
writing ../../build/tritonai_roi_depth_info/tritonai_roi_depth_info.egg-info/PKG-INFO
writing dependency_links to ../../build/tritonai_roi_depth_info/tritonai_roi_depth_info.egg-info/dependency_links.txt
writing entry points to ../../build/tritonai_roi_depth_info/tritonai_roi_depth_info.egg-info/entry_points.txt
writing requirements to ../../build/tritonai_roi_depth_info/tritonai_roi_depth_info.egg-info/requires.txt
writing top-level names to ../../build/tritonai_roi_depth_info/tritonai_roi_depth_info.egg-info/top_level.txt
writing manifest file '../../build/tritonai_roi_depth_info/tritonai_roi_depth_info.egg-info/SOURCES.txt'
reading manifest file '../../build/tritonai_roi_depth_info/tritonai_roi_depth_info.egg-info/SOURCES.txt'
writing manifest file '../../build/tritonai_roi_depth_info/tritonai_roi_depth_info.egg-info/SOURCES.txt'
running build
running build_py
creating /home/triton-ai/moses_work/ros2_stuff/build/tritonai_roi_depth_info/build
creating /home/triton-ai/moses_work/ros2_stuff/build/tritonai_roi_depth_info/build/lib
creating /home/triton-ai/moses_work/ros2_stuff/build/tritonai_roi_depth_info/build/lib/tritonai_roi_depth_info
copying tritonai_roi_depth_info/publisher_member_function.py -> /home/triton-ai/moses_work/ros2_stuff/build/tritonai_roi_depth_info/build/lib/tritonai_roi_depth_info
copying tritonai_roi_depth_info/__init__.py -> /home/triton-ai/moses_work/ros2_stuff/build/tritonai_roi_depth_info/build/lib/tritonai_roi_depth_info
running install
/usr/lib/python3/dist-packages/setuptools/command/install.py:34: SetuptoolsDeprecationWarning: setup.py install is deprecated. Use build and pip and other standards-based tools.
  warnings.warn(
running install_lib
creating /home/triton-ai/moses_work/ros2_stuff/install/tritonai_roi_depth_info/lib/python3.10/site-packages/tritonai_roi_depth_info
copying /home/triton-ai/moses_work/ros2_stuff/build/tritonai_roi_depth_info/build/lib/tritonai_roi_depth_info/publisher_member_function.py -> /home/triton-ai/moses_work/ros2_stuff/install/tritonai_roi_depth_info/lib/python3.10/site-packages/tritonai_roi_depth_info
copying /home/triton-ai/moses_work/ros2_stuff/build/tritonai_roi_depth_info/build/lib/tritonai_roi_depth_info/__init__.py -> /home/triton-ai/moses_work/ros2_stuff/install/tritonai_roi_depth_info/lib/python3.10/site-packages/tritonai_roi_depth_info
byte-compiling /home/triton-ai/moses_work/ros2_stuff/install/tritonai_roi_depth_info/lib/python3.10/site-packages/tritonai_roi_depth_info/publisher_member_function.py to publisher_member_function.cpython-310.pyc
byte-compiling /home/triton-ai/moses_work/ros2_stuff/install/tritonai_roi_depth_info/lib/python3.10/site-packages/tritonai_roi_depth_info/__init__.py to __init__.cpython-310.pyc
running install_data
creating /home/triton-ai/moses_work/ros2_stuff/install/tritonai_roi_depth_info/share/ament_index
creating /home/triton-ai/moses_work/ros2_stuff/install/tritonai_roi_depth_info/share/ament_index/resource_index
creating /home/triton-ai/moses_work/ros2_stuff/install/tritonai_roi_depth_info/share/ament_index/resource_index/packages
copying resource/tritonai_roi_depth_info -> /home/triton-ai/moses_work/ros2_stuff/install/tritonai_roi_depth_info/share/ament_index/resource_index/packages
copying package.xml -> /home/triton-ai/moses_work/ros2_stuff/install/tritonai_roi_depth_info/share/tritonai_roi_depth_info
running install_egg_info
Copying ../../build/tritonai_roi_depth_info/tritonai_roi_depth_info.egg-info to /home/triton-ai/moses_work/ros2_stuff/install/tritonai_roi_depth_info/lib/python3.10/site-packages/tritonai_roi_depth_info-0.0.0-py3.10.egg-info
running install_scripts
writing list of installed files to '/home/triton-ai/moses_work/ros2_stuff/build/tritonai_roi_depth_info/install.log'
