[0.390s] Invoking command in '/home/triton-ai/moses_work/ros2_stuff/src/tritonai_roi_depth_info': AMENT_PREFIX_PATH=/home/triton-ai/moses_work/ros2_stuff/install/tritonai_roi_interface:${AMENT_PREFIX_PATH} CMAKE_PREFIX_PATH=/home/triton-ai/moses_work/ros2_stuff/install/tritonai_roi_interface CONDA_PROMPT_MODIFIER=(base) LD_LIBRARY_PATH=/home/triton-ai/moses_work/ros2_stuff/install/tritonai_roi_interface/lib:${LD_LIBRARY_PATH} PYTHONPATH=/home/triton-ai/moses_work/ros2_stuff/build/tritonai_roi_depth_info/prefix_override:/home/triton-ai/moses_work/ros2_stuff/install/tritonai_roi_depth_info/lib/python3.10/site-packages:/home/triton-ai/moses_work/ros2_stuff/install/tritonai_roi_interface/lib/python3.10/site-packages:${PYTHONPATH} /usr/bin/python3 setup.py egg_info --egg-base ../../build/tritonai_roi_depth_info build --build-base /home/triton-ai/moses_work/ros2_stuff/build/tritonai_roi_depth_info/build install --record /home/triton-ai/moses_work/ros2_stuff/build/tritonai_roi_depth_info/install.log --single-version-externally-managed
[0.539s] running egg_info
[0.539s] writing ../../build/tritonai_roi_depth_info/tritonai_roi_depth_info.egg-info/PKG-INFO
[0.540s] writing dependency_links to ../../build/tritonai_roi_depth_info/tritonai_roi_depth_info.egg-info/dependency_links.txt
[0.540s] writing entry points to ../../build/tritonai_roi_depth_info/tritonai_roi_depth_info.egg-info/entry_points.txt
[0.540s] writing requirements to ../../build/tritonai_roi_depth_info/tritonai_roi_depth_info.egg-info/requires.txt
[0.540s] writing top-level names to ../../build/tritonai_roi_depth_info/tritonai_roi_depth_info.egg-info/top_level.txt
[0.541s] reading manifest file '../../build/tritonai_roi_depth_info/tritonai_roi_depth_info.egg-info/SOURCES.txt'
[0.541s] writing manifest file '../../build/tritonai_roi_depth_info/tritonai_roi_depth_info.egg-info/SOURCES.txt'
[0.541s] running build
[0.541s] running build_py
[0.542s] running install
[0.542s] /usr/lib/python3/dist-packages/setuptools/command/install.py:34: SetuptoolsDeprecationWarning: setup.py install is deprecated. Use build and pip and other standards-based tools.
[0.542s]   warnings.warn(
[0.542s] running install_lib
[0.542s] running install_data
[0.543s] running install_egg_info
[0.543s] removing '/home/triton-ai/moses_work/ros2_stuff/install/tritonai_roi_depth_info/lib/python3.10/site-packages/tritonai_roi_depth_info-0.0.0-py3.10.egg-info' (and everything under it)
[0.544s] Copying ../../build/tritonai_roi_depth_info/tritonai_roi_depth_info.egg-info to /home/triton-ai/moses_work/ros2_stuff/install/tritonai_roi_depth_info/lib/python3.10/site-packages/tritonai_roi_depth_info-0.0.0-py3.10.egg-info
[0.544s] running install_scripts
[0.556s] writing list of installed files to '/home/triton-ai/moses_work/ros2_stuff/build/tritonai_roi_depth_info/install.log'
[0.570s] Invoked command in '/home/triton-ai/moses_work/ros2_stuff/src/tritonai_roi_depth_info' returned '0': AMENT_PREFIX_PATH=/home/triton-ai/moses_work/ros2_stuff/install/tritonai_roi_interface:${AMENT_PREFIX_PATH} CMAKE_PREFIX_PATH=/home/triton-ai/moses_work/ros2_stuff/install/tritonai_roi_interface CONDA_PROMPT_MODIFIER=(base) LD_LIBRARY_PATH=/home/triton-ai/moses_work/ros2_stuff/install/tritonai_roi_interface/lib:${LD_LIBRARY_PATH} PYTHONPATH=/home/triton-ai/moses_work/ros2_stuff/build/tritonai_roi_depth_info/prefix_override:/home/triton-ai/moses_work/ros2_stuff/install/tritonai_roi_depth_info/lib/python3.10/site-packages:/home/triton-ai/moses_work/ros2_stuff/install/tritonai_roi_interface/lib/python3.10/site-packages:${PYTHONPATH} /usr/bin/python3 setup.py egg_info --egg-base ../../build/tritonai_roi_depth_info build --build-base /home/triton-ai/moses_work/ros2_stuff/build/tritonai_roi_depth_info/build install --record /home/triton-ai/moses_work/ros2_stuff/build/tritonai_roi_depth_info/install.log --single-version-externally-managed
