[0.169s] Invoking command in '/home/triton-ai/moses_work/ros2_stuff/build/tritonai_roi_interface': CMAKE_PREFIX_PATH=/opt/ros/humble CONDA_PROMPT_MODIFIER=(base) /home/triton-ai/miniconda3/bin/cmake --build /home/triton-ai/moses_work/ros2_stuff/build/tritonai_roi_interface -- -j12 -l12
[0.191s] -- Found ament_cmake: 1.3.3 (/opt/ros/humble/share/ament_cmake/cmake)
[0.257s] -- Found rosidl_default_generators: 1.2.0 (/opt/ros/humble/share/rosidl_default_generators/cmake)
[0.258s] -- Using all available rosidl_typesupport_c: rosidl_typesupport_fastrtps_c;rosidl_typesupport_introspection_c
[0.260s] -- Found rosidl_adapter: 3.1.4 (/opt/ros/humble/share/rosidl_adapter/cmake)
[0.281s] -- Using all available rosidl_typesupport_cpp: rosidl_typesupport_fastrtps_cpp;rosidl_typesupport_introspection_cpp
[0.417s] -- Found ament_cmake_ros: 0.10.0 (/opt/ros/humble/share/ament_cmake_ros/cmake)
[0.468s] -- Using all available rosidl_typesupport_c: rosidl_typesupport_fastrtps_c;rosidl_typesupport_introspection_c
[0.534s] -- Using all available rosidl_typesupport_cpp: rosidl_typesupport_fastrtps_cpp;rosidl_typesupport_introspection_cpp
[0.548s] -- Found python_cmake_module: 0.10.0 (/opt/ros/humble/share/python_cmake_module/cmake)
[0.561s] -- Using PYTHON_EXECUTABLE: /home/triton-ai/miniconda3/bin/python3
[0.562s] -- Using PYTHON_INCLUDE_DIRS: /home/triton-ai/miniconda3/include/python3.10
[0.562s] -- Using PYTHON_LIBRARIES: /home/triton-ai/miniconda3/lib/libpython3.10.so
[0.640s] -- Using numpy include directory: /home/triton-ai/miniconda3/lib/python3.10/site-packages/numpy/core/include
[0.643s] -- Found ament_lint_auto: 0.12.5 (/opt/ros/humble/share/ament_lint_auto/cmake)
[0.649s] -- Added test 'lint_cmake' to check CMake code style
[0.649s] -- Added test 'xmllint' to check XML markup files
[0.650s] -- Configuring done (0.5s)
[0.666s] -- Generating done (0.0s)
[0.668s] -- Build files have been written to: /home/triton-ai/moses_work/ros2_stuff/build/tritonai_roi_interface
[0.677s] [  3%] Built target tritonai_roi_interface__cpp
[0.678s] [ 12%] Built target tritonai_roi_interface__rosidl_generator_c
[0.679s] [ 12%] Built target ament_cmake_python_copy_tritonai_roi_interface
[0.684s] [ 22%] Built target tritonai_roi_interface__rosidl_typesupport_introspection_c
[0.684s] [ 35%] Built target tritonai_roi_interface__rosidl_typesupport_fastrtps_cpp
[0.684s] [ 41%] Built target tritonai_roi_interface__rosidl_typesupport_introspection_cpp
[0.684s] [ 51%] Built target tritonai_roi_interface__rosidl_typesupport_fastrtps_c
[0.685s] [ 61%] Built target tritonai_roi_interface__rosidl_typesupport_cpp
[0.685s] [ 70%] Built target tritonai_roi_interface__rosidl_typesupport_c
[0.689s] [ 70%] Built target tritonai_roi_interface
[0.694s] [ 74%] Built target tritonai_roi_interface__py
[0.701s] [ 80%] Built target tritonai_roi_interface__rosidl_generator_py
[0.708s] [100%] Built target tritonai_roi_interface__rosidl_typesupport_fastrtps_c__pyext
[0.708s] [100%] Built target tritonai_roi_interface__rosidl_typesupport_c__pyext
[0.708s] [100%] Built target tritonai_roi_interface__rosidl_typesupport_introspection_c__pyext
[0.852s] running egg_info
[0.859s] writing tritonai_roi_interface.egg-info/PKG-INFO
[0.859s] writing dependency_links to tritonai_roi_interface.egg-info/dependency_links.txt
[0.859s] writing top-level names to tritonai_roi_interface.egg-info/top_level.txt
[0.879s] reading manifest file 'tritonai_roi_interface.egg-info/SOURCES.txt'
[0.879s] writing manifest file 'tritonai_roi_interface.egg-info/SOURCES.txt'
[0.900s] [100%] Built target ament_cmake_python_build_tritonai_roi_interface_egg
[0.906s] Invoked command in '/home/triton-ai/moses_work/ros2_stuff/build/tritonai_roi_interface' returned '0': CMAKE_PREFIX_PATH=/opt/ros/humble CONDA_PROMPT_MODIFIER=(base) /home/triton-ai/miniconda3/bin/cmake --build /home/triton-ai/moses_work/ros2_stuff/build/tritonai_roi_interface -- -j12 -l12
[1.052s] Invoking command in '/home/triton-ai/moses_work/ros2_stuff/build/tritonai_roi_interface': CMAKE_PREFIX_PATH=/opt/ros/humble CONDA_PROMPT_MODIFIER=(base) /home/triton-ai/miniconda3/bin/cmake --install /home/triton-ai/moses_work/ros2_stuff/build/tritonai_roi_interface
[1.068s] -- Install configuration: ""
[1.068s] -- Up-to-date: /home/triton-ai/moses_work/ros2_stuff/install/tritonai_roi_interface/share/ament_index/resource_index/rosidl_interfaces/tritonai_roi_interface
[1.068s] -- Up-to-date: /home/triton-ai/moses_work/ros2_stuff/install/tritonai_roi_interface/include/tritonai_roi_interface/tritonai_roi_interface
[1.068s] -- Up-to-date: /home/triton-ai/moses_work/ros2_stuff/install/tritonai_roi_interface/include/tritonai_roi_interface/tritonai_roi_interface/msg
[1.068s] -- Up-to-date: /home/triton-ai/moses_work/ros2_stuff/install/tritonai_roi_interface/include/tritonai_roi_interface/tritonai_roi_interface/msg/rosidl_generator_c__visibility_control.h
[1.068s] -- Up-to-date: /home/triton-ai/moses_work/ros2_stuff/install/tritonai_roi_interface/include/tritonai_roi_interface/tritonai_roi_interface/msg/address_book.h
[1.068s] -- Up-to-date: /home/triton-ai/moses_work/ros2_stuff/install/tritonai_roi_interface/include/tritonai_roi_interface/tritonai_roi_interface/msg/detail
[1.069s] -- Up-to-date: /home/triton-ai/moses_work/ros2_stuff/install/tritonai_roi_interface/include/tritonai_roi_interface/tritonai_roi_interface/msg/detail/address_book__functions.h
[1.069s] -- Up-to-date: /home/triton-ai/moses_work/ros2_stuff/install/tritonai_roi_interface/include/tritonai_roi_interface/tritonai_roi_interface/msg/detail/address_book__struct.h
[1.069s] -- Up-to-date: /home/triton-ai/moses_work/ros2_stuff/install/tritonai_roi_interface/include/tritonai_roi_interface/tritonai_roi_interface/msg/detail/address_book__functions.c
[1.069s] -- Up-to-date: /home/triton-ai/moses_work/ros2_stuff/install/tritonai_roi_interface/include/tritonai_roi_interface/tritonai_roi_interface/msg/detail/address_book__type_support.h
[1.069s] -- Up-to-date: /home/triton-ai/moses_work/ros2_stuff/install/tritonai_roi_interface/share/tritonai_roi_interface/environment/library_path.sh
[1.069s] -- Installing: /home/triton-ai/moses_work/ros2_stuff/install/tritonai_roi_interface/share/tritonai_roi_interface/environment/library_path.dsv
[1.069s] -- Up-to-date: /home/triton-ai/moses_work/ros2_stuff/install/tritonai_roi_interface/lib/libtritonai_roi_interface__rosidl_generator_c.so
[1.069s] -- Up-to-date: /home/triton-ai/moses_work/ros2_stuff/install/tritonai_roi_interface/include/tritonai_roi_interface/tritonai_roi_interface
[1.069s] -- Up-to-date: /home/triton-ai/moses_work/ros2_stuff/install/tritonai_roi_interface/include/tritonai_roi_interface/tritonai_roi_interface/msg
[1.069s] -- Up-to-date: /home/triton-ai/moses_work/ros2_stuff/install/tritonai_roi_interface/include/tritonai_roi_interface/tritonai_roi_interface/msg/rosidl_typesupport_fastrtps_c__visibility_control.h
[1.069s] -- Up-to-date: /home/triton-ai/moses_work/ros2_stuff/install/tritonai_roi_interface/include/tritonai_roi_interface/tritonai_roi_interface/msg/detail
[1.069s] -- Up-to-date: /home/triton-ai/moses_work/ros2_stuff/install/tritonai_roi_interface/include/tritonai_roi_interface/tritonai_roi_interface/msg/detail/address_book__rosidl_typesupport_fastrtps_c.h
[1.069s] -- Up-to-date: /home/triton-ai/moses_work/ros2_stuff/install/tritonai_roi_interface/lib/libtritonai_roi_interface__rosidl_typesupport_fastrtps_c.so
[1.069s] -- Up-to-date: /home/triton-ai/moses_work/ros2_stuff/install/tritonai_roi_interface/include/tritonai_roi_interface/tritonai_roi_interface
[1.070s] -- Up-to-date: /home/triton-ai/moses_work/ros2_stuff/install/tritonai_roi_interface/include/tritonai_roi_interface/tritonai_roi_interface/msg
[1.070s] -- Up-to-date: /home/triton-ai/moses_work/ros2_stuff/install/tritonai_roi_interface/include/tritonai_roi_interface/tritonai_roi_interface/msg/rosidl_typesupport_introspection_c__visibility_control.h
[1.070s] -- Up-to-date: /home/triton-ai/moses_work/ros2_stuff/install/tritonai_roi_interface/include/tritonai_roi_interface/tritonai_roi_interface/msg/detail
[1.070s] -- Up-to-date: /home/triton-ai/moses_work/ros2_stuff/install/tritonai_roi_interface/include/tritonai_roi_interface/tritonai_roi_interface/msg/detail/address_book__type_support.c
[1.070s] -- Up-to-date: /home/triton-ai/moses_work/ros2_stuff/install/tritonai_roi_interface/include/tritonai_roi_interface/tritonai_roi_interface/msg/detail/address_book__rosidl_typesupport_introspection_c.h
[1.070s] -- Up-to-date: /home/triton-ai/moses_work/ros2_stuff/install/tritonai_roi_interface/lib/libtritonai_roi_interface__rosidl_typesupport_introspection_c.so
[1.070s] -- Up-to-date: /home/triton-ai/moses_work/ros2_stuff/install/tritonai_roi_interface/lib/libtritonai_roi_interface__rosidl_typesupport_c.so
[1.070s] -- Up-to-date: /home/triton-ai/moses_work/ros2_stuff/install/tritonai_roi_interface/include/tritonai_roi_interface/tritonai_roi_interface
[1.070s] -- Up-to-date: /home/triton-ai/moses_work/ros2_stuff/install/tritonai_roi_interface/include/tritonai_roi_interface/tritonai_roi_interface/msg
[1.070s] -- Up-to-date: /home/triton-ai/moses_work/ros2_stuff/install/tritonai_roi_interface/include/tritonai_roi_interface/tritonai_roi_interface/msg/address_book.hpp
[1.070s] -- Up-to-date: /home/triton-ai/moses_work/ros2_stuff/install/tritonai_roi_interface/include/tritonai_roi_interface/tritonai_roi_interface/msg/detail
[1.070s] -- Up-to-date: /home/triton-ai/moses_work/ros2_stuff/install/tritonai_roi_interface/include/tritonai_roi_interface/tritonai_roi_interface/msg/detail/address_book__struct.hpp
[1.070s] -- Up-to-date: /home/triton-ai/moses_work/ros2_stuff/install/tritonai_roi_interface/include/tritonai_roi_interface/tritonai_roi_interface/msg/detail/address_book__traits.hpp
[1.070s] -- Up-to-date: /home/triton-ai/moses_work/ros2_stuff/install/tritonai_roi_interface/include/tritonai_roi_interface/tritonai_roi_interface/msg/detail/address_book__builder.hpp
[1.070s] -- Up-to-date: /home/triton-ai/moses_work/ros2_stuff/install/tritonai_roi_interface/include/tritonai_roi_interface/tritonai_roi_interface
[1.070s] -- Up-to-date: /home/triton-ai/moses_work/ros2_stuff/install/tritonai_roi_interface/include/tritonai_roi_interface/tritonai_roi_interface/msg
[1.070s] -- Up-to-date: /home/triton-ai/moses_work/ros2_stuff/install/tritonai_roi_interface/include/tritonai_roi_interface/tritonai_roi_interface/msg/rosidl_typesupport_fastrtps_cpp__visibility_control.h
[1.070s] -- Up-to-date: /home/triton-ai/moses_work/ros2_stuff/install/tritonai_roi_interface/include/tritonai_roi_interface/tritonai_roi_interface/msg/detail
[1.070s] -- Up-to-date: /home/triton-ai/moses_work/ros2_stuff/install/tritonai_roi_interface/include/tritonai_roi_interface/tritonai_roi_interface/msg/detail/address_book__rosidl_typesupport_fastrtps_cpp.hpp
[1.070s] -- Up-to-date: /home/triton-ai/moses_work/ros2_stuff/install/tritonai_roi_interface/include/tritonai_roi_interface/tritonai_roi_interface/msg/detail/dds_fastrtps
[1.070s] -- Up-to-date: /home/triton-ai/moses_work/ros2_stuff/install/tritonai_roi_interface/lib/libtritonai_roi_interface__rosidl_typesupport_fastrtps_cpp.so
[1.070s] -- Up-to-date: /home/triton-ai/moses_work/ros2_stuff/install/tritonai_roi_interface/include/tritonai_roi_interface/tritonai_roi_interface
[1.071s] -- Up-to-date: /home/triton-ai/moses_work/ros2_stuff/install/tritonai_roi_interface/include/tritonai_roi_interface/tritonai_roi_interface/msg
[1.071s] -- Up-to-date: /home/triton-ai/moses_work/ros2_stuff/install/tritonai_roi_interface/include/tritonai_roi_interface/tritonai_roi_interface/msg/detail
[1.071s] -- Up-to-date: /home/triton-ai/moses_work/ros2_stuff/install/tritonai_roi_interface/include/tritonai_roi_interface/tritonai_roi_interface/msg/detail/address_book__type_support.cpp
[1.071s] -- Up-to-date: /home/triton-ai/moses_work/ros2_stuff/install/tritonai_roi_interface/include/tritonai_roi_interface/tritonai_roi_interface/msg/detail/address_book__rosidl_typesupport_introspection_cpp.hpp
[1.071s] -- Up-to-date: /home/triton-ai/moses_work/ros2_stuff/install/tritonai_roi_interface/lib/libtritonai_roi_interface__rosidl_typesupport_introspection_cpp.so
[1.071s] -- Up-to-date: /home/triton-ai/moses_work/ros2_stuff/install/tritonai_roi_interface/lib/libtritonai_roi_interface__rosidl_typesupport_cpp.so
[1.071s] -- Up-to-date: /home/triton-ai/moses_work/ros2_stuff/install/tritonai_roi_interface/share/tritonai_roi_interface/environment/pythonpath.sh
[1.071s] -- Installing: /home/triton-ai/moses_work/ros2_stuff/install/tritonai_roi_interface/share/tritonai_roi_interface/environment/pythonpath.dsv
[1.071s] -- Up-to-date: /home/triton-ai/moses_work/ros2_stuff/install/tritonai_roi_interface/lib/python3.10/site-packages/tritonai_roi_interface-0.0.0-py3.10.egg-info
[1.071s] -- Installing: /home/triton-ai/moses_work/ros2_stuff/install/tritonai_roi_interface/lib/python3.10/site-packages/tritonai_roi_interface-0.0.0-py3.10.egg-info/PKG-INFO
[1.071s] -- Installing: /home/triton-ai/moses_work/ros2_stuff/install/tritonai_roi_interface/lib/python3.10/site-packages/tritonai_roi_interface-0.0.0-py3.10.egg-info/top_level.txt
[1.071s] -- Installing: /home/triton-ai/moses_work/ros2_stuff/install/tritonai_roi_interface/lib/python3.10/site-packages/tritonai_roi_interface-0.0.0-py3.10.egg-info/dependency_links.txt
[1.071s] -- Installing: /home/triton-ai/moses_work/ros2_stuff/install/tritonai_roi_interface/lib/python3.10/site-packages/tritonai_roi_interface-0.0.0-py3.10.egg-info/SOURCES.txt
[1.071s] -- Up-to-date: /home/triton-ai/moses_work/ros2_stuff/install/tritonai_roi_interface/lib/python3.10/site-packages/tritonai_roi_interface
[1.071s] -- Up-to-date: /home/triton-ai/moses_work/ros2_stuff/install/tritonai_roi_interface/lib/python3.10/site-packages/tritonai_roi_interface/_tritonai_roi_interface_s.ep.rosidl_typesupport_introspection_c.c
[1.071s] -- Up-to-date: /home/triton-ai/moses_work/ros2_stuff/install/tritonai_roi_interface/lib/python3.10/site-packages/tritonai_roi_interface/tritonai_roi_interface_s__rosidl_typesupport_introspection_c.cpython-310-x86_64-linux-gnu.so
[1.071s] -- Up-to-date: /home/triton-ai/moses_work/ros2_stuff/install/tritonai_roi_interface/lib/python3.10/site-packages/tritonai_roi_interface/tritonai_roi_interface_s__rosidl_typesupport_fastrtps_c.cpython-310-x86_64-linux-gnu.so
[1.071s] -- Up-to-date: /home/triton-ai/moses_work/ros2_stuff/install/tritonai_roi_interface/lib/python3.10/site-packages/tritonai_roi_interface/tritonai_roi_interface_s__rosidl_typesupport_c.cpython-310-x86_64-linux-gnu.so
[1.071s] -- Up-to-date: /home/triton-ai/moses_work/ros2_stuff/install/tritonai_roi_interface/lib/python3.10/site-packages/tritonai_roi_interface/_tritonai_roi_interface_s.ep.rosidl_typesupport_c.c
[1.071s] -- Installing: /home/triton-ai/moses_work/ros2_stuff/install/tritonai_roi_interface/lib/python3.10/site-packages/tritonai_roi_interface/__init__.py
[1.071s] -- Up-to-date: /home/triton-ai/moses_work/ros2_stuff/install/tritonai_roi_interface/lib/python3.10/site-packages/tritonai_roi_interface/libtritonai_roi_interface__rosidl_generator_py.so
[1.071s] -- Up-to-date: /home/triton-ai/moses_work/ros2_stuff/install/tritonai_roi_interface/lib/python3.10/site-packages/tritonai_roi_interface/_tritonai_roi_interface_s.ep.rosidl_typesupport_fastrtps_c.c
[1.071s] -- Up-to-date: /home/triton-ai/moses_work/ros2_stuff/install/tritonai_roi_interface/lib/python3.10/site-packages/tritonai_roi_interface/msg
[1.071s] -- Up-to-date: /home/triton-ai/moses_work/ros2_stuff/install/tritonai_roi_interface/lib/python3.10/site-packages/tritonai_roi_interface/msg/_address_book_s.c
[1.071s] -- Up-to-date: /home/triton-ai/moses_work/ros2_stuff/install/tritonai_roi_interface/lib/python3.10/site-packages/tritonai_roi_interface/msg/_address_book.py
[1.071s] -- Up-to-date: /home/triton-ai/moses_work/ros2_stuff/install/tritonai_roi_interface/lib/python3.10/site-packages/tritonai_roi_interface/msg/__init__.py
[1.089s] Listing '/home/triton-ai/moses_work/ros2_stuff/install/tritonai_roi_interface/lib/python3.10/site-packages/tritonai_roi_interface'...
[1.089s] Compiling '/home/triton-ai/moses_work/ros2_stuff/install/tritonai_roi_interface/lib/python3.10/site-packages/tritonai_roi_interface/__init__.py'...
[1.089s] Listing '/home/triton-ai/moses_work/ros2_stuff/install/tritonai_roi_interface/lib/python3.10/site-packages/tritonai_roi_interface/msg'...
[1.091s] -- Up-to-date: /home/triton-ai/moses_work/ros2_stuff/install/tritonai_roi_interface/lib/python3.10/site-packages/tritonai_roi_interface/tritonai_roi_interface_s__rosidl_typesupport_fastrtps_c.cpython-310-x86_64-linux-gnu.so
[1.091s] -- Up-to-date: /home/triton-ai/moses_work/ros2_stuff/install/tritonai_roi_interface/lib/python3.10/site-packages/tritonai_roi_interface/tritonai_roi_interface_s__rosidl_typesupport_introspection_c.cpython-310-x86_64-linux-gnu.so
[1.091s] -- Up-to-date: /home/triton-ai/moses_work/ros2_stuff/install/tritonai_roi_interface/lib/python3.10/site-packages/tritonai_roi_interface/tritonai_roi_interface_s__rosidl_typesupport_c.cpython-310-x86_64-linux-gnu.so
[1.091s] -- Up-to-date: /home/triton-ai/moses_work/ros2_stuff/install/tritonai_roi_interface/lib/libtritonai_roi_interface__rosidl_generator_py.so
[1.091s] -- Up-to-date: /home/triton-ai/moses_work/ros2_stuff/install/tritonai_roi_interface/share/tritonai_roi_interface/msg/AddressBook.idl
[1.092s] -- Up-to-date: /home/triton-ai/moses_work/ros2_stuff/install/tritonai_roi_interface/share/tritonai_roi_interface/msg/AddressBook.msg
[1.092s] -- Up-to-date: /home/triton-ai/moses_work/ros2_stuff/install/tritonai_roi_interface/share/ament_index/resource_index/package_run_dependencies/tritonai_roi_interface
[1.092s] -- Installing: /home/triton-ai/moses_work/ros2_stuff/install/tritonai_roi_interface/share/ament_index/resource_index/parent_prefix_path/tritonai_roi_interface
[1.092s] -- Up-to-date: /home/triton-ai/moses_work/ros2_stuff/install/tritonai_roi_interface/share/tritonai_roi_interface/environment/ament_prefix_path.sh
[1.092s] -- Installing: /home/triton-ai/moses_work/ros2_stuff/install/tritonai_roi_interface/share/tritonai_roi_interface/environment/ament_prefix_path.dsv
[1.092s] -- Up-to-date: /home/triton-ai/moses_work/ros2_stuff/install/tritonai_roi_interface/share/tritonai_roi_interface/environment/path.sh
[1.092s] -- Installing: /home/triton-ai/moses_work/ros2_stuff/install/tritonai_roi_interface/share/tritonai_roi_interface/environment/path.dsv
[1.092s] -- Up-to-date: /home/triton-ai/moses_work/ros2_stuff/install/tritonai_roi_interface/share/tritonai_roi_interface/local_setup.bash
[1.092s] -- Up-to-date: /home/triton-ai/moses_work/ros2_stuff/install/tritonai_roi_interface/share/tritonai_roi_interface/local_setup.sh
[1.092s] -- Up-to-date: /home/triton-ai/moses_work/ros2_stuff/install/tritonai_roi_interface/share/tritonai_roi_interface/local_setup.zsh
[1.092s] -- Installing: /home/triton-ai/moses_work/ros2_stuff/install/tritonai_roi_interface/share/tritonai_roi_interface/local_setup.dsv
[1.092s] -- Installing: /home/triton-ai/moses_work/ros2_stuff/install/tritonai_roi_interface/share/tritonai_roi_interface/package.dsv
[1.092s] -- Up-to-date: /home/triton-ai/moses_work/ros2_stuff/install/tritonai_roi_interface/share/ament_index/resource_index/packages/tritonai_roi_interface
[1.092s] -- Up-to-date: /home/triton-ai/moses_work/ros2_stuff/install/tritonai_roi_interface/share/tritonai_roi_interface/cmake/export_tritonai_roi_interface__rosidl_generator_cExport.cmake
[1.092s] -- Up-to-date: /home/triton-ai/moses_work/ros2_stuff/install/tritonai_roi_interface/share/tritonai_roi_interface/cmake/export_tritonai_roi_interface__rosidl_generator_cExport-noconfig.cmake
[1.092s] -- Up-to-date: /home/triton-ai/moses_work/ros2_stuff/install/tritonai_roi_interface/share/tritonai_roi_interface/cmake/export_tritonai_roi_interface__rosidl_typesupport_fastrtps_cExport.cmake
[1.092s] -- Up-to-date: /home/triton-ai/moses_work/ros2_stuff/install/tritonai_roi_interface/share/tritonai_roi_interface/cmake/export_tritonai_roi_interface__rosidl_typesupport_fastrtps_cExport-noconfig.cmake
[1.092s] -- Up-to-date: /home/triton-ai/moses_work/ros2_stuff/install/tritonai_roi_interface/share/tritonai_roi_interface/cmake/tritonai_roi_interface__rosidl_typesupport_introspection_cExport.cmake
[1.092s] -- Up-to-date: /home/triton-ai/moses_work/ros2_stuff/install/tritonai_roi_interface/share/tritonai_roi_interface/cmake/tritonai_roi_interface__rosidl_typesupport_introspection_cExport-noconfig.cmake
[1.092s] -- Up-to-date: /home/triton-ai/moses_work/ros2_stuff/install/tritonai_roi_interface/share/tritonai_roi_interface/cmake/tritonai_roi_interface__rosidl_typesupport_cExport.cmake
[1.092s] -- Up-to-date: /home/triton-ai/moses_work/ros2_stuff/install/tritonai_roi_interface/share/tritonai_roi_interface/cmake/tritonai_roi_interface__rosidl_typesupport_cExport-noconfig.cmake
[1.092s] -- Up-to-date: /home/triton-ai/moses_work/ros2_stuff/install/tritonai_roi_interface/share/tritonai_roi_interface/cmake/export_tritonai_roi_interface__rosidl_generator_cppExport.cmake
[1.093s] -- Up-to-date: /home/triton-ai/moses_work/ros2_stuff/install/tritonai_roi_interface/share/tritonai_roi_interface/cmake/export_tritonai_roi_interface__rosidl_typesupport_fastrtps_cppExport.cmake
[1.093s] -- Up-to-date: /home/triton-ai/moses_work/ros2_stuff/install/tritonai_roi_interface/share/tritonai_roi_interface/cmake/export_tritonai_roi_interface__rosidl_typesupport_fastrtps_cppExport-noconfig.cmake
[1.093s] -- Up-to-date: /home/triton-ai/moses_work/ros2_stuff/install/tritonai_roi_interface/share/tritonai_roi_interface/cmake/tritonai_roi_interface__rosidl_typesupport_introspection_cppExport.cmake
[1.093s] -- Up-to-date: /home/triton-ai/moses_work/ros2_stuff/install/tritonai_roi_interface/share/tritonai_roi_interface/cmake/tritonai_roi_interface__rosidl_typesupport_introspection_cppExport-noconfig.cmake
[1.093s] -- Up-to-date: /home/triton-ai/moses_work/ros2_stuff/install/tritonai_roi_interface/share/tritonai_roi_interface/cmake/tritonai_roi_interface__rosidl_typesupport_cppExport.cmake
[1.093s] -- Up-to-date: /home/triton-ai/moses_work/ros2_stuff/install/tritonai_roi_interface/share/tritonai_roi_interface/cmake/tritonai_roi_interface__rosidl_typesupport_cppExport-noconfig.cmake
[1.093s] -- Up-to-date: /home/triton-ai/moses_work/ros2_stuff/install/tritonai_roi_interface/share/tritonai_roi_interface/cmake/export_tritonai_roi_interface__rosidl_generator_pyExport.cmake
[1.093s] -- Up-to-date: /home/triton-ai/moses_work/ros2_stuff/install/tritonai_roi_interface/share/tritonai_roi_interface/cmake/export_tritonai_roi_interface__rosidl_generator_pyExport-noconfig.cmake
[1.093s] -- Up-to-date: /home/triton-ai/moses_work/ros2_stuff/install/tritonai_roi_interface/share/tritonai_roi_interface/cmake/rosidl_cmake-extras.cmake
[1.093s] -- Up-to-date: /home/triton-ai/moses_work/ros2_stuff/install/tritonai_roi_interface/share/tritonai_roi_interface/cmake/ament_cmake_export_include_directories-extras.cmake
[1.093s] -- Up-to-date: /home/triton-ai/moses_work/ros2_stuff/install/tritonai_roi_interface/share/tritonai_roi_interface/cmake/ament_cmake_export_libraries-extras.cmake
[1.093s] -- Up-to-date: /home/triton-ai/moses_work/ros2_stuff/install/tritonai_roi_interface/share/tritonai_roi_interface/cmake/ament_cmake_export_targets-extras.cmake
[1.093s] -- Up-to-date: /home/triton-ai/moses_work/ros2_stuff/install/tritonai_roi_interface/share/tritonai_roi_interface/cmake/rosidl_cmake_export_typesupport_targets-extras.cmake
[1.093s] -- Up-to-date: /home/triton-ai/moses_work/ros2_stuff/install/tritonai_roi_interface/share/tritonai_roi_interface/cmake/ament_cmake_export_dependencies-extras.cmake
[1.093s] -- Up-to-date: /home/triton-ai/moses_work/ros2_stuff/install/tritonai_roi_interface/share/tritonai_roi_interface/cmake/rosidl_cmake_export_typesupport_libraries-extras.cmake
[1.093s] -- Up-to-date: /home/triton-ai/moses_work/ros2_stuff/install/tritonai_roi_interface/share/tritonai_roi_interface/cmake/tritonai_roi_interfaceConfig.cmake
[1.093s] -- Up-to-date: /home/triton-ai/moses_work/ros2_stuff/install/tritonai_roi_interface/share/tritonai_roi_interface/cmake/tritonai_roi_interfaceConfig-version.cmake
[1.093s] -- Installing: /home/triton-ai/moses_work/ros2_stuff/install/tritonai_roi_interface/share/tritonai_roi_interface/package.xml
[1.096s] Invoked command in '/home/triton-ai/moses_work/ros2_stuff/build/tritonai_roi_interface' returned '0': CMAKE_PREFIX_PATH=/opt/ros/humble CONDA_PROMPT_MODIFIER=(base) /home/triton-ai/miniconda3/bin/cmake --install /home/triton-ai/moses_work/ros2_stuff/build/tritonai_roi_interface
