-- Found ament_cmake: 1.3.3 (/opt/ros/humble/share/ament_cmake/cmake)
-- Found rosidl_default_generators: 1.2.0 (/opt/ros/humble/share/rosidl_default_generators/cmake)
-- Using all available rosidl_typesupport_c: rosidl_typesupport_fastrtps_c;rosidl_typesupport_introspection_c
-- Found rosidl_adapter: 3.1.4 (/opt/ros/humble/share/rosidl_adapter/cmake)
-- Using all available rosidl_typesupport_cpp: rosidl_typesupport_fastrtps_cpp;rosidl_typesupport_introspection_cpp
-- Found ament_cmake_ros: 0.10.0 (/opt/ros/humble/share/ament_cmake_ros/cmake)
-- Using all available rosidl_typesupport_c: rosidl_typesupport_fastrtps_c;rosidl_typesupport_introspection_c
-- Using all available rosidl_typesupport_cpp: rosidl_typesupport_fastrtps_cpp;rosidl_typesupport_introspection_cpp
-- Found PythonInterp: /home/triton-ai/miniconda3/bin/python3 (found suitable version "3.10.10", minimum required is "3.6") 
-- Found python_cmake_module: 0.10.0 (/opt/ros/humble/share/python_cmake_module/cmake)
-- Found PythonLibs: /home/triton-ai/miniconda3/lib/libpython3.10.so (found suitable version "3.10.10", minimum required is "3.5") 
-- Using PYTHON_EXECUTABLE: /home/triton-ai/miniconda3/bin/python3
-- Using PYTHON_INCLUDE_DIRS: /home/triton-ai/miniconda3/include/python3.10
-- Using PYTHON_LIBRARIES: /home/triton-ai/miniconda3/lib/libpython3.10.so
-- Found PythonExtra: .so  
-- Using numpy include directory: /home/triton-ai/miniconda3/lib/python3.10/site-packages/numpy/core/include
-- Found ament_lint_auto: 0.12.5 (/opt/ros/humble/share/ament_lint_auto/cmake)
-- Added test 'lint_cmake' to check CMake code style
-- Added test 'xmllint' to check XML markup files
-- Configuring done (0.5s)
-- Generating done (0.0s)
-- Build files have been written to: /home/triton-ai/moses_work/ros2_stuff/build/tritonai_roi_interface
[  3%] [34m[1mGenerating C code for ROS interfaces[0m
[  6%] [34m[1mGenerating C++ code for ROS interfaces[0m
[  6%] Built target ament_cmake_python_copy_tritonai_roi_interface
[  6%] Built target tritonai_roi_interface__cpp
[  9%] [34m[1mGenerating C++ introspection for ROS interfaces[0m
[ 12%] [34m[1mGenerating C++ type support dispatch for ROS interfaces[0m
[ 16%] [34m[1mGenerating C++ type support for eProsima Fast-RTPS[0m
[ 19%] [32mBuilding C object CMakeFiles/tritonai_roi_interface__rosidl_generator_c.dir/rosidl_generator_c/tritonai_roi_interface/msg/detail/address_book__functions.c.o[0m
[ 22%] [32m[1mLinking C shared library libtritonai_roi_interface__rosidl_generator_c.so[0m
running egg_info
creating tritonai_roi_interface.egg-info
[ 22%] Built target tritonai_roi_interface__rosidl_generator_c
[ 29%] [34m[1mGenerating C type support for eProsima Fast-RTPS[0m
[ 29%] [34m[1mGenerating C introspection for ROS interfaces[0m
[ 32%] [34m[1mGenerating C type support dispatch for ROS interfaces[0m
writing tritonai_roi_interface.egg-info/PKG-INFO
writing dependency_links to tritonai_roi_interface.egg-info/dependency_links.txt
writing top-level names to tritonai_roi_interface.egg-info/top_level.txt
writing manifest file 'tritonai_roi_interface.egg-info/SOURCES.txt'
reading manifest file 'tritonai_roi_interface.egg-info/SOURCES.txt'
writing manifest file 'tritonai_roi_interface.egg-info/SOURCES.txt'
[ 32%] Built target ament_cmake_python_build_tritonai_roi_interface_egg
[ 35%] [32mBuilding CXX object CMakeFiles/tritonai_roi_interface__rosidl_typesupport_cpp.dir/rosidl_typesupport_cpp/tritonai_roi_interface/msg/address_book__type_support.cpp.o[0m
[ 38%] [32mBuilding CXX object CMakeFiles/tritonai_roi_interface__rosidl_typesupport_introspection_cpp.dir/rosidl_typesupport_introspection_cpp/tritonai_roi_interface/msg/detail/address_book__type_support.cpp.o[0m
[ 41%] [32mBuilding CXX object CMakeFiles/tritonai_roi_interface__rosidl_typesupport_fastrtps_cpp.dir/rosidl_typesupport_fastrtps_cpp/tritonai_roi_interface/msg/detail/dds_fastrtps/address_book__type_support.cpp.o[0m
[ 45%] [32mBuilding C object CMakeFiles/tritonai_roi_interface__rosidl_typesupport_introspection_c.dir/rosidl_typesupport_introspection_c/tritonai_roi_interface/msg/detail/address_book__type_support.c.o[0m
[ 48%] [32m[1mLinking C shared library libtritonai_roi_interface__rosidl_typesupport_introspection_c.so[0m
[ 48%] Built target tritonai_roi_interface__rosidl_typesupport_introspection_c
[ 51%] [32mBuilding CXX object CMakeFiles/tritonai_roi_interface__rosidl_typesupport_c.dir/rosidl_typesupport_c/tritonai_roi_interface/msg/address_book__type_support.cpp.o[0m
[ 54%] [32m[1mLinking CXX shared library libtritonai_roi_interface__rosidl_typesupport_cpp.so[0m
[ 58%] [32m[1mLinking CXX shared library libtritonai_roi_interface__rosidl_typesupport_c.so[0m
[ 61%] [32mBuilding CXX object CMakeFiles/tritonai_roi_interface__rosidl_typesupport_fastrtps_c.dir/rosidl_typesupport_fastrtps_c/tritonai_roi_interface/msg/detail/address_book__type_support_c.cpp.o[0m
[ 61%] Built target tritonai_roi_interface__rosidl_typesupport_cpp
[ 61%] Built target tritonai_roi_interface__rosidl_typesupport_c
[ 64%] [32m[1mLinking CXX shared library libtritonai_roi_interface__rosidl_typesupport_introspection_cpp.so[0m
[ 67%] [32m[1mLinking CXX shared library libtritonai_roi_interface__rosidl_typesupport_fastrtps_cpp.so[0m
[ 67%] Built target tritonai_roi_interface__rosidl_typesupport_introspection_cpp
[ 67%] Built target tritonai_roi_interface__rosidl_typesupport_fastrtps_cpp
[ 70%] [32m[1mLinking CXX shared library libtritonai_roi_interface__rosidl_typesupport_fastrtps_c.so[0m
[ 70%] Built target tritonai_roi_interface__rosidl_typesupport_fastrtps_c
[ 70%] Built target tritonai_roi_interface
[ 74%] [34m[1mGenerating Python code for ROS interfaces[0m
[ 74%] Built target tritonai_roi_interface__py
[ 77%] [32mBuilding C object CMakeFiles/tritonai_roi_interface__rosidl_generator_py.dir/rosidl_generator_py/tritonai_roi_interface/msg/_address_book_s.c.o[0m
[ 80%] [32m[1mLinking C shared library rosidl_generator_py/tritonai_roi_interface/libtritonai_roi_interface__rosidl_generator_py.so[0m
[ 80%] Built target tritonai_roi_interface__rosidl_generator_py
[ 87%] [32mBuilding C object CMakeFiles/tritonai_roi_interface__rosidl_typesupport_introspection_c__pyext.dir/rosidl_generator_py/tritonai_roi_interface/_tritonai_roi_interface_s.ep.rosidl_typesupport_introspection_c.c.o[0m
[ 87%] [32mBuilding C object CMakeFiles/tritonai_roi_interface__rosidl_typesupport_fastrtps_c__pyext.dir/rosidl_generator_py/tritonai_roi_interface/_tritonai_roi_interface_s.ep.rosidl_typesupport_fastrtps_c.c.o[0m
[ 90%] [32mBuilding C object CMakeFiles/tritonai_roi_interface__rosidl_typesupport_c__pyext.dir/rosidl_generator_py/tritonai_roi_interface/_tritonai_roi_interface_s.ep.rosidl_typesupport_c.c.o[0m
[ 96%] [32m[1mLinking C shared library rosidl_generator_py/tritonai_roi_interface/tritonai_roi_interface_s__rosidl_typesupport_c.cpython-310-x86_64-linux-gnu.so[0m
[ 96%] [32m[1mLinking C shared library rosidl_generator_py/tritonai_roi_interface/tritonai_roi_interface_s__rosidl_typesupport_introspection_c.cpython-310-x86_64-linux-gnu.so[0m
[100%] [32m[1mLinking C shared library rosidl_generator_py/tritonai_roi_interface/tritonai_roi_interface_s__rosidl_typesupport_fastrtps_c.cpython-310-x86_64-linux-gnu.so[0m
[100%] Built target tritonai_roi_interface__rosidl_typesupport_introspection_c__pyext
[100%] Built target tritonai_roi_interface__rosidl_typesupport_c__pyext
[100%] Built target tritonai_roi_interface__rosidl_typesupport_fastrtps_c__pyext
-- Install configuration: ""
-- Installing: /home/triton-ai/moses_work/ros2_stuff/install/tritonai_roi_interface/share/ament_index/resource_index/rosidl_interfaces/tritonai_roi_interface
-- Installing: /home/triton-ai/moses_work/ros2_stuff/install/tritonai_roi_interface/include/tritonai_roi_interface/tritonai_roi_interface
-- Installing: /home/triton-ai/moses_work/ros2_stuff/install/tritonai_roi_interface/include/tritonai_roi_interface/tritonai_roi_interface/msg
-- Installing: /home/triton-ai/moses_work/ros2_stuff/install/tritonai_roi_interface/include/tritonai_roi_interface/tritonai_roi_interface/msg/rosidl_generator_c__visibility_control.h
-- Installing: /home/triton-ai/moses_work/ros2_stuff/install/tritonai_roi_interface/include/tritonai_roi_interface/tritonai_roi_interface/msg/address_book.h
-- Installing: /home/triton-ai/moses_work/ros2_stuff/install/tritonai_roi_interface/include/tritonai_roi_interface/tritonai_roi_interface/msg/detail
-- Installing: /home/triton-ai/moses_work/ros2_stuff/install/tritonai_roi_interface/include/tritonai_roi_interface/tritonai_roi_interface/msg/detail/address_book__functions.h
-- Installing: /home/triton-ai/moses_work/ros2_stuff/install/tritonai_roi_interface/include/tritonai_roi_interface/tritonai_roi_interface/msg/detail/address_book__struct.h
-- Installing: /home/triton-ai/moses_work/ros2_stuff/install/tritonai_roi_interface/include/tritonai_roi_interface/tritonai_roi_interface/msg/detail/address_book__functions.c
-- Installing: /home/triton-ai/moses_work/ros2_stuff/install/tritonai_roi_interface/include/tritonai_roi_interface/tritonai_roi_interface/msg/detail/address_book__type_support.h
-- Installing: /home/triton-ai/moses_work/ros2_stuff/install/tritonai_roi_interface/share/tritonai_roi_interface/environment/library_path.sh
-- Installing: /home/triton-ai/moses_work/ros2_stuff/install/tritonai_roi_interface/share/tritonai_roi_interface/environment/library_path.dsv
-- Installing: /home/triton-ai/moses_work/ros2_stuff/install/tritonai_roi_interface/lib/libtritonai_roi_interface__rosidl_generator_c.so
-- Set runtime path of "/home/triton-ai/moses_work/ros2_stuff/install/tritonai_roi_interface/lib/libtritonai_roi_interface__rosidl_generator_c.so" to ""
-- Up-to-date: /home/triton-ai/moses_work/ros2_stuff/install/tritonai_roi_interface/include/tritonai_roi_interface/tritonai_roi_interface
-- Up-to-date: /home/triton-ai/moses_work/ros2_stuff/install/tritonai_roi_interface/include/tritonai_roi_interface/tritonai_roi_interface/msg
-- Installing: /home/triton-ai/moses_work/ros2_stuff/install/tritonai_roi_interface/include/tritonai_roi_interface/tritonai_roi_interface/msg/rosidl_typesupport_fastrtps_c__visibility_control.h
-- Up-to-date: /home/triton-ai/moses_work/ros2_stuff/install/tritonai_roi_interface/include/tritonai_roi_interface/tritonai_roi_interface/msg/detail
-- Installing: /home/triton-ai/moses_work/ros2_stuff/install/tritonai_roi_interface/include/tritonai_roi_interface/tritonai_roi_interface/msg/detail/address_book__rosidl_typesupport_fastrtps_c.h
-- Installing: /home/triton-ai/moses_work/ros2_stuff/install/tritonai_roi_interface/lib/libtritonai_roi_interface__rosidl_typesupport_fastrtps_c.so
-- Set runtime path of "/home/triton-ai/moses_work/ros2_stuff/install/tritonai_roi_interface/lib/libtritonai_roi_interface__rosidl_typesupport_fastrtps_c.so" to ""
-- Up-to-date: /home/triton-ai/moses_work/ros2_stuff/install/tritonai_roi_interface/include/tritonai_roi_interface/tritonai_roi_interface
-- Up-to-date: /home/triton-ai/moses_work/ros2_stuff/install/tritonai_roi_interface/include/tritonai_roi_interface/tritonai_roi_interface/msg
-- Installing: /home/triton-ai/moses_work/ros2_stuff/install/tritonai_roi_interface/include/tritonai_roi_interface/tritonai_roi_interface/msg/rosidl_typesupport_introspection_c__visibility_control.h
-- Up-to-date: /home/triton-ai/moses_work/ros2_stuff/install/tritonai_roi_interface/include/tritonai_roi_interface/tritonai_roi_interface/msg/detail
-- Installing: /home/triton-ai/moses_work/ros2_stuff/install/tritonai_roi_interface/include/tritonai_roi_interface/tritonai_roi_interface/msg/detail/address_book__type_support.c
-- Installing: /home/triton-ai/moses_work/ros2_stuff/install/tritonai_roi_interface/include/tritonai_roi_interface/tritonai_roi_interface/msg/detail/address_book__rosidl_typesupport_introspection_c.h
-- Installing: /home/triton-ai/moses_work/ros2_stuff/install/tritonai_roi_interface/lib/libtritonai_roi_interface__rosidl_typesupport_introspection_c.so
-- Set runtime path of "/home/triton-ai/moses_work/ros2_stuff/install/tritonai_roi_interface/lib/libtritonai_roi_interface__rosidl_typesupport_introspection_c.so" to ""
-- Installing: /home/triton-ai/moses_work/ros2_stuff/install/tritonai_roi_interface/lib/libtritonai_roi_interface__rosidl_typesupport_c.so
-- Set runtime path of "/home/triton-ai/moses_work/ros2_stuff/install/tritonai_roi_interface/lib/libtritonai_roi_interface__rosidl_typesupport_c.so" to ""
-- Up-to-date: /home/triton-ai/moses_work/ros2_stuff/install/tritonai_roi_interface/include/tritonai_roi_interface/tritonai_roi_interface
-- Up-to-date: /home/triton-ai/moses_work/ros2_stuff/install/tritonai_roi_interface/include/tritonai_roi_interface/tritonai_roi_interface/msg
-- Installing: /home/triton-ai/moses_work/ros2_stuff/install/tritonai_roi_interface/include/tritonai_roi_interface/tritonai_roi_interface/msg/address_book.hpp
-- Up-to-date: /home/triton-ai/moses_work/ros2_stuff/install/tritonai_roi_interface/include/tritonai_roi_interface/tritonai_roi_interface/msg/detail
-- Installing: /home/triton-ai/moses_work/ros2_stuff/install/tritonai_roi_interface/include/tritonai_roi_interface/tritonai_roi_interface/msg/detail/address_book__struct.hpp
-- Installing: /home/triton-ai/moses_work/ros2_stuff/install/tritonai_roi_interface/include/tritonai_roi_interface/tritonai_roi_interface/msg/detail/address_book__traits.hpp
-- Installing: /home/triton-ai/moses_work/ros2_stuff/install/tritonai_roi_interface/include/tritonai_roi_interface/tritonai_roi_interface/msg/detail/address_book__builder.hpp
-- Up-to-date: /home/triton-ai/moses_work/ros2_stuff/install/tritonai_roi_interface/include/tritonai_roi_interface/tritonai_roi_interface
-- Up-to-date: /home/triton-ai/moses_work/ros2_stuff/install/tritonai_roi_interface/include/tritonai_roi_interface/tritonai_roi_interface/msg
-- Installing: /home/triton-ai/moses_work/ros2_stuff/install/tritonai_roi_interface/include/tritonai_roi_interface/tritonai_roi_interface/msg/rosidl_typesupport_fastrtps_cpp__visibility_control.h
-- Up-to-date: /home/triton-ai/moses_work/ros2_stuff/install/tritonai_roi_interface/include/tritonai_roi_interface/tritonai_roi_interface/msg/detail
-- Installing: /home/triton-ai/moses_work/ros2_stuff/install/tritonai_roi_interface/include/tritonai_roi_interface/tritonai_roi_interface/msg/detail/address_book__rosidl_typesupport_fastrtps_cpp.hpp
-- Installing: /home/triton-ai/moses_work/ros2_stuff/install/tritonai_roi_interface/include/tritonai_roi_interface/tritonai_roi_interface/msg/detail/dds_fastrtps
-- Installing: /home/triton-ai/moses_work/ros2_stuff/install/tritonai_roi_interface/lib/libtritonai_roi_interface__rosidl_typesupport_fastrtps_cpp.so
-- Set runtime path of "/home/triton-ai/moses_work/ros2_stuff/install/tritonai_roi_interface/lib/libtritonai_roi_interface__rosidl_typesupport_fastrtps_cpp.so" to ""
-- Up-to-date: /home/triton-ai/moses_work/ros2_stuff/install/tritonai_roi_interface/include/tritonai_roi_interface/tritonai_roi_interface
-- Up-to-date: /home/triton-ai/moses_work/ros2_stuff/install/tritonai_roi_interface/include/tritonai_roi_interface/tritonai_roi_interface/msg
-- Up-to-date: /home/triton-ai/moses_work/ros2_stuff/install/tritonai_roi_interface/include/tritonai_roi_interface/tritonai_roi_interface/msg/detail
-- Installing: /home/triton-ai/moses_work/ros2_stuff/install/tritonai_roi_interface/include/tritonai_roi_interface/tritonai_roi_interface/msg/detail/address_book__type_support.cpp
-- Installing: /home/triton-ai/moses_work/ros2_stuff/install/tritonai_roi_interface/include/tritonai_roi_interface/tritonai_roi_interface/msg/detail/address_book__rosidl_typesupport_introspection_cpp.hpp
-- Installing: /home/triton-ai/moses_work/ros2_stuff/install/tritonai_roi_interface/lib/libtritonai_roi_interface__rosidl_typesupport_introspection_cpp.so
-- Set runtime path of "/home/triton-ai/moses_work/ros2_stuff/install/tritonai_roi_interface/lib/libtritonai_roi_interface__rosidl_typesupport_introspection_cpp.so" to ""
-- Installing: /home/triton-ai/moses_work/ros2_stuff/install/tritonai_roi_interface/lib/libtritonai_roi_interface__rosidl_typesupport_cpp.so
-- Set runtime path of "/home/triton-ai/moses_work/ros2_stuff/install/tritonai_roi_interface/lib/libtritonai_roi_interface__rosidl_typesupport_cpp.so" to ""
-- Installing: /home/triton-ai/moses_work/ros2_stuff/install/tritonai_roi_interface/share/tritonai_roi_interface/environment/pythonpath.sh
-- Installing: /home/triton-ai/moses_work/ros2_stuff/install/tritonai_roi_interface/share/tritonai_roi_interface/environment/pythonpath.dsv
-- Installing: /home/triton-ai/moses_work/ros2_stuff/install/tritonai_roi_interface/lib/python3.10/site-packages/tritonai_roi_interface-0.0.0-py3.10.egg-info
-- Installing: /home/triton-ai/moses_work/ros2_stuff/install/tritonai_roi_interface/lib/python3.10/site-packages/tritonai_roi_interface-0.0.0-py3.10.egg-info/PKG-INFO
-- Installing: /home/triton-ai/moses_work/ros2_stuff/install/tritonai_roi_interface/lib/python3.10/site-packages/tritonai_roi_interface-0.0.0-py3.10.egg-info/top_level.txt
-- Installing: /home/triton-ai/moses_work/ros2_stuff/install/tritonai_roi_interface/lib/python3.10/site-packages/tritonai_roi_interface-0.0.0-py3.10.egg-info/dependency_links.txt
-- Installing: /home/triton-ai/moses_work/ros2_stuff/install/tritonai_roi_interface/lib/python3.10/site-packages/tritonai_roi_interface-0.0.0-py3.10.egg-info/SOURCES.txt
-- Installing: /home/triton-ai/moses_work/ros2_stuff/install/tritonai_roi_interface/lib/python3.10/site-packages/tritonai_roi_interface
-- Installing: /home/triton-ai/moses_work/ros2_stuff/install/tritonai_roi_interface/lib/python3.10/site-packages/tritonai_roi_interface/_tritonai_roi_interface_s.ep.rosidl_typesupport_introspection_c.c
-- Installing: /home/triton-ai/moses_work/ros2_stuff/install/tritonai_roi_interface/lib/python3.10/site-packages/tritonai_roi_interface/tritonai_roi_interface_s__rosidl_typesupport_introspection_c.cpython-310-x86_64-linux-gnu.so
-- Installing: /home/triton-ai/moses_work/ros2_stuff/install/tritonai_roi_interface/lib/python3.10/site-packages/tritonai_roi_interface/tritonai_roi_interface_s__rosidl_typesupport_fastrtps_c.cpython-310-x86_64-linux-gnu.so
-- Installing: /home/triton-ai/moses_work/ros2_stuff/install/tritonai_roi_interface/lib/python3.10/site-packages/tritonai_roi_interface/tritonai_roi_interface_s__rosidl_typesupport_c.cpython-310-x86_64-linux-gnu.so
-- Installing: /home/triton-ai/moses_work/ros2_stuff/install/tritonai_roi_interface/lib/python3.10/site-packages/tritonai_roi_interface/_tritonai_roi_interface_s.ep.rosidl_typesupport_c.c
-- Installing: /home/triton-ai/moses_work/ros2_stuff/install/tritonai_roi_interface/lib/python3.10/site-packages/tritonai_roi_interface/__init__.py
-- Installing: /home/triton-ai/moses_work/ros2_stuff/install/tritonai_roi_interface/lib/python3.10/site-packages/tritonai_roi_interface/libtritonai_roi_interface__rosidl_generator_py.so
-- Installing: /home/triton-ai/moses_work/ros2_stuff/install/tritonai_roi_interface/lib/python3.10/site-packages/tritonai_roi_interface/_tritonai_roi_interface_s.ep.rosidl_typesupport_fastrtps_c.c
-- Installing: /home/triton-ai/moses_work/ros2_stuff/install/tritonai_roi_interface/lib/python3.10/site-packages/tritonai_roi_interface/msg
-- Installing: /home/triton-ai/moses_work/ros2_stuff/install/tritonai_roi_interface/lib/python3.10/site-packages/tritonai_roi_interface/msg/_address_book_s.c
-- Installing: /home/triton-ai/moses_work/ros2_stuff/install/tritonai_roi_interface/lib/python3.10/site-packages/tritonai_roi_interface/msg/_address_book.py
-- Installing: /home/triton-ai/moses_work/ros2_stuff/install/tritonai_roi_interface/lib/python3.10/site-packages/tritonai_roi_interface/msg/__init__.py
Listing '/home/triton-ai/moses_work/ros2_stuff/install/tritonai_roi_interface/lib/python3.10/site-packages/tritonai_roi_interface'...
Compiling '/home/triton-ai/moses_work/ros2_stuff/install/tritonai_roi_interface/lib/python3.10/site-packages/tritonai_roi_interface/__init__.py'...
Listing '/home/triton-ai/moses_work/ros2_stuff/install/tritonai_roi_interface/lib/python3.10/site-packages/tritonai_roi_interface/msg'...
Compiling '/home/triton-ai/moses_work/ros2_stuff/install/tritonai_roi_interface/lib/python3.10/site-packages/tritonai_roi_interface/msg/__init__.py'...
Compiling '/home/triton-ai/moses_work/ros2_stuff/install/tritonai_roi_interface/lib/python3.10/site-packages/tritonai_roi_interface/msg/_address_book.py'...
-- Installing: /home/triton-ai/moses_work/ros2_stuff/install/tritonai_roi_interface/lib/python3.10/site-packages/tritonai_roi_interface/tritonai_roi_interface_s__rosidl_typesupport_fastrtps_c.cpython-310-x86_64-linux-gnu.so
-- Set runtime path of "/home/triton-ai/moses_work/ros2_stuff/install/tritonai_roi_interface/lib/python3.10/site-packages/tritonai_roi_interface/tritonai_roi_interface_s__rosidl_typesupport_fastrtps_c.cpython-310-x86_64-linux-gnu.so" to ""
-- Installing: /home/triton-ai/moses_work/ros2_stuff/install/tritonai_roi_interface/lib/python3.10/site-packages/tritonai_roi_interface/tritonai_roi_interface_s__rosidl_typesupport_introspection_c.cpython-310-x86_64-linux-gnu.so
-- Set runtime path of "/home/triton-ai/moses_work/ros2_stuff/install/tritonai_roi_interface/lib/python3.10/site-packages/tritonai_roi_interface/tritonai_roi_interface_s__rosidl_typesupport_introspection_c.cpython-310-x86_64-linux-gnu.so" to ""
-- Installing: /home/triton-ai/moses_work/ros2_stuff/install/tritonai_roi_interface/lib/python3.10/site-packages/tritonai_roi_interface/tritonai_roi_interface_s__rosidl_typesupport_c.cpython-310-x86_64-linux-gnu.so
-- Set runtime path of "/home/triton-ai/moses_work/ros2_stuff/install/tritonai_roi_interface/lib/python3.10/site-packages/tritonai_roi_interface/tritonai_roi_interface_s__rosidl_typesupport_c.cpython-310-x86_64-linux-gnu.so" to ""
-- Installing: /home/triton-ai/moses_work/ros2_stuff/install/tritonai_roi_interface/lib/libtritonai_roi_interface__rosidl_generator_py.so
-- Set runtime path of "/home/triton-ai/moses_work/ros2_stuff/install/tritonai_roi_interface/lib/libtritonai_roi_interface__rosidl_generator_py.so" to ""
-- Installing: /home/triton-ai/moses_work/ros2_stuff/install/tritonai_roi_interface/share/tritonai_roi_interface/msg/AddressBook.idl
-- Installing: /home/triton-ai/moses_work/ros2_stuff/install/tritonai_roi_interface/share/tritonai_roi_interface/msg/AddressBook.msg
-- Installing: /home/triton-ai/moses_work/ros2_stuff/install/tritonai_roi_interface/share/ament_index/resource_index/package_run_dependencies/tritonai_roi_interface
-- Installing: /home/triton-ai/moses_work/ros2_stuff/install/tritonai_roi_interface/share/ament_index/resource_index/parent_prefix_path/tritonai_roi_interface
-- Installing: /home/triton-ai/moses_work/ros2_stuff/install/tritonai_roi_interface/share/tritonai_roi_interface/environment/ament_prefix_path.sh
-- Installing: /home/triton-ai/moses_work/ros2_stuff/install/tritonai_roi_interface/share/tritonai_roi_interface/environment/ament_prefix_path.dsv
-- Installing: /home/triton-ai/moses_work/ros2_stuff/install/tritonai_roi_interface/share/tritonai_roi_interface/environment/path.sh
-- Installing: /home/triton-ai/moses_work/ros2_stuff/install/tritonai_roi_interface/share/tritonai_roi_interface/environment/path.dsv
-- Installing: /home/triton-ai/moses_work/ros2_stuff/install/tritonai_roi_interface/share/tritonai_roi_interface/local_setup.bash
-- Installing: /home/triton-ai/moses_work/ros2_stuff/install/tritonai_roi_interface/share/tritonai_roi_interface/local_setup.sh
-- Installing: /home/triton-ai/moses_work/ros2_stuff/install/tritonai_roi_interface/share/tritonai_roi_interface/local_setup.zsh
-- Installing: /home/triton-ai/moses_work/ros2_stuff/install/tritonai_roi_interface/share/tritonai_roi_interface/local_setup.dsv
-- Installing: /home/triton-ai/moses_work/ros2_stuff/install/tritonai_roi_interface/share/tritonai_roi_interface/package.dsv
-- Installing: /home/triton-ai/moses_work/ros2_stuff/install/tritonai_roi_interface/share/ament_index/resource_index/packages/tritonai_roi_interface
-- Installing: /home/triton-ai/moses_work/ros2_stuff/install/tritonai_roi_interface/share/tritonai_roi_interface/cmake/export_tritonai_roi_interface__rosidl_generator_cExport.cmake
-- Installing: /home/triton-ai/moses_work/ros2_stuff/install/tritonai_roi_interface/share/tritonai_roi_interface/cmake/export_tritonai_roi_interface__rosidl_generator_cExport-noconfig.cmake
-- Installing: /home/triton-ai/moses_work/ros2_stuff/install/tritonai_roi_interface/share/tritonai_roi_interface/cmake/export_tritonai_roi_interface__rosidl_typesupport_fastrtps_cExport.cmake
-- Installing: /home/triton-ai/moses_work/ros2_stuff/install/tritonai_roi_interface/share/tritonai_roi_interface/cmake/export_tritonai_roi_interface__rosidl_typesupport_fastrtps_cExport-noconfig.cmake
-- Installing: /home/triton-ai/moses_work/ros2_stuff/install/tritonai_roi_interface/share/tritonai_roi_interface/cmake/tritonai_roi_interface__rosidl_typesupport_introspection_cExport.cmake
-- Installing: /home/triton-ai/moses_work/ros2_stuff/install/tritonai_roi_interface/share/tritonai_roi_interface/cmake/tritonai_roi_interface__rosidl_typesupport_introspection_cExport-noconfig.cmake
-- Installing: /home/triton-ai/moses_work/ros2_stuff/install/tritonai_roi_interface/share/tritonai_roi_interface/cmake/tritonai_roi_interface__rosidl_typesupport_cExport.cmake
-- Installing: /home/triton-ai/moses_work/ros2_stuff/install/tritonai_roi_interface/share/tritonai_roi_interface/cmake/tritonai_roi_interface__rosidl_typesupport_cExport-noconfig.cmake
-- Installing: /home/triton-ai/moses_work/ros2_stuff/install/tritonai_roi_interface/share/tritonai_roi_interface/cmake/export_tritonai_roi_interface__rosidl_generator_cppExport.cmake
-- Installing: /home/triton-ai/moses_work/ros2_stuff/install/tritonai_roi_interface/share/tritonai_roi_interface/cmake/export_tritonai_roi_interface__rosidl_typesupport_fastrtps_cppExport.cmake
-- Installing: /home/triton-ai/moses_work/ros2_stuff/install/tritonai_roi_interface/share/tritonai_roi_interface/cmake/export_tritonai_roi_interface__rosidl_typesupport_fastrtps_cppExport-noconfig.cmake
-- Installing: /home/triton-ai/moses_work/ros2_stuff/install/tritonai_roi_interface/share/tritonai_roi_interface/cmake/tritonai_roi_interface__rosidl_typesupport_introspection_cppExport.cmake
-- Installing: /home/triton-ai/moses_work/ros2_stuff/install/tritonai_roi_interface/share/tritonai_roi_interface/cmake/tritonai_roi_interface__rosidl_typesupport_introspection_cppExport-noconfig.cmake
-- Installing: /home/triton-ai/moses_work/ros2_stuff/install/tritonai_roi_interface/share/tritonai_roi_interface/cmake/tritonai_roi_interface__rosidl_typesupport_cppExport.cmake
-- Installing: /home/triton-ai/moses_work/ros2_stuff/install/tritonai_roi_interface/share/tritonai_roi_interface/cmake/tritonai_roi_interface__rosidl_typesupport_cppExport-noconfig.cmake
-- Installing: /home/triton-ai/moses_work/ros2_stuff/install/tritonai_roi_interface/share/tritonai_roi_interface/cmake/export_tritonai_roi_interface__rosidl_generator_pyExport.cmake
-- Installing: /home/triton-ai/moses_work/ros2_stuff/install/tritonai_roi_interface/share/tritonai_roi_interface/cmake/export_tritonai_roi_interface__rosidl_generator_pyExport-noconfig.cmake
-- Installing: /home/triton-ai/moses_work/ros2_stuff/install/tritonai_roi_interface/share/tritonai_roi_interface/cmake/rosidl_cmake-extras.cmake
-- Installing: /home/triton-ai/moses_work/ros2_stuff/install/tritonai_roi_interface/share/tritonai_roi_interface/cmake/ament_cmake_export_include_directories-extras.cmake
-- Installing: /home/triton-ai/moses_work/ros2_stuff/install/tritonai_roi_interface/share/tritonai_roi_interface/cmake/ament_cmake_export_libraries-extras.cmake
-- Installing: /home/triton-ai/moses_work/ros2_stuff/install/tritonai_roi_interface/share/tritonai_roi_interface/cmake/ament_cmake_export_targets-extras.cmake
-- Installing: /home/triton-ai/moses_work/ros2_stuff/install/tritonai_roi_interface/share/tritonai_roi_interface/cmake/rosidl_cmake_export_typesupport_targets-extras.cmake
-- Installing: /home/triton-ai/moses_work/ros2_stuff/install/tritonai_roi_interface/share/tritonai_roi_interface/cmake/ament_cmake_export_dependencies-extras.cmake
-- Installing: /home/triton-ai/moses_work/ros2_stuff/install/tritonai_roi_interface/share/tritonai_roi_interface/cmake/rosidl_cmake_export_typesupport_libraries-extras.cmake
-- Installing: /home/triton-ai/moses_work/ros2_stuff/install/tritonai_roi_interface/share/tritonai_roi_interface/cmake/tritonai_roi_interfaceConfig.cmake
-- Installing: /home/triton-ai/moses_work/ros2_stuff/install/tritonai_roi_interface/share/tritonai_roi_interface/cmake/tritonai_roi_interfaceConfig-version.cmake
-- Installing: /home/triton-ai/moses_work/ros2_stuff/install/tritonai_roi_interface/share/tritonai_roi_interface/package.xml
