[0.008s] Invoking command in '/home/triton-ai/moses_work/ros2_stuff/build/tritonai_roi_interface': CMAKE_PREFIX_PATH=${CMAKE_PREFIX_PATH}:/opt/ros/humble CONDA_PROMPT_MODIFIER=(base) /home/triton-ai/miniconda3/bin/cmake --build /home/triton-ai/moses_work/ros2_stuff/build/tritonai_roi_interface -- -j12 -l12
[0.031s] -- Found ament_cmake: 1.3.3 (/opt/ros/humble/share/ament_cmake/cmake)
[0.101s] -- Found rosidl_default_generators: 1.2.0 (/opt/ros/humble/share/rosidl_default_generators/cmake)
[0.102s] -- Using all available rosidl_typesupport_c: rosidl_typesupport_fastrtps_c;rosidl_typesupport_introspection_c
[0.103s] -- Found rosidl_adapter: 3.1.4 (/opt/ros/humble/share/rosidl_adapter/cmake)
[0.125s] -- Using all available rosidl_typesupport_cpp: rosidl_typesupport_fastrtps_cpp;rosidl_typesupport_introspection_cpp
[0.256s] -- Found ament_cmake_ros: 0.10.0 (/opt/ros/humble/share/ament_cmake_ros/cmake)
[0.307s] -- Using all available rosidl_typesupport_c: rosidl_typesupport_fastrtps_c;rosidl_typesupport_introspection_c
[0.374s] -- Using all available rosidl_typesupport_cpp: rosidl_typesupport_fastrtps_cpp;rosidl_typesupport_introspection_cpp
[0.386s] -- Found python_cmake_module: 0.10.0 (/opt/ros/humble/share/python_cmake_module/cmake)
[0.404s] -- Using PYTHON_EXECUTABLE: /home/triton-ai/miniconda3/bin/python3
[0.404s] -- Using PYTHON_INCLUDE_DIRS: /home/triton-ai/miniconda3/include/python3.10
[0.404s] -- Using PYTHON_LIBRARIES: /home/triton-ai/miniconda3/lib/libpython3.10.so
[0.486s] -- Using numpy include directory: /home/triton-ai/miniconda3/lib/python3.10/site-packages/numpy/core/include
[0.490s] -- Found ament_lint_auto: 0.12.5 (/opt/ros/humble/share/ament_lint_auto/cmake)
[0.495s] -- Added test 'lint_cmake' to check CMake code style
[0.496s] -- Added test 'xmllint' to check XML markup files
[0.497s] -- Configuring done (0.5s)
[0.512s] -- Generating done (0.0s)
[0.514s] -- Build files have been written to: /home/triton-ai/moses_work/ros2_stuff/build/tritonai_roi_interface
[0.521s] [  3%] [34m[1mGenerating C code for ROS interfaces[0m
[0.524s] [  6%] [34m[1mGenerating C++ code for ROS interfaces[0m
[0.526s] [  6%] Built target ament_cmake_python_copy_tritonai_roi_interface
[0.675s] [  6%] Built target tritonai_roi_interface__cpp
[0.678s] [ 12%] [34m[1mGenerating C++ type support dispatch for ROS interfaces[0m
[0.678s] [ 12%] [34m[1mGenerating C++ type support for eProsima Fast-RTPS[0m
[0.678s] [ 16%] [34m[1mGenerating C++ introspection for ROS interfaces[0m
[0.679s] [ 19%] [32mBuilding C object CMakeFiles/tritonai_roi_interface__rosidl_generator_c.dir/rosidl_generator_c/tritonai_roi_interface/msg/detail/address_book__functions.c.o[0m
[0.704s] [ 22%] [32m[1mLinking C shared library libtritonai_roi_interface__rosidl_generator_c.so[0m
[0.709s] running egg_info
[0.717s] writing tritonai_roi_interface.egg-info/PKG-INFO
[0.717s] writing dependency_links to tritonai_roi_interface.egg-info/dependency_links.txt
[0.718s] writing top-level names to tritonai_roi_interface.egg-info/top_level.txt
[0.719s] [ 22%] Built target tritonai_roi_interface__rosidl_generator_c
[0.722s] [ 29%] [34m[1mGenerating C introspection for ROS interfaces[0m
[0.722s] [ 29%] [34m[1mGenerating C type support for eProsima Fast-RTPS[0m
[0.723s] [ 32%] [34m[1mGenerating C type support dispatch for ROS interfaces[0m
[0.740s] reading manifest file 'tritonai_roi_interface.egg-info/SOURCES.txt'
[0.740s] writing manifest file 'tritonai_roi_interface.egg-info/SOURCES.txt'
[0.772s] [ 32%] Built target ament_cmake_python_build_tritonai_roi_interface_egg
[0.827s] [ 35%] [32mBuilding CXX object CMakeFiles/tritonai_roi_interface__rosidl_typesupport_cpp.dir/rosidl_typesupport_cpp/tritonai_roi_interface/msg/address_book__type_support.cpp.o[0m
[0.836s] [ 38%] [32mBuilding CXX object CMakeFiles/tritonai_roi_interface__rosidl_typesupport_introspection_cpp.dir/rosidl_typesupport_introspection_cpp/tritonai_roi_interface/msg/detail/address_book__type_support.cpp.o[0m
[0.843s] [ 41%] [32mBuilding CXX object CMakeFiles/tritonai_roi_interface__rosidl_typesupport_fastrtps_cpp.dir/rosidl_typesupport_fastrtps_cpp/tritonai_roi_interface/msg/detail/dds_fastrtps/address_book__type_support.cpp.o[0m
[0.881s] [ 45%] [32mBuilding CXX object CMakeFiles/tritonai_roi_interface__rosidl_typesupport_fastrtps_c.dir/rosidl_typesupport_fastrtps_c/tritonai_roi_interface/msg/detail/address_book__type_support_c.cpp.o[0m
[0.898s] [ 48%] [32mBuilding CXX object CMakeFiles/tritonai_roi_interface__rosidl_typesupport_c.dir/rosidl_typesupport_c/tritonai_roi_interface/msg/address_book__type_support.cpp.o[0m
[0.912s] [ 51%] [32m[1mLinking CXX shared library libtritonai_roi_interface__rosidl_typesupport_c.so[0m
[0.930s] [ 51%] Built target tritonai_roi_interface__rosidl_typesupport_c
[0.937s] [ 54%] [32mBuilding C object CMakeFiles/tritonai_roi_interface__rosidl_typesupport_introspection_c.dir/rosidl_typesupport_introspection_c/tritonai_roi_interface/msg/detail/address_book__type_support.c.o[0m
[0.959s] [ 58%] [32m[1mLinking C shared library libtritonai_roi_interface__rosidl_typesupport_introspection_c.so[0m
[0.970s] [ 58%] Built target tritonai_roi_interface__rosidl_typesupport_introspection_c
[1.010s] [ 61%] [32m[1mLinking CXX shared library libtritonai_roi_interface__rosidl_typesupport_cpp.so[0m
[1.027s] [ 61%] Built target tritonai_roi_interface__rosidl_typesupport_cpp
[1.080s] [ 64%] [32m[1mLinking CXX shared library libtritonai_roi_interface__rosidl_typesupport_fastrtps_c.so[0m
[1.106s] [ 67%] [32m[1mLinking CXX shared library libtritonai_roi_interface__rosidl_typesupport_introspection_cpp.so[0m
[1.120s] [ 67%] Built target tritonai_roi_interface__rosidl_typesupport_fastrtps_c
[1.128s] [ 70%] [32m[1mLinking CXX shared library libtritonai_roi_interface__rosidl_typesupport_fastrtps_cpp.so[0m
[1.144s] [ 70%] Built target tritonai_roi_interface__rosidl_typesupport_introspection_cpp
[1.165s] [ 70%] Built target tritonai_roi_interface__rosidl_typesupport_fastrtps_cpp
[1.170s] [ 70%] Built target tritonai_roi_interface
[1.175s] [ 74%] [34m[1mGenerating Python code for ROS interfaces[0m
[1.357s] [ 74%] Built target tritonai_roi_interface__py
[1.363s] [ 77%] [32mBuilding C object CMakeFiles/tritonai_roi_interface__rosidl_generator_py.dir/rosidl_generator_py/tritonai_roi_interface/msg/_address_book_s.c.o[0m
[1.425s] [ 80%] [32m[1mLinking C shared library rosidl_generator_py/tritonai_roi_interface/libtritonai_roi_interface__rosidl_generator_py.so[0m
[1.440s] [ 80%] Built target tritonai_roi_interface__rosidl_generator_py
[1.447s] [ 87%] [32mBuilding C object CMakeFiles/tritonai_roi_interface__rosidl_typesupport_fastrtps_c__pyext.dir/rosidl_generator_py/tritonai_roi_interface/_tritonai_roi_interface_s.ep.rosidl_typesupport_fastrtps_c.c.o[0m
[1.447s] [ 90%] [32mBuilding C object CMakeFiles/tritonai_roi_interface__rosidl_typesupport_introspection_c__pyext.dir/rosidl_generator_py/tritonai_roi_interface/_tritonai_roi_interface_s.ep.rosidl_typesupport_introspection_c.c.o[0m
[1.447s] [ 90%] [32mBuilding C object CMakeFiles/tritonai_roi_interface__rosidl_typesupport_c__pyext.dir/rosidl_generator_py/tritonai_roi_interface/_tritonai_roi_interface_s.ep.rosidl_typesupport_c.c.o[0m
[1.496s] [ 96%] [32m[1mLinking C shared library rosidl_generator_py/tritonai_roi_interface/tritonai_roi_interface_s__rosidl_typesupport_introspection_c.cpython-310-x86_64-linux-gnu.so[0m
[1.496s] [ 96%] [32m[1mLinking C shared library rosidl_generator_py/tritonai_roi_interface/tritonai_roi_interface_s__rosidl_typesupport_c.cpython-310-x86_64-linux-gnu.so[0m
[1.496s] [100%] [32m[1mLinking C shared library rosidl_generator_py/tritonai_roi_interface/tritonai_roi_interface_s__rosidl_typesupport_fastrtps_c.cpython-310-x86_64-linux-gnu.so[0m
[1.507s] [100%] Built target tritonai_roi_interface__rosidl_typesupport_c__pyext
[1.507s] [100%] Built target tritonai_roi_interface__rosidl_typesupport_introspection_c__pyext
[1.508s] [100%] Built target tritonai_roi_interface__rosidl_typesupport_fastrtps_c__pyext
[1.514s] Invoked command in '/home/triton-ai/moses_work/ros2_stuff/build/tritonai_roi_interface' returned '0': CMAKE_PREFIX_PATH=${CMAKE_PREFIX_PATH}:/opt/ros/humble CONDA_PROMPT_MODIFIER=(base) /home/triton-ai/miniconda3/bin/cmake --build /home/triton-ai/moses_work/ros2_stuff/build/tritonai_roi_interface -- -j12 -l12
[1.579s] Invoking command in '/home/triton-ai/moses_work/ros2_stuff/build/tritonai_roi_interface': CMAKE_PREFIX_PATH=${CMAKE_PREFIX_PATH}:/opt/ros/humble CONDA_PROMPT_MODIFIER=(base) /home/triton-ai/miniconda3/bin/cmake --install /home/triton-ai/moses_work/ros2_stuff/build/tritonai_roi_interface
[1.595s] -- Install configuration: ""
[1.595s] -- Up-to-date: /home/triton-ai/moses_work/ros2_stuff/install/tritonai_roi_interface/share/ament_index/resource_index/rosidl_interfaces/tritonai_roi_interface
[1.595s] -- Up-to-date: /home/triton-ai/moses_work/ros2_stuff/install/tritonai_roi_interface/include/tritonai_roi_interface/tritonai_roi_interface
[1.595s] -- Up-to-date: /home/triton-ai/moses_work/ros2_stuff/install/tritonai_roi_interface/include/tritonai_roi_interface/tritonai_roi_interface/msg
[1.595s] -- Up-to-date: /home/triton-ai/moses_work/ros2_stuff/install/tritonai_roi_interface/include/tritonai_roi_interface/tritonai_roi_interface/msg/rosidl_generator_c__visibility_control.h
[1.595s] -- Installing: /home/triton-ai/moses_work/ros2_stuff/install/tritonai_roi_interface/include/tritonai_roi_interface/tritonai_roi_interface/msg/address_book.h
[1.595s] -- Up-to-date: /home/triton-ai/moses_work/ros2_stuff/install/tritonai_roi_interface/include/tritonai_roi_interface/tritonai_roi_interface/msg/detail
[1.595s] -- Installing: /home/triton-ai/moses_work/ros2_stuff/install/tritonai_roi_interface/include/tritonai_roi_interface/tritonai_roi_interface/msg/detail/address_book__functions.h
[1.595s] -- Installing: /home/triton-ai/moses_work/ros2_stuff/install/tritonai_roi_interface/include/tritonai_roi_interface/tritonai_roi_interface/msg/detail/address_book__struct.h
[1.595s] -- Installing: /home/triton-ai/moses_work/ros2_stuff/install/tritonai_roi_interface/include/tritonai_roi_interface/tritonai_roi_interface/msg/detail/address_book__functions.c
[1.595s] -- Installing: /home/triton-ai/moses_work/ros2_stuff/install/tritonai_roi_interface/include/tritonai_roi_interface/tritonai_roi_interface/msg/detail/address_book__type_support.h
[1.595s] -- Up-to-date: /home/triton-ai/moses_work/ros2_stuff/install/tritonai_roi_interface/share/tritonai_roi_interface/environment/library_path.sh
[1.595s] -- Installing: /home/triton-ai/moses_work/ros2_stuff/install/tritonai_roi_interface/share/tritonai_roi_interface/environment/library_path.dsv
[1.595s] -- Installing: /home/triton-ai/moses_work/ros2_stuff/install/tritonai_roi_interface/lib/libtritonai_roi_interface__rosidl_generator_c.so
[1.596s] -- Set runtime path of "/home/triton-ai/moses_work/ros2_stuff/install/tritonai_roi_interface/lib/libtritonai_roi_interface__rosidl_generator_c.so" to ""
[1.596s] -- Up-to-date: /home/triton-ai/moses_work/ros2_stuff/install/tritonai_roi_interface/include/tritonai_roi_interface/tritonai_roi_interface
[1.596s] -- Up-to-date: /home/triton-ai/moses_work/ros2_stuff/install/tritonai_roi_interface/include/tritonai_roi_interface/tritonai_roi_interface/msg
[1.596s] -- Up-to-date: /home/triton-ai/moses_work/ros2_stuff/install/tritonai_roi_interface/include/tritonai_roi_interface/tritonai_roi_interface/msg/rosidl_typesupport_fastrtps_c__visibility_control.h
[1.596s] -- Up-to-date: /home/triton-ai/moses_work/ros2_stuff/install/tritonai_roi_interface/include/tritonai_roi_interface/tritonai_roi_interface/msg/detail
[1.596s] -- Installing: /home/triton-ai/moses_work/ros2_stuff/install/tritonai_roi_interface/include/tritonai_roi_interface/tritonai_roi_interface/msg/detail/address_book__rosidl_typesupport_fastrtps_c.h
[1.596s] -- Installing: /home/triton-ai/moses_work/ros2_stuff/install/tritonai_roi_interface/lib/libtritonai_roi_interface__rosidl_typesupport_fastrtps_c.so
[1.596s] -- Set runtime path of "/home/triton-ai/moses_work/ros2_stuff/install/tritonai_roi_interface/lib/libtritonai_roi_interface__rosidl_typesupport_fastrtps_c.so" to ""
[1.596s] -- Up-to-date: /home/triton-ai/moses_work/ros2_stuff/install/tritonai_roi_interface/include/tritonai_roi_interface/tritonai_roi_interface
[1.596s] -- Up-to-date: /home/triton-ai/moses_work/ros2_stuff/install/tritonai_roi_interface/include/tritonai_roi_interface/tritonai_roi_interface/msg
[1.596s] -- Up-to-date: /home/triton-ai/moses_work/ros2_stuff/install/tritonai_roi_interface/include/tritonai_roi_interface/tritonai_roi_interface/msg/rosidl_typesupport_introspection_c__visibility_control.h
[1.596s] -- Up-to-date: /home/triton-ai/moses_work/ros2_stuff/install/tritonai_roi_interface/include/tritonai_roi_interface/tritonai_roi_interface/msg/detail
[1.596s] -- Installing: /home/triton-ai/moses_work/ros2_stuff/install/tritonai_roi_interface/include/tritonai_roi_interface/tritonai_roi_interface/msg/detail/address_book__type_support.c
[1.596s] -- Installing: /home/triton-ai/moses_work/ros2_stuff/install/tritonai_roi_interface/include/tritonai_roi_interface/tritonai_roi_interface/msg/detail/address_book__rosidl_typesupport_introspection_c.h
[1.597s] -- Installing: /home/triton-ai/moses_work/ros2_stuff/install/tritonai_roi_interface/lib/libtritonai_roi_interface__rosidl_typesupport_introspection_c.so
[1.597s] -- Set runtime path of "/home/triton-ai/moses_work/ros2_stuff/install/tritonai_roi_interface/lib/libtritonai_roi_interface__rosidl_typesupport_introspection_c.so" to ""
[1.597s] -- Installing: /home/triton-ai/moses_work/ros2_stuff/install/tritonai_roi_interface/lib/libtritonai_roi_interface__rosidl_typesupport_c.so
[1.597s] -- Set runtime path of "/home/triton-ai/moses_work/ros2_stuff/install/tritonai_roi_interface/lib/libtritonai_roi_interface__rosidl_typesupport_c.so" to ""
[1.597s] -- Up-to-date: /home/triton-ai/moses_work/ros2_stuff/install/tritonai_roi_interface/include/tritonai_roi_interface/tritonai_roi_interface
[1.597s] -- Up-to-date: /home/triton-ai/moses_work/ros2_stuff/install/tritonai_roi_interface/include/tritonai_roi_interface/tritonai_roi_interface/msg
[1.597s] -- Installing: /home/triton-ai/moses_work/ros2_stuff/install/tritonai_roi_interface/include/tritonai_roi_interface/tritonai_roi_interface/msg/address_book.hpp
[1.597s] -- Up-to-date: /home/triton-ai/moses_work/ros2_stuff/install/tritonai_roi_interface/include/tritonai_roi_interface/tritonai_roi_interface/msg/detail
[1.597s] -- Installing: /home/triton-ai/moses_work/ros2_stuff/install/tritonai_roi_interface/include/tritonai_roi_interface/tritonai_roi_interface/msg/detail/address_book__struct.hpp
[1.597s] -- Installing: /home/triton-ai/moses_work/ros2_stuff/install/tritonai_roi_interface/include/tritonai_roi_interface/tritonai_roi_interface/msg/detail/address_book__traits.hpp
[1.597s] -- Installing: /home/triton-ai/moses_work/ros2_stuff/install/tritonai_roi_interface/include/tritonai_roi_interface/tritonai_roi_interface/msg/detail/address_book__builder.hpp
[1.597s] -- Up-to-date: /home/triton-ai/moses_work/ros2_stuff/install/tritonai_roi_interface/include/tritonai_roi_interface/tritonai_roi_interface
[1.597s] -- Up-to-date: /home/triton-ai/moses_work/ros2_stuff/install/tritonai_roi_interface/include/tritonai_roi_interface/tritonai_roi_interface/msg
[1.597s] -- Up-to-date: /home/triton-ai/moses_work/ros2_stuff/install/tritonai_roi_interface/include/tritonai_roi_interface/tritonai_roi_interface/msg/rosidl_typesupport_fastrtps_cpp__visibility_control.h
[1.597s] -- Up-to-date: /home/triton-ai/moses_work/ros2_stuff/install/tritonai_roi_interface/include/tritonai_roi_interface/tritonai_roi_interface/msg/detail
[1.598s] -- Installing: /home/triton-ai/moses_work/ros2_stuff/install/tritonai_roi_interface/include/tritonai_roi_interface/tritonai_roi_interface/msg/detail/address_book__rosidl_typesupport_fastrtps_cpp.hpp
[1.598s] -- Up-to-date: /home/triton-ai/moses_work/ros2_stuff/install/tritonai_roi_interface/include/tritonai_roi_interface/tritonai_roi_interface/msg/detail/dds_fastrtps
[1.598s] -- Installing: /home/triton-ai/moses_work/ros2_stuff/install/tritonai_roi_interface/lib/libtritonai_roi_interface__rosidl_typesupport_fastrtps_cpp.so
[1.598s] -- Set runtime path of "/home/triton-ai/moses_work/ros2_stuff/install/tritonai_roi_interface/lib/libtritonai_roi_interface__rosidl_typesupport_fastrtps_cpp.so" to ""
[1.598s] -- Up-to-date: /home/triton-ai/moses_work/ros2_stuff/install/tritonai_roi_interface/include/tritonai_roi_interface/tritonai_roi_interface
[1.598s] -- Up-to-date: /home/triton-ai/moses_work/ros2_stuff/install/tritonai_roi_interface/include/tritonai_roi_interface/tritonai_roi_interface/msg
[1.598s] -- Up-to-date: /home/triton-ai/moses_work/ros2_stuff/install/tritonai_roi_interface/include/tritonai_roi_interface/tritonai_roi_interface/msg/detail
[1.598s] -- Installing: /home/triton-ai/moses_work/ros2_stuff/install/tritonai_roi_interface/include/tritonai_roi_interface/tritonai_roi_interface/msg/detail/address_book__type_support.cpp
[1.598s] -- Installing: /home/triton-ai/moses_work/ros2_stuff/install/tritonai_roi_interface/include/tritonai_roi_interface/tritonai_roi_interface/msg/detail/address_book__rosidl_typesupport_introspection_cpp.hpp
[1.598s] -- Installing: /home/triton-ai/moses_work/ros2_stuff/install/tritonai_roi_interface/lib/libtritonai_roi_interface__rosidl_typesupport_introspection_cpp.so
[1.598s] -- Set runtime path of "/home/triton-ai/moses_work/ros2_stuff/install/tritonai_roi_interface/lib/libtritonai_roi_interface__rosidl_typesupport_introspection_cpp.so" to ""
[1.598s] -- Installing: /home/triton-ai/moses_work/ros2_stuff/install/tritonai_roi_interface/lib/libtritonai_roi_interface__rosidl_typesupport_cpp.so
[1.599s] -- Set runtime path of "/home/triton-ai/moses_work/ros2_stuff/install/tritonai_roi_interface/lib/libtritonai_roi_interface__rosidl_typesupport_cpp.so" to ""
[1.599s] -- Up-to-date: /home/triton-ai/moses_work/ros2_stuff/install/tritonai_roi_interface/share/tritonai_roi_interface/environment/pythonpath.sh
[1.599s] -- Installing: /home/triton-ai/moses_work/ros2_stuff/install/tritonai_roi_interface/share/tritonai_roi_interface/environment/pythonpath.dsv
[1.599s] -- Up-to-date: /home/triton-ai/moses_work/ros2_stuff/install/tritonai_roi_interface/lib/python3.10/site-packages/tritonai_roi_interface-0.0.0-py3.10.egg-info
[1.599s] -- Installing: /home/triton-ai/moses_work/ros2_stuff/install/tritonai_roi_interface/lib/python3.10/site-packages/tritonai_roi_interface-0.0.0-py3.10.egg-info/PKG-INFO
[1.599s] -- Installing: /home/triton-ai/moses_work/ros2_stuff/install/tritonai_roi_interface/lib/python3.10/site-packages/tritonai_roi_interface-0.0.0-py3.10.egg-info/top_level.txt
[1.599s] -- Installing: /home/triton-ai/moses_work/ros2_stuff/install/tritonai_roi_interface/lib/python3.10/site-packages/tritonai_roi_interface-0.0.0-py3.10.egg-info/dependency_links.txt
[1.599s] -- Installing: /home/triton-ai/moses_work/ros2_stuff/install/tritonai_roi_interface/lib/python3.10/site-packages/tritonai_roi_interface-0.0.0-py3.10.egg-info/SOURCES.txt
[1.599s] -- Up-to-date: /home/triton-ai/moses_work/ros2_stuff/install/tritonai_roi_interface/lib/python3.10/site-packages/tritonai_roi_interface
[1.599s] -- Installing: /home/triton-ai/moses_work/ros2_stuff/install/tritonai_roi_interface/lib/python3.10/site-packages/tritonai_roi_interface/_tritonai_roi_interface_s.ep.rosidl_typesupport_introspection_c.c
[1.599s] -- Installing: /home/triton-ai/moses_work/ros2_stuff/install/tritonai_roi_interface/lib/python3.10/site-packages/tritonai_roi_interface/tritonai_roi_interface_s__rosidl_typesupport_introspection_c.cpython-310-x86_64-linux-gnu.so
[1.599s] -- Installing: /home/triton-ai/moses_work/ros2_stuff/install/tritonai_roi_interface/lib/python3.10/site-packages/tritonai_roi_interface/tritonai_roi_interface_s__rosidl_typesupport_fastrtps_c.cpython-310-x86_64-linux-gnu.so
[1.599s] -- Installing: /home/triton-ai/moses_work/ros2_stuff/install/tritonai_roi_interface/lib/python3.10/site-packages/tritonai_roi_interface/tritonai_roi_interface_s__rosidl_typesupport_c.cpython-310-x86_64-linux-gnu.so
[1.599s] -- Installing: /home/triton-ai/moses_work/ros2_stuff/install/tritonai_roi_interface/lib/python3.10/site-packages/tritonai_roi_interface/_tritonai_roi_interface_s.ep.rosidl_typesupport_c.c
[1.599s] -- Installing: /home/triton-ai/moses_work/ros2_stuff/install/tritonai_roi_interface/lib/python3.10/site-packages/tritonai_roi_interface/__init__.py
[1.599s] -- Installing: /home/triton-ai/moses_work/ros2_stuff/install/tritonai_roi_interface/lib/python3.10/site-packages/tritonai_roi_interface/libtritonai_roi_interface__rosidl_generator_py.so
[1.599s] -- Installing: /home/triton-ai/moses_work/ros2_stuff/install/tritonai_roi_interface/lib/python3.10/site-packages/tritonai_roi_interface/_tritonai_roi_interface_s.ep.rosidl_typesupport_fastrtps_c.c
[1.600s] -- Up-to-date: /home/triton-ai/moses_work/ros2_stuff/install/tritonai_roi_interface/lib/python3.10/site-packages/tritonai_roi_interface/msg
[1.600s] -- Installing: /home/triton-ai/moses_work/ros2_stuff/install/tritonai_roi_interface/lib/python3.10/site-packages/tritonai_roi_interface/msg/_address_book_s.c
[1.600s] -- Installing: /home/triton-ai/moses_work/ros2_stuff/install/tritonai_roi_interface/lib/python3.10/site-packages/tritonai_roi_interface/msg/_address_book.py
[1.600s] -- Installing: /home/triton-ai/moses_work/ros2_stuff/install/tritonai_roi_interface/lib/python3.10/site-packages/tritonai_roi_interface/msg/__init__.py
[1.619s] Listing '/home/triton-ai/moses_work/ros2_stuff/install/tritonai_roi_interface/lib/python3.10/site-packages/tritonai_roi_interface'...
[1.619s] Compiling '/home/triton-ai/moses_work/ros2_stuff/install/tritonai_roi_interface/lib/python3.10/site-packages/tritonai_roi_interface/__init__.py'...
[1.619s] Listing '/home/triton-ai/moses_work/ros2_stuff/install/tritonai_roi_interface/lib/python3.10/site-packages/tritonai_roi_interface/msg'...
[1.619s] Compiling '/home/triton-ai/moses_work/ros2_stuff/install/tritonai_roi_interface/lib/python3.10/site-packages/tritonai_roi_interface/msg/__init__.py'...
[1.619s] Compiling '/home/triton-ai/moses_work/ros2_stuff/install/tritonai_roi_interface/lib/python3.10/site-packages/tritonai_roi_interface/msg/_address_book.py'...
[1.622s] -- Installing: /home/triton-ai/moses_work/ros2_stuff/install/tritonai_roi_interface/lib/python3.10/site-packages/tritonai_roi_interface/tritonai_roi_interface_s__rosidl_typesupport_fastrtps_c.cpython-310-x86_64-linux-gnu.so
[1.622s] -- Set runtime path of "/home/triton-ai/moses_work/ros2_stuff/install/tritonai_roi_interface/lib/python3.10/site-packages/tritonai_roi_interface/tritonai_roi_interface_s__rosidl_typesupport_fastrtps_c.cpython-310-x86_64-linux-gnu.so" to ""
[1.622s] -- Installing: /home/triton-ai/moses_work/ros2_stuff/install/tritonai_roi_interface/lib/python3.10/site-packages/tritonai_roi_interface/tritonai_roi_interface_s__rosidl_typesupport_introspection_c.cpython-310-x86_64-linux-gnu.so
[1.622s] -- Set runtime path of "/home/triton-ai/moses_work/ros2_stuff/install/tritonai_roi_interface/lib/python3.10/site-packages/tritonai_roi_interface/tritonai_roi_interface_s__rosidl_typesupport_introspection_c.cpython-310-x86_64-linux-gnu.so" to ""
[1.623s] -- Installing: /home/triton-ai/moses_work/ros2_stuff/install/tritonai_roi_interface/lib/python3.10/site-packages/tritonai_roi_interface/tritonai_roi_interface_s__rosidl_typesupport_c.cpython-310-x86_64-linux-gnu.so
[1.623s] -- Set runtime path of "/home/triton-ai/moses_work/ros2_stuff/install/tritonai_roi_interface/lib/python3.10/site-packages/tritonai_roi_interface/tritonai_roi_interface_s__rosidl_typesupport_c.cpython-310-x86_64-linux-gnu.so" to ""
[1.623s] -- Installing: /home/triton-ai/moses_work/ros2_stuff/install/tritonai_roi_interface/lib/libtritonai_roi_interface__rosidl_generator_py.so
[1.623s] -- Set runtime path of "/home/triton-ai/moses_work/ros2_stuff/install/tritonai_roi_interface/lib/libtritonai_roi_interface__rosidl_generator_py.so" to ""
[1.623s] -- Installing: /home/triton-ai/moses_work/ros2_stuff/install/tritonai_roi_interface/share/tritonai_roi_interface/msg/AddressBook.idl
[1.623s] -- Installing: /home/triton-ai/moses_work/ros2_stuff/install/tritonai_roi_interface/share/tritonai_roi_interface/msg/AddressBook.msg
[1.623s] -- Up-to-date: /home/triton-ai/moses_work/ros2_stuff/install/tritonai_roi_interface/share/ament_index/resource_index/package_run_dependencies/tritonai_roi_interface
[1.623s] -- Installing: /home/triton-ai/moses_work/ros2_stuff/install/tritonai_roi_interface/share/ament_index/resource_index/parent_prefix_path/tritonai_roi_interface
[1.623s] -- Up-to-date: /home/triton-ai/moses_work/ros2_stuff/install/tritonai_roi_interface/share/tritonai_roi_interface/environment/ament_prefix_path.sh
[1.623s] -- Installing: /home/triton-ai/moses_work/ros2_stuff/install/tritonai_roi_interface/share/tritonai_roi_interface/environment/ament_prefix_path.dsv
[1.623s] -- Up-to-date: /home/triton-ai/moses_work/ros2_stuff/install/tritonai_roi_interface/share/tritonai_roi_interface/environment/path.sh
[1.623s] -- Installing: /home/triton-ai/moses_work/ros2_stuff/install/tritonai_roi_interface/share/tritonai_roi_interface/environment/path.dsv
[1.623s] -- Up-to-date: /home/triton-ai/moses_work/ros2_stuff/install/tritonai_roi_interface/share/tritonai_roi_interface/local_setup.bash
[1.623s] -- Up-to-date: /home/triton-ai/moses_work/ros2_stuff/install/tritonai_roi_interface/share/tritonai_roi_interface/local_setup.sh
[1.623s] -- Up-to-date: /home/triton-ai/moses_work/ros2_stuff/install/tritonai_roi_interface/share/tritonai_roi_interface/local_setup.zsh
[1.624s] -- Installing: /home/triton-ai/moses_work/ros2_stuff/install/tritonai_roi_interface/share/tritonai_roi_interface/local_setup.dsv
[1.624s] -- Installing: /home/triton-ai/moses_work/ros2_stuff/install/tritonai_roi_interface/share/tritonai_roi_interface/package.dsv
[1.624s] -- Up-to-date: /home/triton-ai/moses_work/ros2_stuff/install/tritonai_roi_interface/share/ament_index/resource_index/packages/tritonai_roi_interface
[1.624s] -- Up-to-date: /home/triton-ai/moses_work/ros2_stuff/install/tritonai_roi_interface/share/tritonai_roi_interface/cmake/export_tritonai_roi_interface__rosidl_generator_cExport.cmake
[1.624s] -- Up-to-date: /home/triton-ai/moses_work/ros2_stuff/install/tritonai_roi_interface/share/tritonai_roi_interface/cmake/export_tritonai_roi_interface__rosidl_generator_cExport-noconfig.cmake
[1.624s] -- Up-to-date: /home/triton-ai/moses_work/ros2_stuff/install/tritonai_roi_interface/share/tritonai_roi_interface/cmake/export_tritonai_roi_interface__rosidl_typesupport_fastrtps_cExport.cmake
[1.624s] -- Up-to-date: /home/triton-ai/moses_work/ros2_stuff/install/tritonai_roi_interface/share/tritonai_roi_interface/cmake/export_tritonai_roi_interface__rosidl_typesupport_fastrtps_cExport-noconfig.cmake
[1.624s] -- Up-to-date: /home/triton-ai/moses_work/ros2_stuff/install/tritonai_roi_interface/share/tritonai_roi_interface/cmake/tritonai_roi_interface__rosidl_typesupport_introspection_cExport.cmake
[1.624s] -- Up-to-date: /home/triton-ai/moses_work/ros2_stuff/install/tritonai_roi_interface/share/tritonai_roi_interface/cmake/tritonai_roi_interface__rosidl_typesupport_introspection_cExport-noconfig.cmake
[1.624s] -- Up-to-date: /home/triton-ai/moses_work/ros2_stuff/install/tritonai_roi_interface/share/tritonai_roi_interface/cmake/tritonai_roi_interface__rosidl_typesupport_cExport.cmake
[1.624s] -- Up-to-date: /home/triton-ai/moses_work/ros2_stuff/install/tritonai_roi_interface/share/tritonai_roi_interface/cmake/tritonai_roi_interface__rosidl_typesupport_cExport-noconfig.cmake
[1.624s] -- Up-to-date: /home/triton-ai/moses_work/ros2_stuff/install/tritonai_roi_interface/share/tritonai_roi_interface/cmake/export_tritonai_roi_interface__rosidl_generator_cppExport.cmake
[1.624s] -- Up-to-date: /home/triton-ai/moses_work/ros2_stuff/install/tritonai_roi_interface/share/tritonai_roi_interface/cmake/export_tritonai_roi_interface__rosidl_typesupport_fastrtps_cppExport.cmake
[1.624s] -- Up-to-date: /home/triton-ai/moses_work/ros2_stuff/install/tritonai_roi_interface/share/tritonai_roi_interface/cmake/export_tritonai_roi_interface__rosidl_typesupport_fastrtps_cppExport-noconfig.cmake
[1.624s] -- Up-to-date: /home/triton-ai/moses_work/ros2_stuff/install/tritonai_roi_interface/share/tritonai_roi_interface/cmake/tritonai_roi_interface__rosidl_typesupport_introspection_cppExport.cmake
[1.624s] -- Up-to-date: /home/triton-ai/moses_work/ros2_stuff/install/tritonai_roi_interface/share/tritonai_roi_interface/cmake/tritonai_roi_interface__rosidl_typesupport_introspection_cppExport-noconfig.cmake
[1.624s] -- Up-to-date: /home/triton-ai/moses_work/ros2_stuff/install/tritonai_roi_interface/share/tritonai_roi_interface/cmake/tritonai_roi_interface__rosidl_typesupport_cppExport.cmake
[1.624s] -- Up-to-date: /home/triton-ai/moses_work/ros2_stuff/install/tritonai_roi_interface/share/tritonai_roi_interface/cmake/tritonai_roi_interface__rosidl_typesupport_cppExport-noconfig.cmake
[1.625s] -- Up-to-date: /home/triton-ai/moses_work/ros2_stuff/install/tritonai_roi_interface/share/tritonai_roi_interface/cmake/export_tritonai_roi_interface__rosidl_generator_pyExport.cmake
[1.625s] -- Up-to-date: /home/triton-ai/moses_work/ros2_stuff/install/tritonai_roi_interface/share/tritonai_roi_interface/cmake/export_tritonai_roi_interface__rosidl_generator_pyExport-noconfig.cmake
[1.625s] -- Up-to-date: /home/triton-ai/moses_work/ros2_stuff/install/tritonai_roi_interface/share/tritonai_roi_interface/cmake/rosidl_cmake-extras.cmake
[1.625s] -- Up-to-date: /home/triton-ai/moses_work/ros2_stuff/install/tritonai_roi_interface/share/tritonai_roi_interface/cmake/ament_cmake_export_include_directories-extras.cmake
[1.625s] -- Up-to-date: /home/triton-ai/moses_work/ros2_stuff/install/tritonai_roi_interface/share/tritonai_roi_interface/cmake/ament_cmake_export_libraries-extras.cmake
[1.625s] -- Up-to-date: /home/triton-ai/moses_work/ros2_stuff/install/tritonai_roi_interface/share/tritonai_roi_interface/cmake/ament_cmake_export_targets-extras.cmake
[1.625s] -- Up-to-date: /home/triton-ai/moses_work/ros2_stuff/install/tritonai_roi_interface/share/tritonai_roi_interface/cmake/rosidl_cmake_export_typesupport_targets-extras.cmake
[1.625s] -- Up-to-date: /home/triton-ai/moses_work/ros2_stuff/install/tritonai_roi_interface/share/tritonai_roi_interface/cmake/ament_cmake_export_dependencies-extras.cmake
[1.625s] -- Up-to-date: /home/triton-ai/moses_work/ros2_stuff/install/tritonai_roi_interface/share/tritonai_roi_interface/cmake/rosidl_cmake_export_typesupport_libraries-extras.cmake
[1.625s] -- Up-to-date: /home/triton-ai/moses_work/ros2_stuff/install/tritonai_roi_interface/share/tritonai_roi_interface/cmake/tritonai_roi_interfaceConfig.cmake
[1.625s] -- Up-to-date: /home/triton-ai/moses_work/ros2_stuff/install/tritonai_roi_interface/share/tritonai_roi_interface/cmake/tritonai_roi_interfaceConfig-version.cmake
[1.625s] -- Up-to-date: /home/triton-ai/moses_work/ros2_stuff/install/tritonai_roi_interface/share/tritonai_roi_interface/package.xml
[1.629s] Invoked command in '/home/triton-ai/moses_work/ros2_stuff/build/tritonai_roi_interface' returned '0': CMAKE_PREFIX_PATH=${CMAKE_PREFIX_PATH}:/opt/ros/humble CONDA_PROMPT_MODIFIER=(base) /home/triton-ai/miniconda3/bin/cmake --install /home/triton-ai/moses_work/ros2_stuff/build/tritonai_roi_interface
