[0.421s] Invoking command in '/home/triton-ai/moses_work/cam_path_planner/src/tritonai_roi_depth_info': CONDA_PROMPT_MODIFIER=(base) PYTHONPATH=/home/triton-ai/moses_work/cam_path_planner/build/tritonai_roi_depth_info/prefix_override:/home/triton-ai/moses_work/cam_path_planner/install/tritonai_roi_depth_info/lib/python3.10/site-packages:${PYTHONPATH} /usr/bin/python3 setup.py egg_info --egg-base ../../build/tritonai_roi_depth_info build --build-base /home/triton-ai/moses_work/cam_path_planner/build/tritonai_roi_depth_info/build install --record /home/triton-ai/moses_work/cam_path_planner/build/tritonai_roi_depth_info/install.log --single-version-externally-managed
[0.588s] running egg_info
[0.589s] writing ../../build/tritonai_roi_depth_info/tritonai_roi_depth_info.egg-info/PKG-INFO
[0.589s] writing dependency_links to ../../build/tritonai_roi_depth_info/tritonai_roi_depth_info.egg-info/dependency_links.txt
[0.589s] writing entry points to ../../build/tritonai_roi_depth_info/tritonai_roi_depth_info.egg-info/entry_points.txt
[0.589s] writing requirements to ../../build/tritonai_roi_depth_info/tritonai_roi_depth_info.egg-info/requires.txt
[0.589s] writing top-level names to ../../build/tritonai_roi_depth_info/tritonai_roi_depth_info.egg-info/top_level.txt
[0.590s] reading manifest file '../../build/tritonai_roi_depth_info/tritonai_roi_depth_info.egg-info/SOURCES.txt'
[0.591s] writing manifest file '../../build/tritonai_roi_depth_info/tritonai_roi_depth_info.egg-info/SOURCES.txt'
[0.591s] running build
[0.591s] running build_py
[0.591s] copying tritonai_roi_depth_info/path_display.py -> /home/triton-ai/moses_work/cam_path_planner/build/tritonai_roi_depth_info/build/lib/tritonai_roi_depth_info
[0.591s] running install
[0.591s] /usr/lib/python3/dist-packages/setuptools/command/install.py:34: SetuptoolsDeprecationWarning: setup.py install is deprecated. Use build and pip and other standards-based tools.
[0.591s]   warnings.warn(
[0.591s] running install_lib
[0.592s] copying /home/triton-ai/moses_work/cam_path_planner/build/tritonai_roi_depth_info/build/lib/tritonai_roi_depth_info/path_display.py -> /home/triton-ai/moses_work/cam_path_planner/install/tritonai_roi_depth_info/lib/python3.10/site-packages/tritonai_roi_depth_info
[0.592s] byte-compiling /home/triton-ai/moses_work/cam_path_planner/install/tritonai_roi_depth_info/lib/python3.10/site-packages/tritonai_roi_depth_info/path_display.py to path_display.cpython-310.pyc
[0.592s] running install_data
[0.593s] running install_egg_info
[0.594s] removing '/home/triton-ai/moses_work/cam_path_planner/install/tritonai_roi_depth_info/lib/python3.10/site-packages/tritonai_roi_depth_info-0.0.0-py3.10.egg-info' (and everything under it)
[0.594s] Copying ../../build/tritonai_roi_depth_info/tritonai_roi_depth_info.egg-info to /home/triton-ai/moses_work/cam_path_planner/install/tritonai_roi_depth_info/lib/python3.10/site-packages/tritonai_roi_depth_info-0.0.0-py3.10.egg-info
[0.594s] running install_scripts
[0.606s] Installing listener script to /home/triton-ai/moses_work/cam_path_planner/install/tritonai_roi_depth_info/lib/tritonai_roi_depth_info
[0.606s] Installing path_listener script to /home/triton-ai/moses_work/cam_path_planner/install/tritonai_roi_depth_info/lib/tritonai_roi_depth_info
[0.606s] Installing talker script to /home/triton-ai/moses_work/cam_path_planner/install/tritonai_roi_depth_info/lib/tritonai_roi_depth_info
[0.607s] writing list of installed files to '/home/triton-ai/moses_work/cam_path_planner/build/tritonai_roi_depth_info/install.log'
[0.623s] Invoked command in '/home/triton-ai/moses_work/cam_path_planner/src/tritonai_roi_depth_info' returned '0': CONDA_PROMPT_MODIFIER=(base) PYTHONPATH=/home/triton-ai/moses_work/cam_path_planner/build/tritonai_roi_depth_info/prefix_override:/home/triton-ai/moses_work/cam_path_planner/install/tritonai_roi_depth_info/lib/python3.10/site-packages:${PYTHONPATH} /usr/bin/python3 setup.py egg_info --egg-base ../../build/tritonai_roi_depth_info build --build-base /home/triton-ai/moses_work/cam_path_planner/build/tritonai_roi_depth_info/build install --record /home/triton-ai/moses_work/cam_path_planner/build/tritonai_roi_depth_info/install.log --single-version-externally-managed
