[0.210s] DEBUG:colcon:Command line arguments: ['/usr/bin/colcon', 'build', '--packages-up-to', 'tritonai_roi_interface']
[0.210s] DEBUG:colcon:Parsed command line arguments: Namespace(log_base=None, log_level=None, verb_name='build', build_base='build', install_base='install', merge_install=False, symlink_install=False, test_result_base=None, continue_on_error=False, executor='parallel', parallel_workers=12, event_handlers=None, ignore_user_meta=False, metas=['./colcon.meta'], base_paths=['.'], packages_ignore=None, packages_ignore_regex=None, paths=None, packages_up_to=['tritonai_roi_interface'], packages_up_to_regex=None, packages_above=None, packages_above_and_dependencies=None, packages_above_depth=None, packages_select_by_dep=None, packages_skip_by_dep=None, packages_skip_up_to=None, packages_select_build_failed=False, packages_skip_build_finished=False, packages_select_test_failures=False, packages_skip_test_passed=False, packages_select=None, packages_skip=None, packages_select_regex=None, packages_skip_regex=None, packages_start=None, packages_end=None, allow_overriding=[], cmake_args=None, cmake_target=None, cmake_target_skip_unavailable=False, cmake_clean_cache=False, cmake_clean_first=False, cmake_force_configure=False, ament_cmake_args=None, catkin_cmake_args=None, catkin_skip_building_tests=False, mixin_files=None, mixin=None, verb_parser=<colcon_mixin.mixin.mixin_argument.MixinArgumentDecorator object at 0x7f767952ada0>, verb_extension=<colcon_core.verb.build.BuildVerb object at 0x7f767a2265c0>, main=<bound method BuildVerb.main of <colcon_core.verb.build.BuildVerb object at 0x7f767a2265c0>>, mixin_verb=('build',))
[0.224s] Level 1:colcon.colcon_core.package_discovery:discover_packages(colcon_meta) check parameters
[0.224s] Level 1:colcon.colcon_core.package_discovery:discover_packages(recursive) check parameters
[0.224s] Level 1:colcon.colcon_core.package_discovery:discover_packages(ignore) check parameters
[0.224s] Level 1:colcon.colcon_core.package_discovery:discover_packages(path) check parameters
[0.224s] Level 1:colcon.colcon_core.package_discovery:discover_packages(colcon_meta) discover
[0.224s] Level 1:colcon.colcon_core.package_discovery:discover_packages(recursive) discover
[0.224s] INFO:colcon.colcon_core.package_discovery:Crawling recursively for packages in '/home/triton-ai/moses_work/ros2_stuff'
[0.224s] Level 1:colcon.colcon_core.package_identification:_identify(.) by extensions ['ignore', 'ignore_ament_install']
[0.224s] Level 1:colcon.colcon_core.package_identification:_identify(.) by extension 'ignore'
[0.224s] Level 1:colcon.colcon_core.package_identification:_identify(.) by extension 'ignore_ament_install'
[0.224s] Level 1:colcon.colcon_core.package_identification:_identify(.) by extensions ['colcon_pkg']
[0.224s] Level 1:colcon.colcon_core.package_identification:_identify(.) by extension 'colcon_pkg'
[0.224s] Level 1:colcon.colcon_core.package_identification:_identify(.) by extensions ['colcon_meta']
[0.224s] Level 1:colcon.colcon_core.package_identification:_identify(.) by extension 'colcon_meta'
[0.224s] Level 1:colcon.colcon_core.package_identification:_identify(.) by extensions ['ros']
[0.224s] Level 1:colcon.colcon_core.package_identification:_identify(.) by extension 'ros'
[0.231s] Level 1:colcon.colcon_core.package_identification:_identify(.) by extensions ['cmake', 'python']
[0.231s] Level 1:colcon.colcon_core.package_identification:_identify(.) by extension 'cmake'
[0.231s] Level 1:colcon.colcon_core.package_identification:_identify(.) by extension 'python'
[0.231s] Level 1:colcon.colcon_core.package_identification:_identify(.) by extensions ['python_setup_py']
[0.231s] Level 1:colcon.colcon_core.package_identification:_identify(.) by extension 'python_setup_py'
[0.231s] Level 1:colcon.colcon_core.package_identification:_identify(build) by extensions ['ignore', 'ignore_ament_install']
[0.231s] Level 1:colcon.colcon_core.package_identification:_identify(build) by extension 'ignore'
[0.231s] Level 1:colcon.colcon_core.package_identification:_identify(build) ignored
[0.231s] Level 1:colcon.colcon_core.package_identification:_identify(install) by extensions ['ignore', 'ignore_ament_install']
[0.231s] Level 1:colcon.colcon_core.package_identification:_identify(install) by extension 'ignore'
[0.231s] Level 1:colcon.colcon_core.package_identification:_identify(install) ignored
[0.231s] Level 1:colcon.colcon_core.package_identification:_identify(log) by extensions ['ignore', 'ignore_ament_install']
[0.231s] Level 1:colcon.colcon_core.package_identification:_identify(log) by extension 'ignore'
[0.231s] Level 1:colcon.colcon_core.package_identification:_identify(log) ignored
[0.231s] Level 1:colcon.colcon_core.package_identification:_identify(tritonai_roi_interface) by extensions ['ignore', 'ignore_ament_install']
[0.231s] Level 1:colcon.colcon_core.package_identification:_identify(tritonai_roi_interface) by extension 'ignore'
[0.231s] Level 1:colcon.colcon_core.package_identification:_identify(tritonai_roi_interface) by extension 'ignore_ament_install'
[0.231s] Level 1:colcon.colcon_core.package_identification:_identify(tritonai_roi_interface) by extensions ['colcon_pkg']
[0.231s] Level 1:colcon.colcon_core.package_identification:_identify(tritonai_roi_interface) by extension 'colcon_pkg'
[0.231s] Level 1:colcon.colcon_core.package_identification:_identify(tritonai_roi_interface) by extensions ['colcon_meta']
[0.231s] Level 1:colcon.colcon_core.package_identification:_identify(tritonai_roi_interface) by extension 'colcon_meta'
[0.232s] Level 1:colcon.colcon_core.package_identification:_identify(tritonai_roi_interface) by extensions ['ros']
[0.232s] Level 1:colcon.colcon_core.package_identification:_identify(tritonai_roi_interface) by extension 'ros'
[0.233s] DEBUG:colcon.colcon_core.package_identification:Package 'tritonai_roi_interface' with type 'ros.ament_cmake' and name 'tritonai_roi_interface'
[0.233s] Level 1:colcon.colcon_core.package_discovery:discover_packages(recursive) using defaults
[0.233s] Level 1:colcon.colcon_core.package_discovery:discover_packages(ignore) discover
[0.233s] Level 1:colcon.colcon_core.package_discovery:discover_packages(ignore) using defaults
[0.233s] Level 1:colcon.colcon_core.package_discovery:discover_packages(path) discover
[0.233s] Level 1:colcon.colcon_core.package_discovery:discover_packages(path) using defaults
[0.246s] Level 1:colcon.colcon_core.package_discovery:discover_packages(prefix_path) check parameters
[0.246s] Level 1:colcon.colcon_core.package_discovery:discover_packages(prefix_path) discover
[0.248s] DEBUG:colcon.colcon_installed_package_information.package_discovery:Found 407 installed packages in /opt/ros/humble
[0.249s] Level 1:colcon.colcon_core.package_discovery:discover_packages(prefix_path) using defaults
[0.289s] Level 5:colcon.colcon_core.verb:set package 'tritonai_roi_interface' build argument 'cmake_args' from command line to 'None'
[0.289s] Level 5:colcon.colcon_core.verb:set package 'tritonai_roi_interface' build argument 'cmake_target' from command line to 'None'
[0.289s] Level 5:colcon.colcon_core.verb:set package 'tritonai_roi_interface' build argument 'cmake_target_skip_unavailable' from command line to 'False'
[0.289s] Level 5:colcon.colcon_core.verb:set package 'tritonai_roi_interface' build argument 'cmake_clean_cache' from command line to 'False'
[0.289s] Level 5:colcon.colcon_core.verb:set package 'tritonai_roi_interface' build argument 'cmake_clean_first' from command line to 'False'
[0.289s] Level 5:colcon.colcon_core.verb:set package 'tritonai_roi_interface' build argument 'cmake_force_configure' from command line to 'False'
[0.289s] Level 5:colcon.colcon_core.verb:set package 'tritonai_roi_interface' build argument 'ament_cmake_args' from command line to 'None'
[0.289s] Level 5:colcon.colcon_core.verb:set package 'tritonai_roi_interface' build argument 'catkin_cmake_args' from command line to 'None'
[0.289s] Level 5:colcon.colcon_core.verb:set package 'tritonai_roi_interface' build argument 'catkin_skip_building_tests' from command line to 'False'
[0.289s] DEBUG:colcon.colcon_core.verb:Building package 'tritonai_roi_interface' with the following arguments: {'ament_cmake_args': None, 'build_base': '/home/triton-ai/moses_work/ros2_stuff/build/tritonai_roi_interface', 'catkin_cmake_args': None, 'catkin_skip_building_tests': False, 'cmake_args': None, 'cmake_clean_cache': False, 'cmake_clean_first': False, 'cmake_force_configure': False, 'cmake_target': None, 'cmake_target_skip_unavailable': False, 'install_base': '/home/triton-ai/moses_work/ros2_stuff/install/tritonai_roi_interface', 'merge_install': False, 'path': '/home/triton-ai/moses_work/ros2_stuff/tritonai_roi_interface', 'symlink_install': False, 'test_result_base': None}
[0.290s] INFO:colcon.colcon_core.executor:Executing jobs using 'parallel' executor
[0.291s] DEBUG:colcon.colcon_parallel_executor.executor.parallel:run_until_complete
[0.291s] INFO:colcon.colcon_ros.task.ament_cmake.build:Building ROS package in '/home/triton-ai/moses_work/ros2_stuff/tritonai_roi_interface' with build type 'ament_cmake'
[0.291s] INFO:colcon.colcon_cmake.task.cmake.build:Building CMake package in '/home/triton-ai/moses_work/ros2_stuff/tritonai_roi_interface'
[0.294s] INFO:colcon.colcon_core.plugin_system:Skipping extension 'colcon_core.shell.bat': Not used on non-Windows systems
[0.294s] INFO:colcon.colcon_core.shell:Skip shell extension 'powershell' for command environment: Not usable outside of PowerShell
[0.294s] DEBUG:colcon.colcon_core.shell:Skip shell extension 'dsv' for command environment
[0.299s] DEBUG:colcon.colcon_core.event_handler.log_command:Invoking command in '/home/triton-ai/moses_work/ros2_stuff/build/tritonai_roi_interface': CMAKE_PREFIX_PATH=/opt/ros/humble CONDA_PROMPT_MODIFIER=(base) /home/triton-ai/miniconda3/bin/cmake /home/triton-ai/moses_work/ros2_stuff/tritonai_roi_interface -DCMAKE_INSTALL_PREFIX=/home/triton-ai/moses_work/ros2_stuff/install/tritonai_roi_interface
[0.819s] DEBUG:colcon.colcon_core.event_handler.log_command:Invoked command in '/home/triton-ai/moses_work/ros2_stuff/build/tritonai_roi_interface' returned '0': CMAKE_PREFIX_PATH=/opt/ros/humble CONDA_PROMPT_MODIFIER=(base) /home/triton-ai/miniconda3/bin/cmake /home/triton-ai/moses_work/ros2_stuff/tritonai_roi_interface -DCMAKE_INSTALL_PREFIX=/home/triton-ai/moses_work/ros2_stuff/install/tritonai_roi_interface
[0.820s] DEBUG:colcon.colcon_core.event_handler.log_command:Invoking command in '/home/triton-ai/moses_work/ros2_stuff/build/tritonai_roi_interface': CMAKE_PREFIX_PATH=/opt/ros/humble CONDA_PROMPT_MODIFIER=(base) /home/triton-ai/miniconda3/bin/cmake --build /home/triton-ai/moses_work/ros2_stuff/build/tritonai_roi_interface -- -j12 -l12
[1.836s] DEBUG:colcon.colcon_core.event_handler.log_command:Invoked command in '/home/triton-ai/moses_work/ros2_stuff/build/tritonai_roi_interface' returned '0': CMAKE_PREFIX_PATH=/opt/ros/humble CONDA_PROMPT_MODIFIER=(base) /home/triton-ai/miniconda3/bin/cmake --build /home/triton-ai/moses_work/ros2_stuff/build/tritonai_roi_interface -- -j12 -l12
[1.898s] DEBUG:colcon.colcon_core.event_handler.log_command:Invoking command in '/home/triton-ai/moses_work/ros2_stuff/build/tritonai_roi_interface': CMAKE_PREFIX_PATH=/opt/ros/humble CONDA_PROMPT_MODIFIER=(base) /home/triton-ai/miniconda3/bin/cmake --install /home/triton-ai/moses_work/ros2_stuff/build/tritonai_roi_interface
[1.948s] Level 1:colcon.colcon_core.environment:create_environment_scripts_only(tritonai_roi_interface)
[1.949s] DEBUG:colcon.colcon_core.event_handler.log_command:Invoked command in '/home/triton-ai/moses_work/ros2_stuff/build/tritonai_roi_interface' returned '0': CMAKE_PREFIX_PATH=/opt/ros/humble CONDA_PROMPT_MODIFIER=(base) /home/triton-ai/miniconda3/bin/cmake --install /home/triton-ai/moses_work/ros2_stuff/build/tritonai_roi_interface
[1.951s] Level 1:colcon.colcon_core.environment:checking '/home/triton-ai/moses_work/ros2_stuff/install/tritonai_roi_interface' for CMake module files
[1.951s] Level 1:colcon.colcon_core.environment:checking '/home/triton-ai/moses_work/ros2_stuff/install/tritonai_roi_interface' for CMake config files
[1.951s] Level 1:colcon.colcon_core.shell:create_environment_hook('tritonai_roi_interface', 'cmake_prefix_path')
[1.952s] INFO:colcon.colcon_core.shell:Creating environment hook '/home/triton-ai/moses_work/ros2_stuff/install/tritonai_roi_interface/share/tritonai_roi_interface/hook/cmake_prefix_path.ps1'
[1.953s] INFO:colcon.colcon_core.shell:Creating environment descriptor '/home/triton-ai/moses_work/ros2_stuff/install/tritonai_roi_interface/share/tritonai_roi_interface/hook/cmake_prefix_path.dsv'
[1.953s] INFO:colcon.colcon_core.shell:Creating environment hook '/home/triton-ai/moses_work/ros2_stuff/install/tritonai_roi_interface/share/tritonai_roi_interface/hook/cmake_prefix_path.sh'
[1.953s] Level 1:colcon.colcon_core.environment:checking '/home/triton-ai/moses_work/ros2_stuff/install/tritonai_roi_interface/lib'
[1.953s] Level 1:colcon.colcon_core.shell:create_environment_hook('tritonai_roi_interface', 'ld_library_path_lib')
[1.954s] INFO:colcon.colcon_core.shell:Creating environment hook '/home/triton-ai/moses_work/ros2_stuff/install/tritonai_roi_interface/share/tritonai_roi_interface/hook/ld_library_path_lib.ps1'
[1.954s] INFO:colcon.colcon_core.shell:Creating environment descriptor '/home/triton-ai/moses_work/ros2_stuff/install/tritonai_roi_interface/share/tritonai_roi_interface/hook/ld_library_path_lib.dsv'
[1.954s] INFO:colcon.colcon_core.shell:Creating environment hook '/home/triton-ai/moses_work/ros2_stuff/install/tritonai_roi_interface/share/tritonai_roi_interface/hook/ld_library_path_lib.sh'
[1.955s] Level 1:colcon.colcon_core.environment:checking '/home/triton-ai/moses_work/ros2_stuff/install/tritonai_roi_interface/bin'
[1.955s] Level 1:colcon.colcon_core.environment:checking '/home/triton-ai/moses_work/ros2_stuff/install/tritonai_roi_interface/lib/pkgconfig/tritonai_roi_interface.pc'
[1.955s] Level 1:colcon.colcon_core.environment:checking '/home/triton-ai/moses_work/ros2_stuff/install/tritonai_roi_interface/lib/python3.10/site-packages'
[1.955s] Level 1:colcon.colcon_core.shell:create_environment_hook('tritonai_roi_interface', 'pythonpath')
[1.956s] INFO:colcon.colcon_core.shell:Creating environment hook '/home/triton-ai/moses_work/ros2_stuff/install/tritonai_roi_interface/share/tritonai_roi_interface/hook/pythonpath.ps1'
[1.956s] INFO:colcon.colcon_core.shell:Creating environment descriptor '/home/triton-ai/moses_work/ros2_stuff/install/tritonai_roi_interface/share/tritonai_roi_interface/hook/pythonpath.dsv'
[1.956s] INFO:colcon.colcon_core.shell:Creating environment hook '/home/triton-ai/moses_work/ros2_stuff/install/tritonai_roi_interface/share/tritonai_roi_interface/hook/pythonpath.sh'
[1.956s] Level 1:colcon.colcon_core.environment:checking '/home/triton-ai/moses_work/ros2_stuff/install/tritonai_roi_interface/bin'
[1.957s] INFO:colcon.colcon_core.shell:Creating package script '/home/triton-ai/moses_work/ros2_stuff/install/tritonai_roi_interface/share/tritonai_roi_interface/package.ps1'
[1.957s] INFO:colcon.colcon_core.shell:Creating package descriptor '/home/triton-ai/moses_work/ros2_stuff/install/tritonai_roi_interface/share/tritonai_roi_interface/package.dsv'
[1.958s] INFO:colcon.colcon_core.shell:Creating package script '/home/triton-ai/moses_work/ros2_stuff/install/tritonai_roi_interface/share/tritonai_roi_interface/package.sh'
[1.958s] INFO:colcon.colcon_core.shell:Creating package script '/home/triton-ai/moses_work/ros2_stuff/install/tritonai_roi_interface/share/tritonai_roi_interface/package.bash'
[1.958s] INFO:colcon.colcon_core.shell:Creating package script '/home/triton-ai/moses_work/ros2_stuff/install/tritonai_roi_interface/share/tritonai_roi_interface/package.zsh'
[1.959s] Level 1:colcon.colcon_core.environment:create_file_with_runtime_dependencies(/home/triton-ai/moses_work/ros2_stuff/install/tritonai_roi_interface/share/colcon-core/packages/tritonai_roi_interface)
[2.006s] Level 1:colcon.colcon_core.environment:create_environment_scripts_only(tritonai_roi_interface)
[2.007s] Level 1:colcon.colcon_core.environment:checking '/home/triton-ai/moses_work/ros2_stuff/install/tritonai_roi_interface' for CMake module files
[2.007s] Level 1:colcon.colcon_core.environment:checking '/home/triton-ai/moses_work/ros2_stuff/install/tritonai_roi_interface' for CMake config files
[2.007s] Level 1:colcon.colcon_core.shell:create_environment_hook('tritonai_roi_interface', 'cmake_prefix_path')
[2.008s] INFO:colcon.colcon_core.shell:Creating environment hook '/home/triton-ai/moses_work/ros2_stuff/install/tritonai_roi_interface/share/tritonai_roi_interface/hook/cmake_prefix_path.ps1'
[2.008s] INFO:colcon.colcon_core.shell:Creating environment descriptor '/home/triton-ai/moses_work/ros2_stuff/install/tritonai_roi_interface/share/tritonai_roi_interface/hook/cmake_prefix_path.dsv'
[2.008s] INFO:colcon.colcon_core.shell:Creating environment hook '/home/triton-ai/moses_work/ros2_stuff/install/tritonai_roi_interface/share/tritonai_roi_interface/hook/cmake_prefix_path.sh'
[2.008s] Level 1:colcon.colcon_core.environment:checking '/home/triton-ai/moses_work/ros2_stuff/install/tritonai_roi_interface/lib'
[2.008s] Level 1:colcon.colcon_core.shell:create_environment_hook('tritonai_roi_interface', 'ld_library_path_lib')
[2.009s] INFO:colcon.colcon_core.shell:Creating environment hook '/home/triton-ai/moses_work/ros2_stuff/install/tritonai_roi_interface/share/tritonai_roi_interface/hook/ld_library_path_lib.ps1'
[2.009s] INFO:colcon.colcon_core.shell:Creating environment descriptor '/home/triton-ai/moses_work/ros2_stuff/install/tritonai_roi_interface/share/tritonai_roi_interface/hook/ld_library_path_lib.dsv'
[2.009s] INFO:colcon.colcon_core.shell:Creating environment hook '/home/triton-ai/moses_work/ros2_stuff/install/tritonai_roi_interface/share/tritonai_roi_interface/hook/ld_library_path_lib.sh'
[2.010s] Level 1:colcon.colcon_core.environment:checking '/home/triton-ai/moses_work/ros2_stuff/install/tritonai_roi_interface/bin'
[2.010s] Level 1:colcon.colcon_core.environment:checking '/home/triton-ai/moses_work/ros2_stuff/install/tritonai_roi_interface/lib/pkgconfig/tritonai_roi_interface.pc'
[2.010s] Level 1:colcon.colcon_core.environment:checking '/home/triton-ai/moses_work/ros2_stuff/install/tritonai_roi_interface/lib/python3.10/site-packages'
[2.010s] Level 1:colcon.colcon_core.shell:create_environment_hook('tritonai_roi_interface', 'pythonpath')
[2.011s] INFO:colcon.colcon_core.shell:Creating environment hook '/home/triton-ai/moses_work/ros2_stuff/install/tritonai_roi_interface/share/tritonai_roi_interface/hook/pythonpath.ps1'
[2.011s] INFO:colcon.colcon_core.shell:Creating environment descriptor '/home/triton-ai/moses_work/ros2_stuff/install/tritonai_roi_interface/share/tritonai_roi_interface/hook/pythonpath.dsv'
[2.011s] INFO:colcon.colcon_core.shell:Creating environment hook '/home/triton-ai/moses_work/ros2_stuff/install/tritonai_roi_interface/share/tritonai_roi_interface/hook/pythonpath.sh'
[2.012s] Level 1:colcon.colcon_core.environment:checking '/home/triton-ai/moses_work/ros2_stuff/install/tritonai_roi_interface/bin'
[2.012s] INFO:colcon.colcon_core.shell:Creating package script '/home/triton-ai/moses_work/ros2_stuff/install/tritonai_roi_interface/share/tritonai_roi_interface/package.ps1'
[2.013s] INFO:colcon.colcon_core.shell:Creating package descriptor '/home/triton-ai/moses_work/ros2_stuff/install/tritonai_roi_interface/share/tritonai_roi_interface/package.dsv'
[2.013s] INFO:colcon.colcon_core.shell:Creating package script '/home/triton-ai/moses_work/ros2_stuff/install/tritonai_roi_interface/share/tritonai_roi_interface/package.sh'
[2.013s] INFO:colcon.colcon_core.shell:Creating package script '/home/triton-ai/moses_work/ros2_stuff/install/tritonai_roi_interface/share/tritonai_roi_interface/package.bash'
[2.013s] INFO:colcon.colcon_core.shell:Creating package script '/home/triton-ai/moses_work/ros2_stuff/install/tritonai_roi_interface/share/tritonai_roi_interface/package.zsh'
[2.014s] Level 1:colcon.colcon_core.environment:create_file_with_runtime_dependencies(/home/triton-ai/moses_work/ros2_stuff/install/tritonai_roi_interface/share/colcon-core/packages/tritonai_roi_interface)
[2.014s] DEBUG:colcon.colcon_parallel_executor.executor.parallel:closing loop
[2.014s] DEBUG:colcon.colcon_parallel_executor.executor.parallel:loop closed
[2.014s] DEBUG:colcon.colcon_parallel_executor.executor.parallel:run_until_complete finished with '0'
[2.014s] DEBUG:colcon.colcon_core.event_reactor:joining thread
[2.017s] INFO:colcon.colcon_core.plugin_system:Skipping extension 'colcon_notification.desktop_notification.terminal_notifier': Not used on non-Darwin systems
[2.017s] INFO:colcon.colcon_core.plugin_system:Skipping extension 'colcon_notification.desktop_notification.win32': Not used on non-Windows systems
[2.017s] INFO:colcon.colcon_notification.desktop_notification:Sending desktop notification using 'notify2'
[2.024s] DEBUG:colcon.colcon_core.event_reactor:joined thread
[2.025s] INFO:colcon.colcon_core.shell:Creating prefix script '/home/triton-ai/moses_work/ros2_stuff/install/local_setup.ps1'
[2.025s] INFO:colcon.colcon_core.shell:Creating prefix util module '/home/triton-ai/moses_work/ros2_stuff/install/_local_setup_util_ps1.py'
[2.026s] INFO:colcon.colcon_core.shell:Creating prefix chain script '/home/triton-ai/moses_work/ros2_stuff/install/setup.ps1'
[2.027s] INFO:colcon.colcon_core.shell:Creating prefix script '/home/triton-ai/moses_work/ros2_stuff/install/local_setup.sh'
[2.027s] INFO:colcon.colcon_core.shell:Creating prefix util module '/home/triton-ai/moses_work/ros2_stuff/install/_local_setup_util_sh.py'
[2.027s] INFO:colcon.colcon_core.shell:Creating prefix chain script '/home/triton-ai/moses_work/ros2_stuff/install/setup.sh'
[2.028s] INFO:colcon.colcon_core.shell:Creating prefix script '/home/triton-ai/moses_work/ros2_stuff/install/local_setup.bash'
[2.028s] INFO:colcon.colcon_core.shell:Creating prefix chain script '/home/triton-ai/moses_work/ros2_stuff/install/setup.bash'
[2.029s] INFO:colcon.colcon_core.shell:Creating prefix script '/home/triton-ai/moses_work/ros2_stuff/install/local_setup.zsh'
[2.029s] INFO:colcon.colcon_core.shell:Creating prefix chain script '/home/triton-ai/moses_work/ros2_stuff/install/setup.zsh'
